ARM GAS  C:\Users\carlos\AppData\Local\Temp\ccrltvyC.s 			page 1


   1              		.cpu cortex-m33
   2              		.eabi_attribute 27, 1
   3              		.eabi_attribute 28, 1
   4              		.eabi_attribute 20, 1
   5              		.eabi_attribute 21, 1
   6              		.eabi_attribute 23, 3
   7              		.eabi_attribute 24, 1
   8              		.eabi_attribute 25, 1
   9              		.eabi_attribute 26, 1
  10              		.eabi_attribute 30, 1
  11              		.eabi_attribute 34, 1
  12              		.eabi_attribute 18, 4
  13              		.file	"stm32l5xx_hal_pcd_ex.c"
  14              		.text
  15              	.Ltext0:
  16              		.cfi_sections	.debug_frame
  17              		.section	.text.HAL_PCDEx_PMAConfig,"ax",%progbits
  18              		.align	1
  19              		.global	HAL_PCDEx_PMAConfig
  20              		.arch armv8-m.main
  21              		.arch_extension dsp
  22              		.syntax unified
  23              		.thumb
  24              		.thumb_func
  25              		.fpu fpv4-sp-d16
  27              	HAL_PCDEx_PMAConfig:
  28              	.LVL0:
  29              	.LFB202:
  30              		.file 1 "../../Drivers/STM32L5xx_HAL_Driver/Src/stm32l5xx_hal_pcd_ex.c"
   1:../../Drivers/STM32L5xx_HAL_Driver/Src/stm32l5xx_hal_pcd_ex.c **** /**
   2:../../Drivers/STM32L5xx_HAL_Driver/Src/stm32l5xx_hal_pcd_ex.c ****   ******************************************************************************
   3:../../Drivers/STM32L5xx_HAL_Driver/Src/stm32l5xx_hal_pcd_ex.c ****   * @file    stm32l5xx_hal_pcd_ex.c
   4:../../Drivers/STM32L5xx_HAL_Driver/Src/stm32l5xx_hal_pcd_ex.c ****   * @author  MCD Application Team
   5:../../Drivers/STM32L5xx_HAL_Driver/Src/stm32l5xx_hal_pcd_ex.c ****   * @brief   PCD Extended HAL module driver.
   6:../../Drivers/STM32L5xx_HAL_Driver/Src/stm32l5xx_hal_pcd_ex.c ****   *          This file provides firmware functions to manage the following
   7:../../Drivers/STM32L5xx_HAL_Driver/Src/stm32l5xx_hal_pcd_ex.c ****   *          functionalities of the USB Peripheral Controller:
   8:../../Drivers/STM32L5xx_HAL_Driver/Src/stm32l5xx_hal_pcd_ex.c ****   *           + Extended features functions
   9:../../Drivers/STM32L5xx_HAL_Driver/Src/stm32l5xx_hal_pcd_ex.c ****   *
  10:../../Drivers/STM32L5xx_HAL_Driver/Src/stm32l5xx_hal_pcd_ex.c ****   ******************************************************************************
  11:../../Drivers/STM32L5xx_HAL_Driver/Src/stm32l5xx_hal_pcd_ex.c ****   * @attention
  12:../../Drivers/STM32L5xx_HAL_Driver/Src/stm32l5xx_hal_pcd_ex.c ****   *
  13:../../Drivers/STM32L5xx_HAL_Driver/Src/stm32l5xx_hal_pcd_ex.c ****   * Copyright (c) 2019 STMicroelectronics.
  14:../../Drivers/STM32L5xx_HAL_Driver/Src/stm32l5xx_hal_pcd_ex.c ****   * All rights reserved.
  15:../../Drivers/STM32L5xx_HAL_Driver/Src/stm32l5xx_hal_pcd_ex.c ****   *
  16:../../Drivers/STM32L5xx_HAL_Driver/Src/stm32l5xx_hal_pcd_ex.c ****   * This software is licensed under terms that can be found in the LICENSE file
  17:../../Drivers/STM32L5xx_HAL_Driver/Src/stm32l5xx_hal_pcd_ex.c ****   * in the root directory of this software component.
  18:../../Drivers/STM32L5xx_HAL_Driver/Src/stm32l5xx_hal_pcd_ex.c ****   * If no LICENSE file comes with this software, it is provided AS-IS.
  19:../../Drivers/STM32L5xx_HAL_Driver/Src/stm32l5xx_hal_pcd_ex.c ****   *
  20:../../Drivers/STM32L5xx_HAL_Driver/Src/stm32l5xx_hal_pcd_ex.c ****   ******************************************************************************
  21:../../Drivers/STM32L5xx_HAL_Driver/Src/stm32l5xx_hal_pcd_ex.c ****   */
  22:../../Drivers/STM32L5xx_HAL_Driver/Src/stm32l5xx_hal_pcd_ex.c **** 
  23:../../Drivers/STM32L5xx_HAL_Driver/Src/stm32l5xx_hal_pcd_ex.c **** /* Includes ------------------------------------------------------------------*/
  24:../../Drivers/STM32L5xx_HAL_Driver/Src/stm32l5xx_hal_pcd_ex.c **** #include "stm32l5xx_hal.h"
  25:../../Drivers/STM32L5xx_HAL_Driver/Src/stm32l5xx_hal_pcd_ex.c **** 
  26:../../Drivers/STM32L5xx_HAL_Driver/Src/stm32l5xx_hal_pcd_ex.c **** /** @addtogroup STM32L5xx_HAL_Driver
  27:../../Drivers/STM32L5xx_HAL_Driver/Src/stm32l5xx_hal_pcd_ex.c ****   * @{
  28:../../Drivers/STM32L5xx_HAL_Driver/Src/stm32l5xx_hal_pcd_ex.c ****   */
ARM GAS  C:\Users\carlos\AppData\Local\Temp\ccrltvyC.s 			page 2


  29:../../Drivers/STM32L5xx_HAL_Driver/Src/stm32l5xx_hal_pcd_ex.c **** 
  30:../../Drivers/STM32L5xx_HAL_Driver/Src/stm32l5xx_hal_pcd_ex.c **** /** @defgroup PCDEx PCDEx
  31:../../Drivers/STM32L5xx_HAL_Driver/Src/stm32l5xx_hal_pcd_ex.c ****   * @brief PCD Extended HAL module driver
  32:../../Drivers/STM32L5xx_HAL_Driver/Src/stm32l5xx_hal_pcd_ex.c ****   * @{
  33:../../Drivers/STM32L5xx_HAL_Driver/Src/stm32l5xx_hal_pcd_ex.c ****   */
  34:../../Drivers/STM32L5xx_HAL_Driver/Src/stm32l5xx_hal_pcd_ex.c **** 
  35:../../Drivers/STM32L5xx_HAL_Driver/Src/stm32l5xx_hal_pcd_ex.c **** #ifdef HAL_PCD_MODULE_ENABLED
  36:../../Drivers/STM32L5xx_HAL_Driver/Src/stm32l5xx_hal_pcd_ex.c **** 
  37:../../Drivers/STM32L5xx_HAL_Driver/Src/stm32l5xx_hal_pcd_ex.c **** #if defined (USB)
  38:../../Drivers/STM32L5xx_HAL_Driver/Src/stm32l5xx_hal_pcd_ex.c **** /* Private types -------------------------------------------------------------*/
  39:../../Drivers/STM32L5xx_HAL_Driver/Src/stm32l5xx_hal_pcd_ex.c **** /* Private variables ---------------------------------------------------------*/
  40:../../Drivers/STM32L5xx_HAL_Driver/Src/stm32l5xx_hal_pcd_ex.c **** /* Private constants ---------------------------------------------------------*/
  41:../../Drivers/STM32L5xx_HAL_Driver/Src/stm32l5xx_hal_pcd_ex.c **** /* Private macros ------------------------------------------------------------*/
  42:../../Drivers/STM32L5xx_HAL_Driver/Src/stm32l5xx_hal_pcd_ex.c **** /* Private functions ---------------------------------------------------------*/
  43:../../Drivers/STM32L5xx_HAL_Driver/Src/stm32l5xx_hal_pcd_ex.c **** /* Exported functions --------------------------------------------------------*/
  44:../../Drivers/STM32L5xx_HAL_Driver/Src/stm32l5xx_hal_pcd_ex.c **** 
  45:../../Drivers/STM32L5xx_HAL_Driver/Src/stm32l5xx_hal_pcd_ex.c **** /** @defgroup PCDEx_Exported_Functions PCDEx Exported Functions
  46:../../Drivers/STM32L5xx_HAL_Driver/Src/stm32l5xx_hal_pcd_ex.c ****   * @{
  47:../../Drivers/STM32L5xx_HAL_Driver/Src/stm32l5xx_hal_pcd_ex.c ****   */
  48:../../Drivers/STM32L5xx_HAL_Driver/Src/stm32l5xx_hal_pcd_ex.c **** 
  49:../../Drivers/STM32L5xx_HAL_Driver/Src/stm32l5xx_hal_pcd_ex.c **** /** @defgroup PCDEx_Exported_Functions_Group1 Peripheral Control functions
  50:../../Drivers/STM32L5xx_HAL_Driver/Src/stm32l5xx_hal_pcd_ex.c ****   * @brief    PCDEx control functions
  51:../../Drivers/STM32L5xx_HAL_Driver/Src/stm32l5xx_hal_pcd_ex.c ****   *
  52:../../Drivers/STM32L5xx_HAL_Driver/Src/stm32l5xx_hal_pcd_ex.c **** @verbatim
  53:../../Drivers/STM32L5xx_HAL_Driver/Src/stm32l5xx_hal_pcd_ex.c ****  ===============================================================================
  54:../../Drivers/STM32L5xx_HAL_Driver/Src/stm32l5xx_hal_pcd_ex.c ****                  ##### Extended features functions #####
  55:../../Drivers/STM32L5xx_HAL_Driver/Src/stm32l5xx_hal_pcd_ex.c ****  ===============================================================================
  56:../../Drivers/STM32L5xx_HAL_Driver/Src/stm32l5xx_hal_pcd_ex.c ****     [..]  This section provides functions allowing to:
  57:../../Drivers/STM32L5xx_HAL_Driver/Src/stm32l5xx_hal_pcd_ex.c ****       (+) Update FIFO configuration
  58:../../Drivers/STM32L5xx_HAL_Driver/Src/stm32l5xx_hal_pcd_ex.c **** 
  59:../../Drivers/STM32L5xx_HAL_Driver/Src/stm32l5xx_hal_pcd_ex.c **** @endverbatim
  60:../../Drivers/STM32L5xx_HAL_Driver/Src/stm32l5xx_hal_pcd_ex.c ****   * @{
  61:../../Drivers/STM32L5xx_HAL_Driver/Src/stm32l5xx_hal_pcd_ex.c ****   */
  62:../../Drivers/STM32L5xx_HAL_Driver/Src/stm32l5xx_hal_pcd_ex.c **** 
  63:../../Drivers/STM32L5xx_HAL_Driver/Src/stm32l5xx_hal_pcd_ex.c **** /**
  64:../../Drivers/STM32L5xx_HAL_Driver/Src/stm32l5xx_hal_pcd_ex.c ****   * @brief  Configure PMA for EP
  65:../../Drivers/STM32L5xx_HAL_Driver/Src/stm32l5xx_hal_pcd_ex.c ****   * @param  hpcd  Device instance
  66:../../Drivers/STM32L5xx_HAL_Driver/Src/stm32l5xx_hal_pcd_ex.c ****   * @param  ep_addr endpoint address
  67:../../Drivers/STM32L5xx_HAL_Driver/Src/stm32l5xx_hal_pcd_ex.c ****   * @param  ep_kind endpoint Kind
  68:../../Drivers/STM32L5xx_HAL_Driver/Src/stm32l5xx_hal_pcd_ex.c ****   *                  USB_SNG_BUF: Single Buffer used
  69:../../Drivers/STM32L5xx_HAL_Driver/Src/stm32l5xx_hal_pcd_ex.c ****   *                  USB_DBL_BUF: Double Buffer used
  70:../../Drivers/STM32L5xx_HAL_Driver/Src/stm32l5xx_hal_pcd_ex.c ****   * @param  pmaadress: EP address in The PMA: In case of single buffer endpoint
  71:../../Drivers/STM32L5xx_HAL_Driver/Src/stm32l5xx_hal_pcd_ex.c ****   *                   this parameter is 16-bit value providing the address
  72:../../Drivers/STM32L5xx_HAL_Driver/Src/stm32l5xx_hal_pcd_ex.c ****   *                   in PMA allocated to endpoint.
  73:../../Drivers/STM32L5xx_HAL_Driver/Src/stm32l5xx_hal_pcd_ex.c ****   *                   In case of double buffer endpoint this parameter
  74:../../Drivers/STM32L5xx_HAL_Driver/Src/stm32l5xx_hal_pcd_ex.c ****   *                   is a 32-bit value providing the endpoint buffer 0 address
  75:../../Drivers/STM32L5xx_HAL_Driver/Src/stm32l5xx_hal_pcd_ex.c ****   *                   in the LSB part of 32-bit value and endpoint buffer 1 address
  76:../../Drivers/STM32L5xx_HAL_Driver/Src/stm32l5xx_hal_pcd_ex.c ****   *                   in the MSB part of 32-bit value.
  77:../../Drivers/STM32L5xx_HAL_Driver/Src/stm32l5xx_hal_pcd_ex.c ****   * @retval HAL status
  78:../../Drivers/STM32L5xx_HAL_Driver/Src/stm32l5xx_hal_pcd_ex.c ****   */
  79:../../Drivers/STM32L5xx_HAL_Driver/Src/stm32l5xx_hal_pcd_ex.c **** 
  80:../../Drivers/STM32L5xx_HAL_Driver/Src/stm32l5xx_hal_pcd_ex.c **** HAL_StatusTypeDef  HAL_PCDEx_PMAConfig(PCD_HandleTypeDef *hpcd, uint16_t ep_addr,
  81:../../Drivers/STM32L5xx_HAL_Driver/Src/stm32l5xx_hal_pcd_ex.c ****                                        uint16_t ep_kind, uint32_t pmaadress)
  82:../../Drivers/STM32L5xx_HAL_Driver/Src/stm32l5xx_hal_pcd_ex.c **** {
  31              		.loc 1 82 1 view -0
  32              		.cfi_startproc
  33              		@ args = 0, pretend = 0, frame = 0
ARM GAS  C:\Users\carlos\AppData\Local\Temp\ccrltvyC.s 			page 3


  34              		@ frame_needed = 0, uses_anonymous_args = 0
  35              		@ link register save eliminated.
  83:../../Drivers/STM32L5xx_HAL_Driver/Src/stm32l5xx_hal_pcd_ex.c ****   PCD_EPTypeDef *ep;
  36              		.loc 1 83 3 view .LVU1
  84:../../Drivers/STM32L5xx_HAL_Driver/Src/stm32l5xx_hal_pcd_ex.c **** 
  85:../../Drivers/STM32L5xx_HAL_Driver/Src/stm32l5xx_hal_pcd_ex.c ****   /* initialize ep structure*/
  86:../../Drivers/STM32L5xx_HAL_Driver/Src/stm32l5xx_hal_pcd_ex.c ****   if ((0x80U & ep_addr) == 0x80U)
  37              		.loc 1 86 3 view .LVU2
  38              		.loc 1 86 6 is_stmt 0 view .LVU3
  39 0000 11F0800F 		tst	r1, #128
  40 0004 0BD0     		beq	.L2
  87:../../Drivers/STM32L5xx_HAL_Driver/Src/stm32l5xx_hal_pcd_ex.c ****   {
  88:../../Drivers/STM32L5xx_HAL_Driver/Src/stm32l5xx_hal_pcd_ex.c ****     ep = &hpcd->IN_ep[ep_addr & EP_ADDR_MSK];
  41              		.loc 1 88 5 is_stmt 1 view .LVU4
  42              		.loc 1 88 31 is_stmt 0 view .LVU5
  43 0006 01F00701 		and	r1, r1, #7
  44              	.LVL1:
  45              		.loc 1 88 8 view .LVU6
  46 000a 01EB8101 		add	r1, r1, r1, lsl #2
  47 000e C900     		lsls	r1, r1, #3
  48 0010 1031     		adds	r1, r1, #16
  49 0012 0144     		add	r1, r1, r0
  50              	.LVL2:
  51              	.L3:
  89:../../Drivers/STM32L5xx_HAL_Driver/Src/stm32l5xx_hal_pcd_ex.c ****   }
  90:../../Drivers/STM32L5xx_HAL_Driver/Src/stm32l5xx_hal_pcd_ex.c ****   else
  91:../../Drivers/STM32L5xx_HAL_Driver/Src/stm32l5xx_hal_pcd_ex.c ****   {
  92:../../Drivers/STM32L5xx_HAL_Driver/Src/stm32l5xx_hal_pcd_ex.c ****     ep = &hpcd->OUT_ep[ep_addr];
  93:../../Drivers/STM32L5xx_HAL_Driver/Src/stm32l5xx_hal_pcd_ex.c ****   }
  94:../../Drivers/STM32L5xx_HAL_Driver/Src/stm32l5xx_hal_pcd_ex.c **** 
  95:../../Drivers/STM32L5xx_HAL_Driver/Src/stm32l5xx_hal_pcd_ex.c ****   /* Here we check if the endpoint is single or double Buffer*/
  96:../../Drivers/STM32L5xx_HAL_Driver/Src/stm32l5xx_hal_pcd_ex.c ****   if (ep_kind == PCD_SNG_BUF)
  52              		.loc 1 96 3 is_stmt 1 view .LVU7
  53              		.loc 1 96 6 is_stmt 0 view .LVU8
  54 0014 52B9     		cbnz	r2, .L4
  97:../../Drivers/STM32L5xx_HAL_Driver/Src/stm32l5xx_hal_pcd_ex.c ****   {
  98:../../Drivers/STM32L5xx_HAL_Driver/Src/stm32l5xx_hal_pcd_ex.c ****     /* Single Buffer */
  99:../../Drivers/STM32L5xx_HAL_Driver/Src/stm32l5xx_hal_pcd_ex.c ****     ep->doublebuffer = 0U;
  55              		.loc 1 99 5 is_stmt 1 view .LVU9
  56              		.loc 1 99 22 is_stmt 0 view .LVU10
  57 0016 0A73     		strb	r2, [r1, #12]
 100:../../Drivers/STM32L5xx_HAL_Driver/Src/stm32l5xx_hal_pcd_ex.c ****     /* Configure the PMA */
 101:../../Drivers/STM32L5xx_HAL_Driver/Src/stm32l5xx_hal_pcd_ex.c ****     ep->pmaadress = (uint16_t)pmaadress;
  58              		.loc 1 101 5 is_stmt 1 view .LVU11
  59              		.loc 1 101 19 is_stmt 0 view .LVU12
  60 0018 CB80     		strh	r3, [r1, #6]	@ movhi
  61              	.LVL3:
  62              	.L5:
 102:../../Drivers/STM32L5xx_HAL_Driver/Src/stm32l5xx_hal_pcd_ex.c ****   }
 103:../../Drivers/STM32L5xx_HAL_Driver/Src/stm32l5xx_hal_pcd_ex.c **** #if (USE_USB_DOUBLE_BUFFER == 1U)
 104:../../Drivers/STM32L5xx_HAL_Driver/Src/stm32l5xx_hal_pcd_ex.c ****   else /* USB_DBL_BUF */
 105:../../Drivers/STM32L5xx_HAL_Driver/Src/stm32l5xx_hal_pcd_ex.c ****   {
 106:../../Drivers/STM32L5xx_HAL_Driver/Src/stm32l5xx_hal_pcd_ex.c ****     /* Double Buffer Endpoint */
 107:../../Drivers/STM32L5xx_HAL_Driver/Src/stm32l5xx_hal_pcd_ex.c ****     ep->doublebuffer = 1U;
 108:../../Drivers/STM32L5xx_HAL_Driver/Src/stm32l5xx_hal_pcd_ex.c ****     /* Configure the PMA */
 109:../../Drivers/STM32L5xx_HAL_Driver/Src/stm32l5xx_hal_pcd_ex.c ****     ep->pmaaddr0 = (uint16_t)(pmaadress & 0xFFFFU);
 110:../../Drivers/STM32L5xx_HAL_Driver/Src/stm32l5xx_hal_pcd_ex.c ****     ep->pmaaddr1 = (uint16_t)((pmaadress & 0xFFFF0000U) >> 16);
ARM GAS  C:\Users\carlos\AppData\Local\Temp\ccrltvyC.s 			page 4


 111:../../Drivers/STM32L5xx_HAL_Driver/Src/stm32l5xx_hal_pcd_ex.c ****   }
 112:../../Drivers/STM32L5xx_HAL_Driver/Src/stm32l5xx_hal_pcd_ex.c **** #endif /* (USE_USB_DOUBLE_BUFFER == 1U) */
 113:../../Drivers/STM32L5xx_HAL_Driver/Src/stm32l5xx_hal_pcd_ex.c **** 
 114:../../Drivers/STM32L5xx_HAL_Driver/Src/stm32l5xx_hal_pcd_ex.c ****   return HAL_OK;
  63              		.loc 1 114 3 is_stmt 1 view .LVU13
 115:../../Drivers/STM32L5xx_HAL_Driver/Src/stm32l5xx_hal_pcd_ex.c **** }
  64              		.loc 1 115 1 is_stmt 0 view .LVU14
  65 001a 0020     		movs	r0, #0
  66              	.LVL4:
  67              		.loc 1 115 1 view .LVU15
  68 001c 7047     		bx	lr
  69              	.LVL5:
  70              	.L2:
  92:../../Drivers/STM32L5xx_HAL_Driver/Src/stm32l5xx_hal_pcd_ex.c ****   }
  71              		.loc 1 92 5 is_stmt 1 view .LVU16
  92:../../Drivers/STM32L5xx_HAL_Driver/Src/stm32l5xx_hal_pcd_ex.c ****   }
  72              		.loc 1 92 8 is_stmt 0 view .LVU17
  73 001e 01EB8101 		add	r1, r1, r1, lsl #2
  74              	.LVL6:
  92:../../Drivers/STM32L5xx_HAL_Driver/Src/stm32l5xx_hal_pcd_ex.c ****   }
  75              		.loc 1 92 8 view .LVU18
  76 0022 C900     		lsls	r1, r1, #3
  77 0024 01F5A871 		add	r1, r1, #336
  78 0028 0144     		add	r1, r1, r0
  79              	.LVL7:
  92:../../Drivers/STM32L5xx_HAL_Driver/Src/stm32l5xx_hal_pcd_ex.c ****   }
  80              		.loc 1 92 8 view .LVU19
  81 002a F3E7     		b	.L3
  82              	.L4:
 107:../../Drivers/STM32L5xx_HAL_Driver/Src/stm32l5xx_hal_pcd_ex.c ****     /* Configure the PMA */
  83              		.loc 1 107 5 is_stmt 1 view .LVU20
 107:../../Drivers/STM32L5xx_HAL_Driver/Src/stm32l5xx_hal_pcd_ex.c ****     /* Configure the PMA */
  84              		.loc 1 107 22 is_stmt 0 view .LVU21
  85 002c 0122     		movs	r2, #1
  86              	.LVL8:
 107:../../Drivers/STM32L5xx_HAL_Driver/Src/stm32l5xx_hal_pcd_ex.c ****     /* Configure the PMA */
  87              		.loc 1 107 22 view .LVU22
  88 002e 0A73     		strb	r2, [r1, #12]
 109:../../Drivers/STM32L5xx_HAL_Driver/Src/stm32l5xx_hal_pcd_ex.c ****     ep->pmaaddr1 = (uint16_t)((pmaadress & 0xFFFF0000U) >> 16);
  89              		.loc 1 109 5 is_stmt 1 view .LVU23
 109:../../Drivers/STM32L5xx_HAL_Driver/Src/stm32l5xx_hal_pcd_ex.c ****     ep->pmaaddr1 = (uint16_t)((pmaadress & 0xFFFF0000U) >> 16);
  90              		.loc 1 109 18 is_stmt 0 view .LVU24
  91 0030 0B81     		strh	r3, [r1, #8]	@ movhi
 110:../../Drivers/STM32L5xx_HAL_Driver/Src/stm32l5xx_hal_pcd_ex.c ****   }
  92              		.loc 1 110 5 is_stmt 1 view .LVU25
 110:../../Drivers/STM32L5xx_HAL_Driver/Src/stm32l5xx_hal_pcd_ex.c ****   }
  93              		.loc 1 110 20 is_stmt 0 view .LVU26
  94 0032 1B0C     		lsrs	r3, r3, #16
  95              	.LVL9:
 110:../../Drivers/STM32L5xx_HAL_Driver/Src/stm32l5xx_hal_pcd_ex.c ****   }
  96              		.loc 1 110 18 view .LVU27
  97 0034 4B81     		strh	r3, [r1, #10]	@ movhi
  98 0036 F0E7     		b	.L5
  99              		.cfi_endproc
 100              	.LFE202:
 102              		.section	.text.HAL_PCDEx_ActivateBCD,"ax",%progbits
 103              		.align	1
ARM GAS  C:\Users\carlos\AppData\Local\Temp\ccrltvyC.s 			page 5


 104              		.global	HAL_PCDEx_ActivateBCD
 105              		.syntax unified
 106              		.thumb
 107              		.thumb_func
 108              		.fpu fpv4-sp-d16
 110              	HAL_PCDEx_ActivateBCD:
 111              	.LVL10:
 112              	.LFB203:
 116:../../Drivers/STM32L5xx_HAL_Driver/Src/stm32l5xx_hal_pcd_ex.c **** 
 117:../../Drivers/STM32L5xx_HAL_Driver/Src/stm32l5xx_hal_pcd_ex.c **** /**
 118:../../Drivers/STM32L5xx_HAL_Driver/Src/stm32l5xx_hal_pcd_ex.c ****   * @brief  Activate BatteryCharging feature.
 119:../../Drivers/STM32L5xx_HAL_Driver/Src/stm32l5xx_hal_pcd_ex.c ****   * @param  hpcd PCD handle
 120:../../Drivers/STM32L5xx_HAL_Driver/Src/stm32l5xx_hal_pcd_ex.c ****   * @retval HAL status
 121:../../Drivers/STM32L5xx_HAL_Driver/Src/stm32l5xx_hal_pcd_ex.c ****   */
 122:../../Drivers/STM32L5xx_HAL_Driver/Src/stm32l5xx_hal_pcd_ex.c **** HAL_StatusTypeDef HAL_PCDEx_ActivateBCD(PCD_HandleTypeDef *hpcd)
 123:../../Drivers/STM32L5xx_HAL_Driver/Src/stm32l5xx_hal_pcd_ex.c **** {
 113              		.loc 1 123 1 is_stmt 1 view -0
 114              		.cfi_startproc
 115              		@ args = 0, pretend = 0, frame = 0
 116              		@ frame_needed = 0, uses_anonymous_args = 0
 117              		@ link register save eliminated.
 124:../../Drivers/STM32L5xx_HAL_Driver/Src/stm32l5xx_hal_pcd_ex.c ****   USB_TypeDef *USBx = hpcd->Instance;
 118              		.loc 1 124 3 view .LVU29
 119              		.loc 1 124 16 is_stmt 0 view .LVU30
 120 0000 0368     		ldr	r3, [r0]
 121              	.LVL11:
 125:../../Drivers/STM32L5xx_HAL_Driver/Src/stm32l5xx_hal_pcd_ex.c ****   hpcd->battery_charging_active = 1U;
 122              		.loc 1 125 3 is_stmt 1 view .LVU31
 123              		.loc 1 125 33 is_stmt 0 view .LVU32
 124 0002 0122     		movs	r2, #1
 125 0004 C0F8D422 		str	r2, [r0, #724]
 126:../../Drivers/STM32L5xx_HAL_Driver/Src/stm32l5xx_hal_pcd_ex.c **** 
 127:../../Drivers/STM32L5xx_HAL_Driver/Src/stm32l5xx_hal_pcd_ex.c ****   /* Enable BCD feature */
 128:../../Drivers/STM32L5xx_HAL_Driver/Src/stm32l5xx_hal_pcd_ex.c ****   USBx->BCDR |= USB_BCDR_BCDEN;
 126              		.loc 1 128 3 is_stmt 1 view .LVU33
 127              		.loc 1 128 14 is_stmt 0 view .LVU34
 128 0008 B3F85820 		ldrh	r2, [r3, #88]
 129 000c 92B2     		uxth	r2, r2
 130 000e 42F00102 		orr	r2, r2, #1
 131 0012 A3F85820 		strh	r2, [r3, #88]	@ movhi
 129:../../Drivers/STM32L5xx_HAL_Driver/Src/stm32l5xx_hal_pcd_ex.c **** 
 130:../../Drivers/STM32L5xx_HAL_Driver/Src/stm32l5xx_hal_pcd_ex.c ****   /* Enable DCD : Data Contact Detect */
 131:../../Drivers/STM32L5xx_HAL_Driver/Src/stm32l5xx_hal_pcd_ex.c ****   USBx->BCDR &= ~(USB_BCDR_PDEN);
 132              		.loc 1 131 3 is_stmt 1 view .LVU35
 133              		.loc 1 131 14 is_stmt 0 view .LVU36
 134 0016 B3F85820 		ldrh	r2, [r3, #88]
 135 001a 92B2     		uxth	r2, r2
 136 001c 22F00402 		bic	r2, r2, #4
 137 0020 92B2     		uxth	r2, r2
 138 0022 A3F85820 		strh	r2, [r3, #88]	@ movhi
 132:../../Drivers/STM32L5xx_HAL_Driver/Src/stm32l5xx_hal_pcd_ex.c ****   USBx->BCDR &= ~(USB_BCDR_SDEN);
 139              		.loc 1 132 3 is_stmt 1 view .LVU37
 140              		.loc 1 132 14 is_stmt 0 view .LVU38
 141 0026 B3F85820 		ldrh	r2, [r3, #88]
 142 002a 92B2     		uxth	r2, r2
 143 002c 22F00802 		bic	r2, r2, #8
 144 0030 92B2     		uxth	r2, r2
ARM GAS  C:\Users\carlos\AppData\Local\Temp\ccrltvyC.s 			page 6


 145 0032 A3F85820 		strh	r2, [r3, #88]	@ movhi
 133:../../Drivers/STM32L5xx_HAL_Driver/Src/stm32l5xx_hal_pcd_ex.c ****   USBx->BCDR |= USB_BCDR_DCDEN;
 146              		.loc 1 133 3 is_stmt 1 view .LVU39
 147              		.loc 1 133 14 is_stmt 0 view .LVU40
 148 0036 B3F85820 		ldrh	r2, [r3, #88]
 149 003a 92B2     		uxth	r2, r2
 150 003c 42F00202 		orr	r2, r2, #2
 151 0040 A3F85820 		strh	r2, [r3, #88]	@ movhi
 134:../../Drivers/STM32L5xx_HAL_Driver/Src/stm32l5xx_hal_pcd_ex.c **** 
 135:../../Drivers/STM32L5xx_HAL_Driver/Src/stm32l5xx_hal_pcd_ex.c ****   return HAL_OK;
 152              		.loc 1 135 3 is_stmt 1 view .LVU41
 136:../../Drivers/STM32L5xx_HAL_Driver/Src/stm32l5xx_hal_pcd_ex.c **** }
 153              		.loc 1 136 1 is_stmt 0 view .LVU42
 154 0044 0020     		movs	r0, #0
 155              	.LVL12:
 156              		.loc 1 136 1 view .LVU43
 157 0046 7047     		bx	lr
 158              		.cfi_endproc
 159              	.LFE203:
 161              		.section	.text.HAL_PCDEx_DeActivateBCD,"ax",%progbits
 162              		.align	1
 163              		.global	HAL_PCDEx_DeActivateBCD
 164              		.syntax unified
 165              		.thumb
 166              		.thumb_func
 167              		.fpu fpv4-sp-d16
 169              	HAL_PCDEx_DeActivateBCD:
 170              	.LVL13:
 171              	.LFB204:
 137:../../Drivers/STM32L5xx_HAL_Driver/Src/stm32l5xx_hal_pcd_ex.c **** 
 138:../../Drivers/STM32L5xx_HAL_Driver/Src/stm32l5xx_hal_pcd_ex.c **** /**
 139:../../Drivers/STM32L5xx_HAL_Driver/Src/stm32l5xx_hal_pcd_ex.c ****   * @brief  Deactivate BatteryCharging feature.
 140:../../Drivers/STM32L5xx_HAL_Driver/Src/stm32l5xx_hal_pcd_ex.c ****   * @param  hpcd PCD handle
 141:../../Drivers/STM32L5xx_HAL_Driver/Src/stm32l5xx_hal_pcd_ex.c ****   * @retval HAL status
 142:../../Drivers/STM32L5xx_HAL_Driver/Src/stm32l5xx_hal_pcd_ex.c ****   */
 143:../../Drivers/STM32L5xx_HAL_Driver/Src/stm32l5xx_hal_pcd_ex.c **** HAL_StatusTypeDef HAL_PCDEx_DeActivateBCD(PCD_HandleTypeDef *hpcd)
 144:../../Drivers/STM32L5xx_HAL_Driver/Src/stm32l5xx_hal_pcd_ex.c **** {
 172              		.loc 1 144 1 is_stmt 1 view -0
 173              		.cfi_startproc
 174              		@ args = 0, pretend = 0, frame = 0
 175              		@ frame_needed = 0, uses_anonymous_args = 0
 176              		@ link register save eliminated.
 177              		.loc 1 144 1 is_stmt 0 view .LVU45
 178 0000 0346     		mov	r3, r0
 145:../../Drivers/STM32L5xx_HAL_Driver/Src/stm32l5xx_hal_pcd_ex.c ****   USB_TypeDef *USBx = hpcd->Instance;
 179              		.loc 1 145 3 is_stmt 1 view .LVU46
 180              		.loc 1 145 16 is_stmt 0 view .LVU47
 181 0002 0268     		ldr	r2, [r0]
 182              	.LVL14:
 146:../../Drivers/STM32L5xx_HAL_Driver/Src/stm32l5xx_hal_pcd_ex.c ****   hpcd->battery_charging_active = 0U;
 183              		.loc 1 146 3 is_stmt 1 view .LVU48
 184              		.loc 1 146 33 is_stmt 0 view .LVU49
 185 0004 0020     		movs	r0, #0
 186              	.LVL15:
 187              		.loc 1 146 33 view .LVU50
 188 0006 C3F8D402 		str	r0, [r3, #724]
 147:../../Drivers/STM32L5xx_HAL_Driver/Src/stm32l5xx_hal_pcd_ex.c **** 
ARM GAS  C:\Users\carlos\AppData\Local\Temp\ccrltvyC.s 			page 7


 148:../../Drivers/STM32L5xx_HAL_Driver/Src/stm32l5xx_hal_pcd_ex.c ****   /* Disable BCD feature */
 149:../../Drivers/STM32L5xx_HAL_Driver/Src/stm32l5xx_hal_pcd_ex.c ****   USBx->BCDR &= ~(USB_BCDR_BCDEN);
 189              		.loc 1 149 3 is_stmt 1 view .LVU51
 190              		.loc 1 149 14 is_stmt 0 view .LVU52
 191 000a B2F85830 		ldrh	r3, [r2, #88]
 192              	.LVL16:
 193              		.loc 1 149 14 view .LVU53
 194 000e 9BB2     		uxth	r3, r3
 195 0010 23F00103 		bic	r3, r3, #1
 196 0014 9BB2     		uxth	r3, r3
 197 0016 A2F85830 		strh	r3, [r2, #88]	@ movhi
 150:../../Drivers/STM32L5xx_HAL_Driver/Src/stm32l5xx_hal_pcd_ex.c **** 
 151:../../Drivers/STM32L5xx_HAL_Driver/Src/stm32l5xx_hal_pcd_ex.c ****   return HAL_OK;
 198              		.loc 1 151 3 is_stmt 1 view .LVU54
 152:../../Drivers/STM32L5xx_HAL_Driver/Src/stm32l5xx_hal_pcd_ex.c **** }
 199              		.loc 1 152 1 is_stmt 0 view .LVU55
 200 001a 7047     		bx	lr
 201              		.cfi_endproc
 202              	.LFE204:
 204              		.section	.text.HAL_PCDEx_ActivateLPM,"ax",%progbits
 205              		.align	1
 206              		.global	HAL_PCDEx_ActivateLPM
 207              		.syntax unified
 208              		.thumb
 209              		.thumb_func
 210              		.fpu fpv4-sp-d16
 212              	HAL_PCDEx_ActivateLPM:
 213              	.LVL17:
 214              	.LFB206:
 153:../../Drivers/STM32L5xx_HAL_Driver/Src/stm32l5xx_hal_pcd_ex.c **** 
 154:../../Drivers/STM32L5xx_HAL_Driver/Src/stm32l5xx_hal_pcd_ex.c **** /**
 155:../../Drivers/STM32L5xx_HAL_Driver/Src/stm32l5xx_hal_pcd_ex.c ****   * @brief  Handle BatteryCharging Process.
 156:../../Drivers/STM32L5xx_HAL_Driver/Src/stm32l5xx_hal_pcd_ex.c ****   * @param  hpcd PCD handle
 157:../../Drivers/STM32L5xx_HAL_Driver/Src/stm32l5xx_hal_pcd_ex.c ****   * @retval HAL status
 158:../../Drivers/STM32L5xx_HAL_Driver/Src/stm32l5xx_hal_pcd_ex.c ****   */
 159:../../Drivers/STM32L5xx_HAL_Driver/Src/stm32l5xx_hal_pcd_ex.c **** void HAL_PCDEx_BCD_VBUSDetect(PCD_HandleTypeDef *hpcd)
 160:../../Drivers/STM32L5xx_HAL_Driver/Src/stm32l5xx_hal_pcd_ex.c **** {
 161:../../Drivers/STM32L5xx_HAL_Driver/Src/stm32l5xx_hal_pcd_ex.c ****   USB_TypeDef *USBx = hpcd->Instance;
 162:../../Drivers/STM32L5xx_HAL_Driver/Src/stm32l5xx_hal_pcd_ex.c ****   uint32_t tickstart = HAL_GetTick();
 163:../../Drivers/STM32L5xx_HAL_Driver/Src/stm32l5xx_hal_pcd_ex.c **** 
 164:../../Drivers/STM32L5xx_HAL_Driver/Src/stm32l5xx_hal_pcd_ex.c ****   /* Wait for Min DCD Timeout */
 165:../../Drivers/STM32L5xx_HAL_Driver/Src/stm32l5xx_hal_pcd_ex.c ****   HAL_Delay(300U);
 166:../../Drivers/STM32L5xx_HAL_Driver/Src/stm32l5xx_hal_pcd_ex.c **** 
 167:../../Drivers/STM32L5xx_HAL_Driver/Src/stm32l5xx_hal_pcd_ex.c ****   /* Data Pin Contact ? Check Detect flag */
 168:../../Drivers/STM32L5xx_HAL_Driver/Src/stm32l5xx_hal_pcd_ex.c ****   if ((USBx->BCDR & USB_BCDR_DCDET) == USB_BCDR_DCDET)
 169:../../Drivers/STM32L5xx_HAL_Driver/Src/stm32l5xx_hal_pcd_ex.c ****   {
 170:../../Drivers/STM32L5xx_HAL_Driver/Src/stm32l5xx_hal_pcd_ex.c **** #if (USE_HAL_PCD_REGISTER_CALLBACKS == 1U)
 171:../../Drivers/STM32L5xx_HAL_Driver/Src/stm32l5xx_hal_pcd_ex.c ****     hpcd->BCDCallback(hpcd, PCD_BCD_CONTACT_DETECTION);
 172:../../Drivers/STM32L5xx_HAL_Driver/Src/stm32l5xx_hal_pcd_ex.c **** #else
 173:../../Drivers/STM32L5xx_HAL_Driver/Src/stm32l5xx_hal_pcd_ex.c ****     HAL_PCDEx_BCD_Callback(hpcd, PCD_BCD_CONTACT_DETECTION);
 174:../../Drivers/STM32L5xx_HAL_Driver/Src/stm32l5xx_hal_pcd_ex.c **** #endif /* USE_HAL_PCD_REGISTER_CALLBACKS */
 175:../../Drivers/STM32L5xx_HAL_Driver/Src/stm32l5xx_hal_pcd_ex.c ****   }
 176:../../Drivers/STM32L5xx_HAL_Driver/Src/stm32l5xx_hal_pcd_ex.c ****   /* Primary detection: checks if connected to Standard Downstream Port
 177:../../Drivers/STM32L5xx_HAL_Driver/Src/stm32l5xx_hal_pcd_ex.c ****   (without charging capability) */
 178:../../Drivers/STM32L5xx_HAL_Driver/Src/stm32l5xx_hal_pcd_ex.c ****   USBx->BCDR &= ~(USB_BCDR_DCDEN);
 179:../../Drivers/STM32L5xx_HAL_Driver/Src/stm32l5xx_hal_pcd_ex.c ****   HAL_Delay(50U);
 180:../../Drivers/STM32L5xx_HAL_Driver/Src/stm32l5xx_hal_pcd_ex.c ****   USBx->BCDR |= (USB_BCDR_PDEN);
ARM GAS  C:\Users\carlos\AppData\Local\Temp\ccrltvyC.s 			page 8


 181:../../Drivers/STM32L5xx_HAL_Driver/Src/stm32l5xx_hal_pcd_ex.c ****   HAL_Delay(50U);
 182:../../Drivers/STM32L5xx_HAL_Driver/Src/stm32l5xx_hal_pcd_ex.c **** 
 183:../../Drivers/STM32L5xx_HAL_Driver/Src/stm32l5xx_hal_pcd_ex.c ****   /* If Charger detect ? */
 184:../../Drivers/STM32L5xx_HAL_Driver/Src/stm32l5xx_hal_pcd_ex.c ****   if ((USBx->BCDR & USB_BCDR_PDET) == USB_BCDR_PDET)
 185:../../Drivers/STM32L5xx_HAL_Driver/Src/stm32l5xx_hal_pcd_ex.c ****   {
 186:../../Drivers/STM32L5xx_HAL_Driver/Src/stm32l5xx_hal_pcd_ex.c ****     /* Start secondary detection to check connection to Charging Downstream
 187:../../Drivers/STM32L5xx_HAL_Driver/Src/stm32l5xx_hal_pcd_ex.c ****     Port or Dedicated Charging Port */
 188:../../Drivers/STM32L5xx_HAL_Driver/Src/stm32l5xx_hal_pcd_ex.c ****     USBx->BCDR &= ~(USB_BCDR_PDEN);
 189:../../Drivers/STM32L5xx_HAL_Driver/Src/stm32l5xx_hal_pcd_ex.c ****     HAL_Delay(50U);
 190:../../Drivers/STM32L5xx_HAL_Driver/Src/stm32l5xx_hal_pcd_ex.c ****     USBx->BCDR |= (USB_BCDR_SDEN);
 191:../../Drivers/STM32L5xx_HAL_Driver/Src/stm32l5xx_hal_pcd_ex.c ****     HAL_Delay(50U);
 192:../../Drivers/STM32L5xx_HAL_Driver/Src/stm32l5xx_hal_pcd_ex.c **** 
 193:../../Drivers/STM32L5xx_HAL_Driver/Src/stm32l5xx_hal_pcd_ex.c ****     /* If CDP ? */
 194:../../Drivers/STM32L5xx_HAL_Driver/Src/stm32l5xx_hal_pcd_ex.c ****     if ((USBx->BCDR & USB_BCDR_SDET) == USB_BCDR_SDET)
 195:../../Drivers/STM32L5xx_HAL_Driver/Src/stm32l5xx_hal_pcd_ex.c ****     {
 196:../../Drivers/STM32L5xx_HAL_Driver/Src/stm32l5xx_hal_pcd_ex.c ****       /* Dedicated Downstream Port DCP */
 197:../../Drivers/STM32L5xx_HAL_Driver/Src/stm32l5xx_hal_pcd_ex.c **** #if (USE_HAL_PCD_REGISTER_CALLBACKS == 1U)
 198:../../Drivers/STM32L5xx_HAL_Driver/Src/stm32l5xx_hal_pcd_ex.c ****       hpcd->BCDCallback(hpcd, PCD_BCD_DEDICATED_CHARGING_PORT);
 199:../../Drivers/STM32L5xx_HAL_Driver/Src/stm32l5xx_hal_pcd_ex.c **** #else
 200:../../Drivers/STM32L5xx_HAL_Driver/Src/stm32l5xx_hal_pcd_ex.c ****       HAL_PCDEx_BCD_Callback(hpcd, PCD_BCD_DEDICATED_CHARGING_PORT);
 201:../../Drivers/STM32L5xx_HAL_Driver/Src/stm32l5xx_hal_pcd_ex.c **** #endif /* USE_HAL_PCD_REGISTER_CALLBACKS */
 202:../../Drivers/STM32L5xx_HAL_Driver/Src/stm32l5xx_hal_pcd_ex.c ****     }
 203:../../Drivers/STM32L5xx_HAL_Driver/Src/stm32l5xx_hal_pcd_ex.c ****     else
 204:../../Drivers/STM32L5xx_HAL_Driver/Src/stm32l5xx_hal_pcd_ex.c ****     {
 205:../../Drivers/STM32L5xx_HAL_Driver/Src/stm32l5xx_hal_pcd_ex.c ****       /* Charging Downstream Port CDP */
 206:../../Drivers/STM32L5xx_HAL_Driver/Src/stm32l5xx_hal_pcd_ex.c **** #if (USE_HAL_PCD_REGISTER_CALLBACKS == 1U)
 207:../../Drivers/STM32L5xx_HAL_Driver/Src/stm32l5xx_hal_pcd_ex.c ****       hpcd->BCDCallback(hpcd, PCD_BCD_CHARGING_DOWNSTREAM_PORT);
 208:../../Drivers/STM32L5xx_HAL_Driver/Src/stm32l5xx_hal_pcd_ex.c **** #else
 209:../../Drivers/STM32L5xx_HAL_Driver/Src/stm32l5xx_hal_pcd_ex.c ****       HAL_PCDEx_BCD_Callback(hpcd, PCD_BCD_CHARGING_DOWNSTREAM_PORT);
 210:../../Drivers/STM32L5xx_HAL_Driver/Src/stm32l5xx_hal_pcd_ex.c **** #endif /* USE_HAL_PCD_REGISTER_CALLBACKS */
 211:../../Drivers/STM32L5xx_HAL_Driver/Src/stm32l5xx_hal_pcd_ex.c ****     }
 212:../../Drivers/STM32L5xx_HAL_Driver/Src/stm32l5xx_hal_pcd_ex.c ****   }
 213:../../Drivers/STM32L5xx_HAL_Driver/Src/stm32l5xx_hal_pcd_ex.c ****   else /* NO */
 214:../../Drivers/STM32L5xx_HAL_Driver/Src/stm32l5xx_hal_pcd_ex.c ****   {
 215:../../Drivers/STM32L5xx_HAL_Driver/Src/stm32l5xx_hal_pcd_ex.c ****     /* Standard Downstream Port */
 216:../../Drivers/STM32L5xx_HAL_Driver/Src/stm32l5xx_hal_pcd_ex.c **** #if (USE_HAL_PCD_REGISTER_CALLBACKS == 1U)
 217:../../Drivers/STM32L5xx_HAL_Driver/Src/stm32l5xx_hal_pcd_ex.c ****     hpcd->BCDCallback(hpcd, PCD_BCD_STD_DOWNSTREAM_PORT);
 218:../../Drivers/STM32L5xx_HAL_Driver/Src/stm32l5xx_hal_pcd_ex.c **** #else
 219:../../Drivers/STM32L5xx_HAL_Driver/Src/stm32l5xx_hal_pcd_ex.c ****     HAL_PCDEx_BCD_Callback(hpcd, PCD_BCD_STD_DOWNSTREAM_PORT);
 220:../../Drivers/STM32L5xx_HAL_Driver/Src/stm32l5xx_hal_pcd_ex.c **** #endif /* USE_HAL_PCD_REGISTER_CALLBACKS */
 221:../../Drivers/STM32L5xx_HAL_Driver/Src/stm32l5xx_hal_pcd_ex.c ****   }
 222:../../Drivers/STM32L5xx_HAL_Driver/Src/stm32l5xx_hal_pcd_ex.c **** 
 223:../../Drivers/STM32L5xx_HAL_Driver/Src/stm32l5xx_hal_pcd_ex.c ****   /* Battery Charging capability discovery finished Start Enumeration */
 224:../../Drivers/STM32L5xx_HAL_Driver/Src/stm32l5xx_hal_pcd_ex.c ****   (void)HAL_PCDEx_DeActivateBCD(hpcd);
 225:../../Drivers/STM32L5xx_HAL_Driver/Src/stm32l5xx_hal_pcd_ex.c **** 
 226:../../Drivers/STM32L5xx_HAL_Driver/Src/stm32l5xx_hal_pcd_ex.c ****   /* Check for the Timeout, else start USB Device */
 227:../../Drivers/STM32L5xx_HAL_Driver/Src/stm32l5xx_hal_pcd_ex.c ****   if ((HAL_GetTick() - tickstart) > 1000U)
 228:../../Drivers/STM32L5xx_HAL_Driver/Src/stm32l5xx_hal_pcd_ex.c ****   {
 229:../../Drivers/STM32L5xx_HAL_Driver/Src/stm32l5xx_hal_pcd_ex.c **** #if (USE_HAL_PCD_REGISTER_CALLBACKS == 1U)
 230:../../Drivers/STM32L5xx_HAL_Driver/Src/stm32l5xx_hal_pcd_ex.c ****     hpcd->BCDCallback(hpcd, PCD_BCD_ERROR);
 231:../../Drivers/STM32L5xx_HAL_Driver/Src/stm32l5xx_hal_pcd_ex.c **** #else
 232:../../Drivers/STM32L5xx_HAL_Driver/Src/stm32l5xx_hal_pcd_ex.c ****     HAL_PCDEx_BCD_Callback(hpcd, PCD_BCD_ERROR);
 233:../../Drivers/STM32L5xx_HAL_Driver/Src/stm32l5xx_hal_pcd_ex.c **** #endif /* USE_HAL_PCD_REGISTER_CALLBACKS */
 234:../../Drivers/STM32L5xx_HAL_Driver/Src/stm32l5xx_hal_pcd_ex.c ****   }
 235:../../Drivers/STM32L5xx_HAL_Driver/Src/stm32l5xx_hal_pcd_ex.c ****   else
 236:../../Drivers/STM32L5xx_HAL_Driver/Src/stm32l5xx_hal_pcd_ex.c ****   {
 237:../../Drivers/STM32L5xx_HAL_Driver/Src/stm32l5xx_hal_pcd_ex.c **** #if (USE_HAL_PCD_REGISTER_CALLBACKS == 1U)
ARM GAS  C:\Users\carlos\AppData\Local\Temp\ccrltvyC.s 			page 9


 238:../../Drivers/STM32L5xx_HAL_Driver/Src/stm32l5xx_hal_pcd_ex.c ****     hpcd->BCDCallback(hpcd, PCD_BCD_DISCOVERY_COMPLETED);
 239:../../Drivers/STM32L5xx_HAL_Driver/Src/stm32l5xx_hal_pcd_ex.c **** #else
 240:../../Drivers/STM32L5xx_HAL_Driver/Src/stm32l5xx_hal_pcd_ex.c ****     HAL_PCDEx_BCD_Callback(hpcd, PCD_BCD_DISCOVERY_COMPLETED);
 241:../../Drivers/STM32L5xx_HAL_Driver/Src/stm32l5xx_hal_pcd_ex.c **** #endif /* USE_HAL_PCD_REGISTER_CALLBACKS */
 242:../../Drivers/STM32L5xx_HAL_Driver/Src/stm32l5xx_hal_pcd_ex.c ****   }
 243:../../Drivers/STM32L5xx_HAL_Driver/Src/stm32l5xx_hal_pcd_ex.c **** }
 244:../../Drivers/STM32L5xx_HAL_Driver/Src/stm32l5xx_hal_pcd_ex.c **** 
 245:../../Drivers/STM32L5xx_HAL_Driver/Src/stm32l5xx_hal_pcd_ex.c **** 
 246:../../Drivers/STM32L5xx_HAL_Driver/Src/stm32l5xx_hal_pcd_ex.c **** /**
 247:../../Drivers/STM32L5xx_HAL_Driver/Src/stm32l5xx_hal_pcd_ex.c ****   * @brief  Activate LPM feature.
 248:../../Drivers/STM32L5xx_HAL_Driver/Src/stm32l5xx_hal_pcd_ex.c ****   * @param  hpcd PCD handle
 249:../../Drivers/STM32L5xx_HAL_Driver/Src/stm32l5xx_hal_pcd_ex.c ****   * @retval HAL status
 250:../../Drivers/STM32L5xx_HAL_Driver/Src/stm32l5xx_hal_pcd_ex.c ****   */
 251:../../Drivers/STM32L5xx_HAL_Driver/Src/stm32l5xx_hal_pcd_ex.c **** HAL_StatusTypeDef HAL_PCDEx_ActivateLPM(PCD_HandleTypeDef *hpcd)
 252:../../Drivers/STM32L5xx_HAL_Driver/Src/stm32l5xx_hal_pcd_ex.c **** {
 215              		.loc 1 252 1 is_stmt 1 view -0
 216              		.cfi_startproc
 217              		@ args = 0, pretend = 0, frame = 0
 218              		@ frame_needed = 0, uses_anonymous_args = 0
 219              		@ link register save eliminated.
 220              		.loc 1 252 1 is_stmt 0 view .LVU57
 221 0000 0346     		mov	r3, r0
 253:../../Drivers/STM32L5xx_HAL_Driver/Src/stm32l5xx_hal_pcd_ex.c **** 
 254:../../Drivers/STM32L5xx_HAL_Driver/Src/stm32l5xx_hal_pcd_ex.c ****   USB_TypeDef *USBx = hpcd->Instance;
 222              		.loc 1 254 3 is_stmt 1 view .LVU58
 223              		.loc 1 254 16 is_stmt 0 view .LVU59
 224 0002 0268     		ldr	r2, [r0]
 225              	.LVL18:
 255:../../Drivers/STM32L5xx_HAL_Driver/Src/stm32l5xx_hal_pcd_ex.c ****   hpcd->lpm_active = 1U;
 226              		.loc 1 255 3 is_stmt 1 view .LVU60
 227              		.loc 1 255 20 is_stmt 0 view .LVU61
 228 0004 0121     		movs	r1, #1
 229 0006 C0F8D012 		str	r1, [r0, #720]
 256:../../Drivers/STM32L5xx_HAL_Driver/Src/stm32l5xx_hal_pcd_ex.c ****   hpcd->LPM_State = LPM_L0;
 230              		.loc 1 256 3 is_stmt 1 view .LVU62
 231              		.loc 1 256 19 is_stmt 0 view .LVU63
 232 000a 0020     		movs	r0, #0
 233              	.LVL19:
 234              		.loc 1 256 19 view .LVU64
 235 000c 83F8C802 		strb	r0, [r3, #712]
 257:../../Drivers/STM32L5xx_HAL_Driver/Src/stm32l5xx_hal_pcd_ex.c **** 
 258:../../Drivers/STM32L5xx_HAL_Driver/Src/stm32l5xx_hal_pcd_ex.c ****   USBx->LPMCSR |= USB_LPMCSR_LMPEN;
 236              		.loc 1 258 3 is_stmt 1 view .LVU65
 237              		.loc 1 258 16 is_stmt 0 view .LVU66
 238 0010 B2F85430 		ldrh	r3, [r2, #84]
 239              	.LVL20:
 240              		.loc 1 258 16 view .LVU67
 241 0014 9BB2     		uxth	r3, r3
 242 0016 0B43     		orrs	r3, r3, r1
 243 0018 A2F85430 		strh	r3, [r2, #84]	@ movhi
 259:../../Drivers/STM32L5xx_HAL_Driver/Src/stm32l5xx_hal_pcd_ex.c ****   USBx->LPMCSR |= USB_LPMCSR_LPMACK;
 244              		.loc 1 259 3 is_stmt 1 view .LVU68
 245              		.loc 1 259 16 is_stmt 0 view .LVU69
 246 001c B2F85430 		ldrh	r3, [r2, #84]
 247 0020 9BB2     		uxth	r3, r3
 248 0022 43F00203 		orr	r3, r3, #2
 249 0026 A2F85430 		strh	r3, [r2, #84]	@ movhi
ARM GAS  C:\Users\carlos\AppData\Local\Temp\ccrltvyC.s 			page 10


 260:../../Drivers/STM32L5xx_HAL_Driver/Src/stm32l5xx_hal_pcd_ex.c **** 
 261:../../Drivers/STM32L5xx_HAL_Driver/Src/stm32l5xx_hal_pcd_ex.c ****   return HAL_OK;
 250              		.loc 1 261 3 is_stmt 1 view .LVU70
 262:../../Drivers/STM32L5xx_HAL_Driver/Src/stm32l5xx_hal_pcd_ex.c **** }
 251              		.loc 1 262 1 is_stmt 0 view .LVU71
 252 002a 7047     		bx	lr
 253              		.cfi_endproc
 254              	.LFE206:
 256              		.section	.text.HAL_PCDEx_DeActivateLPM,"ax",%progbits
 257              		.align	1
 258              		.global	HAL_PCDEx_DeActivateLPM
 259              		.syntax unified
 260              		.thumb
 261              		.thumb_func
 262              		.fpu fpv4-sp-d16
 264              	HAL_PCDEx_DeActivateLPM:
 265              	.LVL21:
 266              	.LFB207:
 263:../../Drivers/STM32L5xx_HAL_Driver/Src/stm32l5xx_hal_pcd_ex.c **** 
 264:../../Drivers/STM32L5xx_HAL_Driver/Src/stm32l5xx_hal_pcd_ex.c **** /**
 265:../../Drivers/STM32L5xx_HAL_Driver/Src/stm32l5xx_hal_pcd_ex.c ****   * @brief  Deactivate LPM feature.
 266:../../Drivers/STM32L5xx_HAL_Driver/Src/stm32l5xx_hal_pcd_ex.c ****   * @param  hpcd PCD handle
 267:../../Drivers/STM32L5xx_HAL_Driver/Src/stm32l5xx_hal_pcd_ex.c ****   * @retval HAL status
 268:../../Drivers/STM32L5xx_HAL_Driver/Src/stm32l5xx_hal_pcd_ex.c ****   */
 269:../../Drivers/STM32L5xx_HAL_Driver/Src/stm32l5xx_hal_pcd_ex.c **** HAL_StatusTypeDef HAL_PCDEx_DeActivateLPM(PCD_HandleTypeDef *hpcd)
 270:../../Drivers/STM32L5xx_HAL_Driver/Src/stm32l5xx_hal_pcd_ex.c **** {
 267              		.loc 1 270 1 is_stmt 1 view -0
 268              		.cfi_startproc
 269              		@ args = 0, pretend = 0, frame = 0
 270              		@ frame_needed = 0, uses_anonymous_args = 0
 271              		@ link register save eliminated.
 272              		.loc 1 270 1 is_stmt 0 view .LVU73
 273 0000 0346     		mov	r3, r0
 271:../../Drivers/STM32L5xx_HAL_Driver/Src/stm32l5xx_hal_pcd_ex.c ****   USB_TypeDef *USBx = hpcd->Instance;
 274              		.loc 1 271 3 is_stmt 1 view .LVU74
 275              		.loc 1 271 16 is_stmt 0 view .LVU75
 276 0002 0268     		ldr	r2, [r0]
 277              	.LVL22:
 272:../../Drivers/STM32L5xx_HAL_Driver/Src/stm32l5xx_hal_pcd_ex.c **** 
 273:../../Drivers/STM32L5xx_HAL_Driver/Src/stm32l5xx_hal_pcd_ex.c ****   hpcd->lpm_active = 0U;
 278              		.loc 1 273 3 is_stmt 1 view .LVU76
 279              		.loc 1 273 20 is_stmt 0 view .LVU77
 280 0004 0020     		movs	r0, #0
 281              	.LVL23:
 282              		.loc 1 273 20 view .LVU78
 283 0006 C3F8D002 		str	r0, [r3, #720]
 274:../../Drivers/STM32L5xx_HAL_Driver/Src/stm32l5xx_hal_pcd_ex.c **** 
 275:../../Drivers/STM32L5xx_HAL_Driver/Src/stm32l5xx_hal_pcd_ex.c ****   USBx->LPMCSR &= ~(USB_LPMCSR_LMPEN);
 284              		.loc 1 275 3 is_stmt 1 view .LVU79
 285              		.loc 1 275 16 is_stmt 0 view .LVU80
 286 000a B2F85430 		ldrh	r3, [r2, #84]
 287              	.LVL24:
 288              		.loc 1 275 16 view .LVU81
 289 000e 9BB2     		uxth	r3, r3
 290 0010 23F00103 		bic	r3, r3, #1
 291 0014 9BB2     		uxth	r3, r3
 292 0016 A2F85430 		strh	r3, [r2, #84]	@ movhi
ARM GAS  C:\Users\carlos\AppData\Local\Temp\ccrltvyC.s 			page 11


 276:../../Drivers/STM32L5xx_HAL_Driver/Src/stm32l5xx_hal_pcd_ex.c ****   USBx->LPMCSR &= ~(USB_LPMCSR_LPMACK);
 293              		.loc 1 276 3 is_stmt 1 view .LVU82
 294              		.loc 1 276 16 is_stmt 0 view .LVU83
 295 001a B2F85430 		ldrh	r3, [r2, #84]
 296 001e 9BB2     		uxth	r3, r3
 297 0020 23F00203 		bic	r3, r3, #2
 298 0024 9BB2     		uxth	r3, r3
 299 0026 A2F85430 		strh	r3, [r2, #84]	@ movhi
 277:../../Drivers/STM32L5xx_HAL_Driver/Src/stm32l5xx_hal_pcd_ex.c **** 
 278:../../Drivers/STM32L5xx_HAL_Driver/Src/stm32l5xx_hal_pcd_ex.c ****   return HAL_OK;
 300              		.loc 1 278 3 is_stmt 1 view .LVU84
 279:../../Drivers/STM32L5xx_HAL_Driver/Src/stm32l5xx_hal_pcd_ex.c **** }
 301              		.loc 1 279 1 is_stmt 0 view .LVU85
 302 002a 7047     		bx	lr
 303              		.cfi_endproc
 304              	.LFE207:
 306              		.section	.text.HAL_PCDEx_LPM_Callback,"ax",%progbits
 307              		.align	1
 308              		.weak	HAL_PCDEx_LPM_Callback
 309              		.syntax unified
 310              		.thumb
 311              		.thumb_func
 312              		.fpu fpv4-sp-d16
 314              	HAL_PCDEx_LPM_Callback:
 315              	.LVL25:
 316              	.LFB208:
 280:../../Drivers/STM32L5xx_HAL_Driver/Src/stm32l5xx_hal_pcd_ex.c **** 
 281:../../Drivers/STM32L5xx_HAL_Driver/Src/stm32l5xx_hal_pcd_ex.c **** 
 282:../../Drivers/STM32L5xx_HAL_Driver/Src/stm32l5xx_hal_pcd_ex.c **** 
 283:../../Drivers/STM32L5xx_HAL_Driver/Src/stm32l5xx_hal_pcd_ex.c **** /**
 284:../../Drivers/STM32L5xx_HAL_Driver/Src/stm32l5xx_hal_pcd_ex.c ****   * @brief  Send LPM message to user layer callback.
 285:../../Drivers/STM32L5xx_HAL_Driver/Src/stm32l5xx_hal_pcd_ex.c ****   * @param  hpcd PCD handle
 286:../../Drivers/STM32L5xx_HAL_Driver/Src/stm32l5xx_hal_pcd_ex.c ****   * @param  msg LPM message
 287:../../Drivers/STM32L5xx_HAL_Driver/Src/stm32l5xx_hal_pcd_ex.c ****   * @retval HAL status
 288:../../Drivers/STM32L5xx_HAL_Driver/Src/stm32l5xx_hal_pcd_ex.c ****   */
 289:../../Drivers/STM32L5xx_HAL_Driver/Src/stm32l5xx_hal_pcd_ex.c **** __weak void HAL_PCDEx_LPM_Callback(PCD_HandleTypeDef *hpcd, PCD_LPM_MsgTypeDef msg)
 290:../../Drivers/STM32L5xx_HAL_Driver/Src/stm32l5xx_hal_pcd_ex.c **** {
 317              		.loc 1 290 1 is_stmt 1 view -0
 318              		.cfi_startproc
 319              		@ args = 0, pretend = 0, frame = 0
 320              		@ frame_needed = 0, uses_anonymous_args = 0
 321              		@ link register save eliminated.
 291:../../Drivers/STM32L5xx_HAL_Driver/Src/stm32l5xx_hal_pcd_ex.c ****   /* Prevent unused argument(s) compilation warning */
 292:../../Drivers/STM32L5xx_HAL_Driver/Src/stm32l5xx_hal_pcd_ex.c ****   UNUSED(hpcd);
 322              		.loc 1 292 3 view .LVU87
 293:../../Drivers/STM32L5xx_HAL_Driver/Src/stm32l5xx_hal_pcd_ex.c ****   UNUSED(msg);
 323              		.loc 1 293 3 view .LVU88
 294:../../Drivers/STM32L5xx_HAL_Driver/Src/stm32l5xx_hal_pcd_ex.c **** 
 295:../../Drivers/STM32L5xx_HAL_Driver/Src/stm32l5xx_hal_pcd_ex.c ****   /* NOTE : This function should not be modified, when the callback is needed,
 296:../../Drivers/STM32L5xx_HAL_Driver/Src/stm32l5xx_hal_pcd_ex.c ****             the HAL_PCDEx_LPM_Callback could be implemented in the user file
 297:../../Drivers/STM32L5xx_HAL_Driver/Src/stm32l5xx_hal_pcd_ex.c ****    */
 298:../../Drivers/STM32L5xx_HAL_Driver/Src/stm32l5xx_hal_pcd_ex.c **** }
 324              		.loc 1 298 1 is_stmt 0 view .LVU89
 325 0000 7047     		bx	lr
 326              		.cfi_endproc
 327              	.LFE208:
 329              		.section	.text.HAL_PCDEx_BCD_Callback,"ax",%progbits
ARM GAS  C:\Users\carlos\AppData\Local\Temp\ccrltvyC.s 			page 12


 330              		.align	1
 331              		.weak	HAL_PCDEx_BCD_Callback
 332              		.syntax unified
 333              		.thumb
 334              		.thumb_func
 335              		.fpu fpv4-sp-d16
 337              	HAL_PCDEx_BCD_Callback:
 338              	.LVL26:
 339              	.LFB209:
 299:../../Drivers/STM32L5xx_HAL_Driver/Src/stm32l5xx_hal_pcd_ex.c **** 
 300:../../Drivers/STM32L5xx_HAL_Driver/Src/stm32l5xx_hal_pcd_ex.c **** /**
 301:../../Drivers/STM32L5xx_HAL_Driver/Src/stm32l5xx_hal_pcd_ex.c ****   * @brief  Send BatteryCharging message to user layer callback.
 302:../../Drivers/STM32L5xx_HAL_Driver/Src/stm32l5xx_hal_pcd_ex.c ****   * @param  hpcd PCD handle
 303:../../Drivers/STM32L5xx_HAL_Driver/Src/stm32l5xx_hal_pcd_ex.c ****   * @param  msg LPM message
 304:../../Drivers/STM32L5xx_HAL_Driver/Src/stm32l5xx_hal_pcd_ex.c ****   * @retval HAL status
 305:../../Drivers/STM32L5xx_HAL_Driver/Src/stm32l5xx_hal_pcd_ex.c ****   */
 306:../../Drivers/STM32L5xx_HAL_Driver/Src/stm32l5xx_hal_pcd_ex.c **** __weak void HAL_PCDEx_BCD_Callback(PCD_HandleTypeDef *hpcd, PCD_BCD_MsgTypeDef msg)
 307:../../Drivers/STM32L5xx_HAL_Driver/Src/stm32l5xx_hal_pcd_ex.c **** {
 340              		.loc 1 307 1 is_stmt 1 view -0
 341              		.cfi_startproc
 342              		@ args = 0, pretend = 0, frame = 0
 343              		@ frame_needed = 0, uses_anonymous_args = 0
 344              		@ link register save eliminated.
 308:../../Drivers/STM32L5xx_HAL_Driver/Src/stm32l5xx_hal_pcd_ex.c ****   /* Prevent unused argument(s) compilation warning */
 309:../../Drivers/STM32L5xx_HAL_Driver/Src/stm32l5xx_hal_pcd_ex.c ****   UNUSED(hpcd);
 345              		.loc 1 309 3 view .LVU91
 310:../../Drivers/STM32L5xx_HAL_Driver/Src/stm32l5xx_hal_pcd_ex.c ****   UNUSED(msg);
 346              		.loc 1 310 3 view .LVU92
 311:../../Drivers/STM32L5xx_HAL_Driver/Src/stm32l5xx_hal_pcd_ex.c **** 
 312:../../Drivers/STM32L5xx_HAL_Driver/Src/stm32l5xx_hal_pcd_ex.c ****   /* NOTE : This function should not be modified, when the callback is needed,
 313:../../Drivers/STM32L5xx_HAL_Driver/Src/stm32l5xx_hal_pcd_ex.c ****             the HAL_PCDEx_BCD_Callback could be implemented in the user file
 314:../../Drivers/STM32L5xx_HAL_Driver/Src/stm32l5xx_hal_pcd_ex.c ****    */
 315:../../Drivers/STM32L5xx_HAL_Driver/Src/stm32l5xx_hal_pcd_ex.c **** }
 347              		.loc 1 315 1 is_stmt 0 view .LVU93
 348 0000 7047     		bx	lr
 349              		.cfi_endproc
 350              	.LFE209:
 352              		.section	.text.HAL_PCDEx_BCD_VBUSDetect,"ax",%progbits
 353              		.align	1
 354              		.global	HAL_PCDEx_BCD_VBUSDetect
 355              		.syntax unified
 356              		.thumb
 357              		.thumb_func
 358              		.fpu fpv4-sp-d16
 360              	HAL_PCDEx_BCD_VBUSDetect:
 361              	.LVL27:
 362              	.LFB205:
 160:../../Drivers/STM32L5xx_HAL_Driver/Src/stm32l5xx_hal_pcd_ex.c ****   USB_TypeDef *USBx = hpcd->Instance;
 363              		.loc 1 160 1 is_stmt 1 view -0
 364              		.cfi_startproc
 365              		@ args = 0, pretend = 0, frame = 0
 366              		@ frame_needed = 0, uses_anonymous_args = 0
 160:../../Drivers/STM32L5xx_HAL_Driver/Src/stm32l5xx_hal_pcd_ex.c ****   USB_TypeDef *USBx = hpcd->Instance;
 367              		.loc 1 160 1 is_stmt 0 view .LVU95
 368 0000 70B5     		push	{r4, r5, r6, lr}
 369              	.LCFI0:
 370              		.cfi_def_cfa_offset 16
ARM GAS  C:\Users\carlos\AppData\Local\Temp\ccrltvyC.s 			page 13


 371              		.cfi_offset 4, -16
 372              		.cfi_offset 5, -12
 373              		.cfi_offset 6, -8
 374              		.cfi_offset 14, -4
 375 0002 0546     		mov	r5, r0
 161:../../Drivers/STM32L5xx_HAL_Driver/Src/stm32l5xx_hal_pcd_ex.c ****   uint32_t tickstart = HAL_GetTick();
 376              		.loc 1 161 3 is_stmt 1 view .LVU96
 161:../../Drivers/STM32L5xx_HAL_Driver/Src/stm32l5xx_hal_pcd_ex.c ****   uint32_t tickstart = HAL_GetTick();
 377              		.loc 1 161 16 is_stmt 0 view .LVU97
 378 0004 0468     		ldr	r4, [r0]
 379              	.LVL28:
 162:../../Drivers/STM32L5xx_HAL_Driver/Src/stm32l5xx_hal_pcd_ex.c **** 
 380              		.loc 1 162 3 is_stmt 1 view .LVU98
 162:../../Drivers/STM32L5xx_HAL_Driver/Src/stm32l5xx_hal_pcd_ex.c **** 
 381              		.loc 1 162 24 is_stmt 0 view .LVU99
 382 0006 FFF7FEFF 		bl	HAL_GetTick
 383              	.LVL29:
 162:../../Drivers/STM32L5xx_HAL_Driver/Src/stm32l5xx_hal_pcd_ex.c **** 
 384              		.loc 1 162 24 view .LVU100
 385 000a 0646     		mov	r6, r0
 386              	.LVL30:
 165:../../Drivers/STM32L5xx_HAL_Driver/Src/stm32l5xx_hal_pcd_ex.c **** 
 387              		.loc 1 165 3 is_stmt 1 view .LVU101
 388 000c 4FF49670 		mov	r0, #300
 389              	.LVL31:
 165:../../Drivers/STM32L5xx_HAL_Driver/Src/stm32l5xx_hal_pcd_ex.c **** 
 390              		.loc 1 165 3 is_stmt 0 view .LVU102
 391 0010 FFF7FEFF 		bl	HAL_Delay
 392              	.LVL32:
 168:../../Drivers/STM32L5xx_HAL_Driver/Src/stm32l5xx_hal_pcd_ex.c ****   {
 393              		.loc 1 168 3 is_stmt 1 view .LVU103
 168:../../Drivers/STM32L5xx_HAL_Driver/Src/stm32l5xx_hal_pcd_ex.c ****   {
 394              		.loc 1 168 12 is_stmt 0 view .LVU104
 395 0014 B4F85830 		ldrh	r3, [r4, #88]
 168:../../Drivers/STM32L5xx_HAL_Driver/Src/stm32l5xx_hal_pcd_ex.c ****   {
 396              		.loc 1 168 6 view .LVU105
 397 0018 13F0100F 		tst	r3, #16
 398 001c 38D1     		bne	.L20
 399              	.L13:
 178:../../Drivers/STM32L5xx_HAL_Driver/Src/stm32l5xx_hal_pcd_ex.c ****   HAL_Delay(50U);
 400              		.loc 1 178 3 is_stmt 1 view .LVU106
 178:../../Drivers/STM32L5xx_HAL_Driver/Src/stm32l5xx_hal_pcd_ex.c ****   HAL_Delay(50U);
 401              		.loc 1 178 14 is_stmt 0 view .LVU107
 402 001e B4F85830 		ldrh	r3, [r4, #88]
 403 0022 9BB2     		uxth	r3, r3
 404 0024 23F00203 		bic	r3, r3, #2
 405 0028 9BB2     		uxth	r3, r3
 406 002a A4F85830 		strh	r3, [r4, #88]	@ movhi
 179:../../Drivers/STM32L5xx_HAL_Driver/Src/stm32l5xx_hal_pcd_ex.c ****   USBx->BCDR |= (USB_BCDR_PDEN);
 407              		.loc 1 179 3 is_stmt 1 view .LVU108
 408 002e 3220     		movs	r0, #50
 409 0030 FFF7FEFF 		bl	HAL_Delay
 410              	.LVL33:
 180:../../Drivers/STM32L5xx_HAL_Driver/Src/stm32l5xx_hal_pcd_ex.c ****   HAL_Delay(50U);
 411              		.loc 1 180 3 view .LVU109
 180:../../Drivers/STM32L5xx_HAL_Driver/Src/stm32l5xx_hal_pcd_ex.c ****   HAL_Delay(50U);
 412              		.loc 1 180 14 is_stmt 0 view .LVU110
ARM GAS  C:\Users\carlos\AppData\Local\Temp\ccrltvyC.s 			page 14


 413 0034 B4F85830 		ldrh	r3, [r4, #88]
 414 0038 9BB2     		uxth	r3, r3
 415 003a 43F00403 		orr	r3, r3, #4
 416 003e A4F85830 		strh	r3, [r4, #88]	@ movhi
 181:../../Drivers/STM32L5xx_HAL_Driver/Src/stm32l5xx_hal_pcd_ex.c **** 
 417              		.loc 1 181 3 is_stmt 1 view .LVU111
 418 0042 3220     		movs	r0, #50
 419 0044 FFF7FEFF 		bl	HAL_Delay
 420              	.LVL34:
 184:../../Drivers/STM32L5xx_HAL_Driver/Src/stm32l5xx_hal_pcd_ex.c ****   {
 421              		.loc 1 184 3 view .LVU112
 184:../../Drivers/STM32L5xx_HAL_Driver/Src/stm32l5xx_hal_pcd_ex.c ****   {
 422              		.loc 1 184 12 is_stmt 0 view .LVU113
 423 0048 B4F85830 		ldrh	r3, [r4, #88]
 184:../../Drivers/STM32L5xx_HAL_Driver/Src/stm32l5xx_hal_pcd_ex.c ****   {
 424              		.loc 1 184 6 view .LVU114
 425 004c 13F0200F 		tst	r3, #32
 426 0050 28D0     		beq	.L14
 188:../../Drivers/STM32L5xx_HAL_Driver/Src/stm32l5xx_hal_pcd_ex.c ****     HAL_Delay(50U);
 427              		.loc 1 188 5 is_stmt 1 view .LVU115
 188:../../Drivers/STM32L5xx_HAL_Driver/Src/stm32l5xx_hal_pcd_ex.c ****     HAL_Delay(50U);
 428              		.loc 1 188 16 is_stmt 0 view .LVU116
 429 0052 B4F85830 		ldrh	r3, [r4, #88]
 430 0056 9BB2     		uxth	r3, r3
 431 0058 23F00403 		bic	r3, r3, #4
 432 005c 9BB2     		uxth	r3, r3
 433 005e A4F85830 		strh	r3, [r4, #88]	@ movhi
 189:../../Drivers/STM32L5xx_HAL_Driver/Src/stm32l5xx_hal_pcd_ex.c ****     USBx->BCDR |= (USB_BCDR_SDEN);
 434              		.loc 1 189 5 is_stmt 1 view .LVU117
 435 0062 3220     		movs	r0, #50
 436 0064 FFF7FEFF 		bl	HAL_Delay
 437              	.LVL35:
 190:../../Drivers/STM32L5xx_HAL_Driver/Src/stm32l5xx_hal_pcd_ex.c ****     HAL_Delay(50U);
 438              		.loc 1 190 5 view .LVU118
 190:../../Drivers/STM32L5xx_HAL_Driver/Src/stm32l5xx_hal_pcd_ex.c ****     HAL_Delay(50U);
 439              		.loc 1 190 16 is_stmt 0 view .LVU119
 440 0068 B4F85830 		ldrh	r3, [r4, #88]
 441 006c 9BB2     		uxth	r3, r3
 442 006e 43F00803 		orr	r3, r3, #8
 443 0072 A4F85830 		strh	r3, [r4, #88]	@ movhi
 191:../../Drivers/STM32L5xx_HAL_Driver/Src/stm32l5xx_hal_pcd_ex.c **** 
 444              		.loc 1 191 5 is_stmt 1 view .LVU120
 445 0076 3220     		movs	r0, #50
 446 0078 FFF7FEFF 		bl	HAL_Delay
 447              	.LVL36:
 194:../../Drivers/STM32L5xx_HAL_Driver/Src/stm32l5xx_hal_pcd_ex.c ****     {
 448              		.loc 1 194 5 view .LVU121
 194:../../Drivers/STM32L5xx_HAL_Driver/Src/stm32l5xx_hal_pcd_ex.c ****     {
 449              		.loc 1 194 14 is_stmt 0 view .LVU122
 450 007c B4F85830 		ldrh	r3, [r4, #88]
 194:../../Drivers/STM32L5xx_HAL_Driver/Src/stm32l5xx_hal_pcd_ex.c ****     {
 451              		.loc 1 194 8 view .LVU123
 452 0080 13F0400F 		tst	r3, #64
 453 0084 09D0     		beq	.L15
 200:../../Drivers/STM32L5xx_HAL_Driver/Src/stm32l5xx_hal_pcd_ex.c **** #endif /* USE_HAL_PCD_REGISTER_CALLBACKS */
 454              		.loc 1 200 7 is_stmt 1 view .LVU124
 455 0086 FB21     		movs	r1, #251
ARM GAS  C:\Users\carlos\AppData\Local\Temp\ccrltvyC.s 			page 15


 456 0088 2846     		mov	r0, r5
 457 008a FFF7FEFF 		bl	HAL_PCDEx_BCD_Callback
 458              	.LVL37:
 459 008e 0DE0     		b	.L16
 460              	.L20:
 173:../../Drivers/STM32L5xx_HAL_Driver/Src/stm32l5xx_hal_pcd_ex.c **** #endif /* USE_HAL_PCD_REGISTER_CALLBACKS */
 461              		.loc 1 173 5 view .LVU125
 462 0090 FE21     		movs	r1, #254
 463 0092 2846     		mov	r0, r5
 464 0094 FFF7FEFF 		bl	HAL_PCDEx_BCD_Callback
 465              	.LVL38:
 466 0098 C1E7     		b	.L13
 467              	.L15:
 209:../../Drivers/STM32L5xx_HAL_Driver/Src/stm32l5xx_hal_pcd_ex.c **** #endif /* USE_HAL_PCD_REGISTER_CALLBACKS */
 468              		.loc 1 209 7 view .LVU126
 469 009a FC21     		movs	r1, #252
 470 009c 2846     		mov	r0, r5
 471 009e FFF7FEFF 		bl	HAL_PCDEx_BCD_Callback
 472              	.LVL39:
 473 00a2 03E0     		b	.L16
 474              	.L14:
 219:../../Drivers/STM32L5xx_HAL_Driver/Src/stm32l5xx_hal_pcd_ex.c **** #endif /* USE_HAL_PCD_REGISTER_CALLBACKS */
 475              		.loc 1 219 5 view .LVU127
 476 00a4 FD21     		movs	r1, #253
 477 00a6 2846     		mov	r0, r5
 478 00a8 FFF7FEFF 		bl	HAL_PCDEx_BCD_Callback
 479              	.LVL40:
 480              	.L16:
 224:../../Drivers/STM32L5xx_HAL_Driver/Src/stm32l5xx_hal_pcd_ex.c **** 
 481              		.loc 1 224 3 view .LVU128
 224:../../Drivers/STM32L5xx_HAL_Driver/Src/stm32l5xx_hal_pcd_ex.c **** 
 482              		.loc 1 224 9 is_stmt 0 view .LVU129
 483 00ac 2846     		mov	r0, r5
 484 00ae FFF7FEFF 		bl	HAL_PCDEx_DeActivateBCD
 485              	.LVL41:
 227:../../Drivers/STM32L5xx_HAL_Driver/Src/stm32l5xx_hal_pcd_ex.c ****   {
 486              		.loc 1 227 3 is_stmt 1 view .LVU130
 227:../../Drivers/STM32L5xx_HAL_Driver/Src/stm32l5xx_hal_pcd_ex.c ****   {
 487              		.loc 1 227 8 is_stmt 0 view .LVU131
 488 00b2 FFF7FEFF 		bl	HAL_GetTick
 489              	.LVL42:
 227:../../Drivers/STM32L5xx_HAL_Driver/Src/stm32l5xx_hal_pcd_ex.c ****   {
 490              		.loc 1 227 22 view .LVU132
 491 00b6 861B     		subs	r6, r0, r6
 492              	.LVL43:
 227:../../Drivers/STM32L5xx_HAL_Driver/Src/stm32l5xx_hal_pcd_ex.c ****   {
 493              		.loc 1 227 6 view .LVU133
 494 00b8 B6F57A7F 		cmp	r6, #1000
 495 00bc 04D9     		bls	.L17
 232:../../Drivers/STM32L5xx_HAL_Driver/Src/stm32l5xx_hal_pcd_ex.c **** #endif /* USE_HAL_PCD_REGISTER_CALLBACKS */
 496              		.loc 1 232 5 is_stmt 1 view .LVU134
 497 00be FF21     		movs	r1, #255
 498 00c0 2846     		mov	r0, r5
 499 00c2 FFF7FEFF 		bl	HAL_PCDEx_BCD_Callback
 500              	.LVL44:
 501              	.L12:
 243:../../Drivers/STM32L5xx_HAL_Driver/Src/stm32l5xx_hal_pcd_ex.c **** 
ARM GAS  C:\Users\carlos\AppData\Local\Temp\ccrltvyC.s 			page 16


 502              		.loc 1 243 1 is_stmt 0 view .LVU135
 503 00c6 70BD     		pop	{r4, r5, r6, pc}
 504              	.LVL45:
 505              	.L17:
 240:../../Drivers/STM32L5xx_HAL_Driver/Src/stm32l5xx_hal_pcd_ex.c **** #endif /* USE_HAL_PCD_REGISTER_CALLBACKS */
 506              		.loc 1 240 5 is_stmt 1 view .LVU136
 507 00c8 0021     		movs	r1, #0
 508 00ca 2846     		mov	r0, r5
 509 00cc FFF7FEFF 		bl	HAL_PCDEx_BCD_Callback
 510              	.LVL46:
 243:../../Drivers/STM32L5xx_HAL_Driver/Src/stm32l5xx_hal_pcd_ex.c **** 
 511              		.loc 1 243 1 is_stmt 0 view .LVU137
 512 00d0 F9E7     		b	.L12
 513              		.cfi_endproc
 514              	.LFE205:
 516              		.text
 517              	.Letext0:
 518              		.file 2 "c:\\opt\\toolchains\\gcc-arm-10.3-2021.07-mingw-w64-i686-arm-none-eabi\\gcc-arm-10.3-2021
 519              		.file 3 "c:\\opt\\toolchains\\gcc-arm-10.3-2021.07-mingw-w64-i686-arm-none-eabi\\gcc-arm-10.3-2021
 520              		.file 4 "../../Drivers/CMSIS/Device/ST/STM32L5xx/Include/stm32l552xx.h"
 521              		.file 5 "../../Drivers/STM32L5xx_HAL_Driver/Inc/stm32l5xx_hal_def.h"
 522              		.file 6 "../../Drivers/STM32L5xx_HAL_Driver/Inc/stm32l5xx_ll_usb.h"
 523              		.file 7 "../../Drivers/STM32L5xx_HAL_Driver/Inc/stm32l5xx_hal_pcd.h"
 524              		.file 8 "../../Drivers/STM32L5xx_HAL_Driver/Inc/stm32l5xx_hal.h"
ARM GAS  C:\Users\carlos\AppData\Local\Temp\ccrltvyC.s 			page 17


DEFINED SYMBOLS
                            *ABS*:00000000 stm32l5xx_hal_pcd_ex.c
C:\Users\carlos\AppData\Local\Temp\ccrltvyC.s:18     .text.HAL_PCDEx_PMAConfig:00000000 $t
C:\Users\carlos\AppData\Local\Temp\ccrltvyC.s:27     .text.HAL_PCDEx_PMAConfig:00000000 HAL_PCDEx_PMAConfig
C:\Users\carlos\AppData\Local\Temp\ccrltvyC.s:103    .text.HAL_PCDEx_ActivateBCD:00000000 $t
C:\Users\carlos\AppData\Local\Temp\ccrltvyC.s:110    .text.HAL_PCDEx_ActivateBCD:00000000 HAL_PCDEx_ActivateBCD
C:\Users\carlos\AppData\Local\Temp\ccrltvyC.s:162    .text.HAL_PCDEx_DeActivateBCD:00000000 $t
C:\Users\carlos\AppData\Local\Temp\ccrltvyC.s:169    .text.HAL_PCDEx_DeActivateBCD:00000000 HAL_PCDEx_DeActivateBCD
C:\Users\carlos\AppData\Local\Temp\ccrltvyC.s:205    .text.HAL_PCDEx_ActivateLPM:00000000 $t
C:\Users\carlos\AppData\Local\Temp\ccrltvyC.s:212    .text.HAL_PCDEx_ActivateLPM:00000000 HAL_PCDEx_ActivateLPM
C:\Users\carlos\AppData\Local\Temp\ccrltvyC.s:257    .text.HAL_PCDEx_DeActivateLPM:00000000 $t
C:\Users\carlos\AppData\Local\Temp\ccrltvyC.s:264    .text.HAL_PCDEx_DeActivateLPM:00000000 HAL_PCDEx_DeActivateLPM
C:\Users\carlos\AppData\Local\Temp\ccrltvyC.s:307    .text.HAL_PCDEx_LPM_Callback:00000000 $t
C:\Users\carlos\AppData\Local\Temp\ccrltvyC.s:314    .text.HAL_PCDEx_LPM_Callback:00000000 HAL_PCDEx_LPM_Callback
C:\Users\carlos\AppData\Local\Temp\ccrltvyC.s:330    .text.HAL_PCDEx_BCD_Callback:00000000 $t
C:\Users\carlos\AppData\Local\Temp\ccrltvyC.s:337    .text.HAL_PCDEx_BCD_Callback:00000000 HAL_PCDEx_BCD_Callback
C:\Users\carlos\AppData\Local\Temp\ccrltvyC.s:353    .text.HAL_PCDEx_BCD_VBUSDetect:00000000 $t
C:\Users\carlos\AppData\Local\Temp\ccrltvyC.s:360    .text.HAL_PCDEx_BCD_VBUSDetect:00000000 HAL_PCDEx_BCD_VBUSDetect

UNDEFINED SYMBOLS
HAL_GetTick
HAL_Delay
