ARM GAS  C:\Users\carlos\AppData\Local\Temp\ccSA5icT.s 			page 1


   1              		.cpu cortex-m33
   2              		.eabi_attribute 27, 1
   3              		.eabi_attribute 28, 1
   4              		.eabi_attribute 20, 1
   5              		.eabi_attribute 21, 1
   6              		.eabi_attribute 23, 3
   7              		.eabi_attribute 24, 1
   8              		.eabi_attribute 25, 1
   9              		.eabi_attribute 26, 1
  10              		.eabi_attribute 30, 1
  11              		.eabi_attribute 34, 1
  12              		.eabi_attribute 18, 4
  13              		.file	"stm32l5xx_hal_msp.c"
  14              		.text
  15              	.Ltext0:
  16              		.cfi_sections	.debug_frame
  17              		.section	.text.HAL_MspInit,"ax",%progbits
  18              		.align	1
  19              		.global	HAL_MspInit
  20              		.arch armv8-m.main
  21              		.arch_extension dsp
  22              		.syntax unified
  23              		.thumb
  24              		.thumb_func
  25              		.fpu fpv4-sp-d16
  27              	HAL_MspInit:
  28              	.LFB1084:
  29              		.file 1 "../../Secure/Core/Src/stm32l5xx_hal_msp.c"
   1:../../Secure/Core/Src/stm32l5xx_hal_msp.c **** 
   2:../../Secure/Core/Src/stm32l5xx_hal_msp.c **** /* USER CODE BEGIN Header */
   3:../../Secure/Core/Src/stm32l5xx_hal_msp.c **** /**
   4:../../Secure/Core/Src/stm32l5xx_hal_msp.c ****   ******************************************************************************
   5:../../Secure/Core/Src/stm32l5xx_hal_msp.c ****   * @file         stm32l5xx_hal_msp.c
   6:../../Secure/Core/Src/stm32l5xx_hal_msp.c ****   * @brief        This file provides code for the MSP Initialization
   7:../../Secure/Core/Src/stm32l5xx_hal_msp.c ****   *               and de-Initialization codes.
   8:../../Secure/Core/Src/stm32l5xx_hal_msp.c ****   ******************************************************************************
   9:../../Secure/Core/Src/stm32l5xx_hal_msp.c ****   * @attention
  10:../../Secure/Core/Src/stm32l5xx_hal_msp.c ****   *
  11:../../Secure/Core/Src/stm32l5xx_hal_msp.c ****   * Copyright (c) 2024 STMicroelectronics.
  12:../../Secure/Core/Src/stm32l5xx_hal_msp.c ****   * All rights reserved.
  13:../../Secure/Core/Src/stm32l5xx_hal_msp.c ****   *
  14:../../Secure/Core/Src/stm32l5xx_hal_msp.c ****   * This software is licensed under terms that can be found in the LICENSE file
  15:../../Secure/Core/Src/stm32l5xx_hal_msp.c ****   * in the root directory of this software component.
  16:../../Secure/Core/Src/stm32l5xx_hal_msp.c ****   * If no LICENSE file comes with this software, it is provided AS-IS.
  17:../../Secure/Core/Src/stm32l5xx_hal_msp.c ****   *
  18:../../Secure/Core/Src/stm32l5xx_hal_msp.c ****   ******************************************************************************
  19:../../Secure/Core/Src/stm32l5xx_hal_msp.c ****   */
  20:../../Secure/Core/Src/stm32l5xx_hal_msp.c **** /* USER CODE END Header */
  21:../../Secure/Core/Src/stm32l5xx_hal_msp.c **** 
  22:../../Secure/Core/Src/stm32l5xx_hal_msp.c **** /* Includes ------------------------------------------------------------------*/
  23:../../Secure/Core/Src/stm32l5xx_hal_msp.c **** #include "main.h"
  24:../../Secure/Core/Src/stm32l5xx_hal_msp.c **** /* USER CODE BEGIN Includes */
  25:../../Secure/Core/Src/stm32l5xx_hal_msp.c **** 
  26:../../Secure/Core/Src/stm32l5xx_hal_msp.c **** /* USER CODE END Includes */
  27:../../Secure/Core/Src/stm32l5xx_hal_msp.c **** 
  28:../../Secure/Core/Src/stm32l5xx_hal_msp.c **** /* Private typedef -----------------------------------------------------------*/
  29:../../Secure/Core/Src/stm32l5xx_hal_msp.c **** /* USER CODE BEGIN TD */
ARM GAS  C:\Users\carlos\AppData\Local\Temp\ccSA5icT.s 			page 2


  30:../../Secure/Core/Src/stm32l5xx_hal_msp.c **** 
  31:../../Secure/Core/Src/stm32l5xx_hal_msp.c **** /* USER CODE END TD */
  32:../../Secure/Core/Src/stm32l5xx_hal_msp.c **** 
  33:../../Secure/Core/Src/stm32l5xx_hal_msp.c **** /* Private define ------------------------------------------------------------*/
  34:../../Secure/Core/Src/stm32l5xx_hal_msp.c **** /* USER CODE BEGIN Define */
  35:../../Secure/Core/Src/stm32l5xx_hal_msp.c **** 
  36:../../Secure/Core/Src/stm32l5xx_hal_msp.c **** /* USER CODE END Define */
  37:../../Secure/Core/Src/stm32l5xx_hal_msp.c **** 
  38:../../Secure/Core/Src/stm32l5xx_hal_msp.c **** /* Private macro -------------------------------------------------------------*/
  39:../../Secure/Core/Src/stm32l5xx_hal_msp.c **** /* USER CODE BEGIN Macro */
  40:../../Secure/Core/Src/stm32l5xx_hal_msp.c **** 
  41:../../Secure/Core/Src/stm32l5xx_hal_msp.c **** /* USER CODE END Macro */
  42:../../Secure/Core/Src/stm32l5xx_hal_msp.c **** 
  43:../../Secure/Core/Src/stm32l5xx_hal_msp.c **** /* Private variables ---------------------------------------------------------*/
  44:../../Secure/Core/Src/stm32l5xx_hal_msp.c **** /* USER CODE BEGIN PV */
  45:../../Secure/Core/Src/stm32l5xx_hal_msp.c **** 
  46:../../Secure/Core/Src/stm32l5xx_hal_msp.c **** /* USER CODE END PV */
  47:../../Secure/Core/Src/stm32l5xx_hal_msp.c **** 
  48:../../Secure/Core/Src/stm32l5xx_hal_msp.c **** /* Private function prototypes -----------------------------------------------*/
  49:../../Secure/Core/Src/stm32l5xx_hal_msp.c **** /* USER CODE BEGIN PFP */
  50:../../Secure/Core/Src/stm32l5xx_hal_msp.c **** 
  51:../../Secure/Core/Src/stm32l5xx_hal_msp.c **** /* USER CODE END PFP */
  52:../../Secure/Core/Src/stm32l5xx_hal_msp.c **** 
  53:../../Secure/Core/Src/stm32l5xx_hal_msp.c **** /* External functions --------------------------------------------------------*/
  54:../../Secure/Core/Src/stm32l5xx_hal_msp.c **** /* USER CODE BEGIN ExternalFunctions */
  55:../../Secure/Core/Src/stm32l5xx_hal_msp.c **** 
  56:../../Secure/Core/Src/stm32l5xx_hal_msp.c **** /* USER CODE END ExternalFunctions */
  57:../../Secure/Core/Src/stm32l5xx_hal_msp.c **** 
  58:../../Secure/Core/Src/stm32l5xx_hal_msp.c **** /* USER CODE BEGIN 0 */
  59:../../Secure/Core/Src/stm32l5xx_hal_msp.c **** 
  60:../../Secure/Core/Src/stm32l5xx_hal_msp.c **** /* USER CODE END 0 */
  61:../../Secure/Core/Src/stm32l5xx_hal_msp.c **** /**
  62:../../Secure/Core/Src/stm32l5xx_hal_msp.c ****   * Initializes the Global MSP.
  63:../../Secure/Core/Src/stm32l5xx_hal_msp.c ****   */
  64:../../Secure/Core/Src/stm32l5xx_hal_msp.c **** void HAL_MspInit(void)
  65:../../Secure/Core/Src/stm32l5xx_hal_msp.c **** {
  30              		.loc 1 65 1 view -0
  31              		.cfi_startproc
  32              		@ args = 0, pretend = 0, frame = 16
  33              		@ frame_needed = 0, uses_anonymous_args = 0
  34              		@ link register save eliminated.
  35 0000 84B0     		sub	sp, sp, #16
  36              	.LCFI0:
  37              		.cfi_def_cfa_offset 16
  66:../../Secure/Core/Src/stm32l5xx_hal_msp.c **** 
  67:../../Secure/Core/Src/stm32l5xx_hal_msp.c ****   /* USER CODE BEGIN MspInit 0 */
  68:../../Secure/Core/Src/stm32l5xx_hal_msp.c **** 
  69:../../Secure/Core/Src/stm32l5xx_hal_msp.c ****   /* USER CODE END MspInit 0 */
  70:../../Secure/Core/Src/stm32l5xx_hal_msp.c **** 
  71:../../Secure/Core/Src/stm32l5xx_hal_msp.c ****   __HAL_RCC_SYSCFG_CLK_ENABLE();
  38              		.loc 1 71 3 view .LVU1
  39              	.LBB2:
  40              		.loc 1 71 3 view .LVU2
  41              		.loc 1 71 3 view .LVU3
  42 0002 0F4B     		ldr	r3, .L3
  43 0004 1A6E     		ldr	r2, [r3, #96]
  44 0006 42F00102 		orr	r2, r2, #1
ARM GAS  C:\Users\carlos\AppData\Local\Temp\ccSA5icT.s 			page 3


  45 000a 1A66     		str	r2, [r3, #96]
  46              		.loc 1 71 3 view .LVU4
  47 000c 1A6E     		ldr	r2, [r3, #96]
  48 000e 02F00102 		and	r2, r2, #1
  49 0012 0192     		str	r2, [sp, #4]
  50              		.loc 1 71 3 view .LVU5
  51 0014 019A     		ldr	r2, [sp, #4]
  52              	.LBE2:
  53              		.loc 1 71 3 view .LVU6
  72:../../Secure/Core/Src/stm32l5xx_hal_msp.c ****   __HAL_RCC_PWR_CLK_ENABLE();
  54              		.loc 1 72 3 view .LVU7
  55              	.LBB3:
  56              		.loc 1 72 3 view .LVU8
  57              		.loc 1 72 3 view .LVU9
  58 0016 9A6D     		ldr	r2, [r3, #88]
  59 0018 42F08052 		orr	r2, r2, #268435456
  60 001c 9A65     		str	r2, [r3, #88]
  61              		.loc 1 72 3 view .LVU10
  62 001e 9A6D     		ldr	r2, [r3, #88]
  63 0020 02F08052 		and	r2, r2, #268435456
  64 0024 0292     		str	r2, [sp, #8]
  65              		.loc 1 72 3 view .LVU11
  66 0026 029A     		ldr	r2, [sp, #8]
  67              	.LBE3:
  68              		.loc 1 72 3 view .LVU12
  73:../../Secure/Core/Src/stm32l5xx_hal_msp.c ****   __HAL_RCC_GTZC_CLK_ENABLE();
  69              		.loc 1 73 3 view .LVU13
  70              	.LBB4:
  71              		.loc 1 73 3 view .LVU14
  72              		.loc 1 73 3 view .LVU15
  73 0028 9A6C     		ldr	r2, [r3, #72]
  74 002a 42F48002 		orr	r2, r2, #4194304
  75 002e 9A64     		str	r2, [r3, #72]
  76              		.loc 1 73 3 view .LVU16
  77 0030 9B6C     		ldr	r3, [r3, #72]
  78 0032 03F48003 		and	r3, r3, #4194304
  79 0036 0393     		str	r3, [sp, #12]
  80              		.loc 1 73 3 view .LVU17
  81 0038 039B     		ldr	r3, [sp, #12]
  82              	.LBE4:
  83              		.loc 1 73 3 view .LVU18
  74:../../Secure/Core/Src/stm32l5xx_hal_msp.c **** 
  75:../../Secure/Core/Src/stm32l5xx_hal_msp.c ****   /* System interrupt init*/
  76:../../Secure/Core/Src/stm32l5xx_hal_msp.c **** 
  77:../../Secure/Core/Src/stm32l5xx_hal_msp.c ****   /* USER CODE BEGIN MspInit 1 */
  78:../../Secure/Core/Src/stm32l5xx_hal_msp.c **** 
  79:../../Secure/Core/Src/stm32l5xx_hal_msp.c ****   /* USER CODE END MspInit 1 */
  80:../../Secure/Core/Src/stm32l5xx_hal_msp.c **** }
  84              		.loc 1 80 1 is_stmt 0 view .LVU19
  85 003a 04B0     		add	sp, sp, #16
  86              	.LCFI1:
  87              		.cfi_def_cfa_offset 0
  88              		@ sp needed
  89 003c 7047     		bx	lr
  90              	.L4:
  91 003e 00BF     		.align	2
  92              	.L3:
ARM GAS  C:\Users\carlos\AppData\Local\Temp\ccSA5icT.s 			page 4


  93 0040 00100250 		.word	1342312448
  94              		.cfi_endproc
  95              	.LFE1084:
  97              		.section	.text.HAL_UART_MspInit,"ax",%progbits
  98              		.align	1
  99              		.global	HAL_UART_MspInit
 100              		.syntax unified
 101              		.thumb
 102              		.thumb_func
 103              		.fpu fpv4-sp-d16
 105              	HAL_UART_MspInit:
 106              	.LVL0:
 107              	.LFB1085:
  81:../../Secure/Core/Src/stm32l5xx_hal_msp.c **** 
  82:../../Secure/Core/Src/stm32l5xx_hal_msp.c **** /**
  83:../../Secure/Core/Src/stm32l5xx_hal_msp.c **** * @brief UART MSP Initialization
  84:../../Secure/Core/Src/stm32l5xx_hal_msp.c **** * This function configures the hardware resources used in this example
  85:../../Secure/Core/Src/stm32l5xx_hal_msp.c **** * @param huart: UART handle pointer
  86:../../Secure/Core/Src/stm32l5xx_hal_msp.c **** * @retval None
  87:../../Secure/Core/Src/stm32l5xx_hal_msp.c **** */
  88:../../Secure/Core/Src/stm32l5xx_hal_msp.c **** void HAL_UART_MspInit(UART_HandleTypeDef* huart)
  89:../../Secure/Core/Src/stm32l5xx_hal_msp.c **** {
 108              		.loc 1 89 1 is_stmt 1 view -0
 109              		.cfi_startproc
 110              		@ args = 0, pretend = 0, frame = 176
 111              		@ frame_needed = 0, uses_anonymous_args = 0
 112              		.loc 1 89 1 is_stmt 0 view .LVU21
 113 0000 10B5     		push	{r4, lr}
 114              	.LCFI2:
 115              		.cfi_def_cfa_offset 8
 116              		.cfi_offset 4, -8
 117              		.cfi_offset 14, -4
 118 0002 ACB0     		sub	sp, sp, #176
 119              	.LCFI3:
 120              		.cfi_def_cfa_offset 184
 121 0004 0446     		mov	r4, r0
  90:../../Secure/Core/Src/stm32l5xx_hal_msp.c ****   GPIO_InitTypeDef GPIO_InitStruct = {0};
 122              		.loc 1 90 3 is_stmt 1 view .LVU22
 123              		.loc 1 90 20 is_stmt 0 view .LVU23
 124 0006 0021     		movs	r1, #0
 125 0008 2791     		str	r1, [sp, #156]
 126 000a 2891     		str	r1, [sp, #160]
 127 000c 2991     		str	r1, [sp, #164]
 128 000e 2A91     		str	r1, [sp, #168]
 129 0010 2B91     		str	r1, [sp, #172]
  91:../../Secure/Core/Src/stm32l5xx_hal_msp.c ****   RCC_PeriphCLKInitTypeDef PeriphClkInit = {0};
 130              		.loc 1 91 3 is_stmt 1 view .LVU24
 131              		.loc 1 91 28 is_stmt 0 view .LVU25
 132 0012 9422     		movs	r2, #148
 133 0014 02A8     		add	r0, sp, #8
 134              	.LVL1:
 135              		.loc 1 91 28 view .LVU26
 136 0016 FFF7FEFF 		bl	memset
 137              	.LVL2:
  92:../../Secure/Core/Src/stm32l5xx_hal_msp.c ****   if(huart->Instance==LPUART1)
 138              		.loc 1 92 3 is_stmt 1 view .LVU27
 139              		.loc 1 92 11 is_stmt 0 view .LVU28
ARM GAS  C:\Users\carlos\AppData\Local\Temp\ccSA5icT.s 			page 5


 140 001a 2268     		ldr	r2, [r4]
 141              		.loc 1 92 5 view .LVU29
 142 001c 184B     		ldr	r3, .L11
 143 001e 9A42     		cmp	r2, r3
 144 0020 01D0     		beq	.L9
 145              	.L5:
  93:../../Secure/Core/Src/stm32l5xx_hal_msp.c ****   {
  94:../../Secure/Core/Src/stm32l5xx_hal_msp.c ****   /* USER CODE BEGIN LPUART1_MspInit 0 */
  95:../../Secure/Core/Src/stm32l5xx_hal_msp.c **** 
  96:../../Secure/Core/Src/stm32l5xx_hal_msp.c ****   /* USER CODE END LPUART1_MspInit 0 */
  97:../../Secure/Core/Src/stm32l5xx_hal_msp.c **** 
  98:../../Secure/Core/Src/stm32l5xx_hal_msp.c ****   /** Initializes the peripherals clock
  99:../../Secure/Core/Src/stm32l5xx_hal_msp.c ****   */
 100:../../Secure/Core/Src/stm32l5xx_hal_msp.c ****     PeriphClkInit.PeriphClockSelection = RCC_PERIPHCLK_LPUART1;
 101:../../Secure/Core/Src/stm32l5xx_hal_msp.c ****     PeriphClkInit.Lpuart1ClockSelection = RCC_LPUART1CLKSOURCE_PCLK1;
 102:../../Secure/Core/Src/stm32l5xx_hal_msp.c ****     if (HAL_RCCEx_PeriphCLKConfig(&PeriphClkInit) != HAL_OK)
 103:../../Secure/Core/Src/stm32l5xx_hal_msp.c ****     {
 104:../../Secure/Core/Src/stm32l5xx_hal_msp.c ****       Error_Handler();
 105:../../Secure/Core/Src/stm32l5xx_hal_msp.c ****     }
 106:../../Secure/Core/Src/stm32l5xx_hal_msp.c **** 
 107:../../Secure/Core/Src/stm32l5xx_hal_msp.c ****     /* Peripheral clock enable */
 108:../../Secure/Core/Src/stm32l5xx_hal_msp.c ****     __HAL_RCC_LPUART1_CLK_ENABLE();
 109:../../Secure/Core/Src/stm32l5xx_hal_msp.c **** 
 110:../../Secure/Core/Src/stm32l5xx_hal_msp.c ****     __HAL_RCC_GPIOG_CLK_ENABLE();
 111:../../Secure/Core/Src/stm32l5xx_hal_msp.c ****     HAL_PWREx_EnableVddIO2();
 112:../../Secure/Core/Src/stm32l5xx_hal_msp.c ****     /**LPUART1 GPIO Configuration
 113:../../Secure/Core/Src/stm32l5xx_hal_msp.c ****     PG7     ------> LPUART1_TX
 114:../../Secure/Core/Src/stm32l5xx_hal_msp.c ****     PG8     ------> LPUART1_RX
 115:../../Secure/Core/Src/stm32l5xx_hal_msp.c ****     */
 116:../../Secure/Core/Src/stm32l5xx_hal_msp.c ****     GPIO_InitStruct.Pin = LPUART1_TX_Pin|LPUART1_RX__ST_LINK_VCP_TX__Pin;
 117:../../Secure/Core/Src/stm32l5xx_hal_msp.c ****     GPIO_InitStruct.Mode = GPIO_MODE_AF_PP;
 118:../../Secure/Core/Src/stm32l5xx_hal_msp.c ****     GPIO_InitStruct.Pull = GPIO_NOPULL;
 119:../../Secure/Core/Src/stm32l5xx_hal_msp.c ****     GPIO_InitStruct.Speed = GPIO_SPEED_FREQ_LOW;
 120:../../Secure/Core/Src/stm32l5xx_hal_msp.c ****     GPIO_InitStruct.Alternate = GPIO_AF8_LPUART1;
 121:../../Secure/Core/Src/stm32l5xx_hal_msp.c ****     HAL_GPIO_Init(GPIOG, &GPIO_InitStruct);
 122:../../Secure/Core/Src/stm32l5xx_hal_msp.c **** 
 123:../../Secure/Core/Src/stm32l5xx_hal_msp.c ****   /* USER CODE BEGIN LPUART1_MspInit 1 */
 124:../../Secure/Core/Src/stm32l5xx_hal_msp.c **** 
 125:../../Secure/Core/Src/stm32l5xx_hal_msp.c ****   /* USER CODE END LPUART1_MspInit 1 */
 126:../../Secure/Core/Src/stm32l5xx_hal_msp.c **** 
 127:../../Secure/Core/Src/stm32l5xx_hal_msp.c ****   }
 128:../../Secure/Core/Src/stm32l5xx_hal_msp.c **** 
 129:../../Secure/Core/Src/stm32l5xx_hal_msp.c **** }
 146              		.loc 1 129 1 view .LVU30
 147 0022 2CB0     		add	sp, sp, #176
 148              	.LCFI4:
 149              		.cfi_remember_state
 150              		.cfi_def_cfa_offset 8
 151              		@ sp needed
 152 0024 10BD     		pop	{r4, pc}
 153              	.LVL3:
 154              	.L9:
 155              	.LCFI5:
 156              		.cfi_restore_state
 100:../../Secure/Core/Src/stm32l5xx_hal_msp.c ****     PeriphClkInit.Lpuart1ClockSelection = RCC_LPUART1CLKSOURCE_PCLK1;
 157              		.loc 1 100 5 is_stmt 1 view .LVU31
 100:../../Secure/Core/Src/stm32l5xx_hal_msp.c ****     PeriphClkInit.Lpuart1ClockSelection = RCC_LPUART1CLKSOURCE_PCLK1;
ARM GAS  C:\Users\carlos\AppData\Local\Temp\ccSA5icT.s 			page 6


 158              		.loc 1 100 40 is_stmt 0 view .LVU32
 159 0026 2023     		movs	r3, #32
 160 0028 0293     		str	r3, [sp, #8]
 101:../../Secure/Core/Src/stm32l5xx_hal_msp.c ****     if (HAL_RCCEx_PeriphCLKConfig(&PeriphClkInit) != HAL_OK)
 161              		.loc 1 101 5 is_stmt 1 view .LVU33
 102:../../Secure/Core/Src/stm32l5xx_hal_msp.c ****     {
 162              		.loc 1 102 5 view .LVU34
 102:../../Secure/Core/Src/stm32l5xx_hal_msp.c ****     {
 163              		.loc 1 102 9 is_stmt 0 view .LVU35
 164 002a 02A8     		add	r0, sp, #8
 165 002c FFF7FEFF 		bl	HAL_RCCEx_PeriphCLKConfig
 166              	.LVL4:
 102:../../Secure/Core/Src/stm32l5xx_hal_msp.c ****     {
 167              		.loc 1 102 8 view .LVU36
 168 0030 18BB     		cbnz	r0, .L10
 169              	.L7:
 108:../../Secure/Core/Src/stm32l5xx_hal_msp.c **** 
 170              		.loc 1 108 5 is_stmt 1 view .LVU37
 171              	.LBB5:
 108:../../Secure/Core/Src/stm32l5xx_hal_msp.c **** 
 172              		.loc 1 108 5 view .LVU38
 108:../../Secure/Core/Src/stm32l5xx_hal_msp.c **** 
 173              		.loc 1 108 5 view .LVU39
 174 0032 144B     		ldr	r3, .L11+4
 175 0034 DA6D     		ldr	r2, [r3, #92]
 176 0036 42F00102 		orr	r2, r2, #1
 177 003a DA65     		str	r2, [r3, #92]
 108:../../Secure/Core/Src/stm32l5xx_hal_msp.c **** 
 178              		.loc 1 108 5 view .LVU40
 179 003c DA6D     		ldr	r2, [r3, #92]
 180 003e 02F00102 		and	r2, r2, #1
 181 0042 0092     		str	r2, [sp]
 108:../../Secure/Core/Src/stm32l5xx_hal_msp.c **** 
 182              		.loc 1 108 5 view .LVU41
 183 0044 009A     		ldr	r2, [sp]
 184              	.LBE5:
 108:../../Secure/Core/Src/stm32l5xx_hal_msp.c **** 
 185              		.loc 1 108 5 view .LVU42
 110:../../Secure/Core/Src/stm32l5xx_hal_msp.c ****     HAL_PWREx_EnableVddIO2();
 186              		.loc 1 110 5 view .LVU43
 187              	.LBB6:
 110:../../Secure/Core/Src/stm32l5xx_hal_msp.c ****     HAL_PWREx_EnableVddIO2();
 188              		.loc 1 110 5 view .LVU44
 110:../../Secure/Core/Src/stm32l5xx_hal_msp.c ****     HAL_PWREx_EnableVddIO2();
 189              		.loc 1 110 5 view .LVU45
 190 0046 DA6C     		ldr	r2, [r3, #76]
 191 0048 42F04002 		orr	r2, r2, #64
 192 004c DA64     		str	r2, [r3, #76]
 110:../../Secure/Core/Src/stm32l5xx_hal_msp.c ****     HAL_PWREx_EnableVddIO2();
 193              		.loc 1 110 5 view .LVU46
 194 004e DB6C     		ldr	r3, [r3, #76]
 195 0050 03F04003 		and	r3, r3, #64
 196 0054 0193     		str	r3, [sp, #4]
 110:../../Secure/Core/Src/stm32l5xx_hal_msp.c ****     HAL_PWREx_EnableVddIO2();
 197              		.loc 1 110 5 view .LVU47
 198 0056 019B     		ldr	r3, [sp, #4]
 199              	.LBE6:
ARM GAS  C:\Users\carlos\AppData\Local\Temp\ccSA5icT.s 			page 7


 110:../../Secure/Core/Src/stm32l5xx_hal_msp.c ****     HAL_PWREx_EnableVddIO2();
 200              		.loc 1 110 5 view .LVU48
 111:../../Secure/Core/Src/stm32l5xx_hal_msp.c ****     /**LPUART1 GPIO Configuration
 201              		.loc 1 111 5 view .LVU49
 202 0058 FFF7FEFF 		bl	HAL_PWREx_EnableVddIO2
 203              	.LVL5:
 116:../../Secure/Core/Src/stm32l5xx_hal_msp.c ****     GPIO_InitStruct.Mode = GPIO_MODE_AF_PP;
 204              		.loc 1 116 5 view .LVU50
 116:../../Secure/Core/Src/stm32l5xx_hal_msp.c ****     GPIO_InitStruct.Mode = GPIO_MODE_AF_PP;
 205              		.loc 1 116 25 is_stmt 0 view .LVU51
 206 005c 4FF4C073 		mov	r3, #384
 207 0060 2793     		str	r3, [sp, #156]
 117:../../Secure/Core/Src/stm32l5xx_hal_msp.c ****     GPIO_InitStruct.Pull = GPIO_NOPULL;
 208              		.loc 1 117 5 is_stmt 1 view .LVU52
 117:../../Secure/Core/Src/stm32l5xx_hal_msp.c ****     GPIO_InitStruct.Pull = GPIO_NOPULL;
 209              		.loc 1 117 26 is_stmt 0 view .LVU53
 210 0062 0223     		movs	r3, #2
 211 0064 2893     		str	r3, [sp, #160]
 118:../../Secure/Core/Src/stm32l5xx_hal_msp.c ****     GPIO_InitStruct.Speed = GPIO_SPEED_FREQ_LOW;
 212              		.loc 1 118 5 is_stmt 1 view .LVU54
 118:../../Secure/Core/Src/stm32l5xx_hal_msp.c ****     GPIO_InitStruct.Speed = GPIO_SPEED_FREQ_LOW;
 213              		.loc 1 118 26 is_stmt 0 view .LVU55
 214 0066 0023     		movs	r3, #0
 215 0068 2993     		str	r3, [sp, #164]
 119:../../Secure/Core/Src/stm32l5xx_hal_msp.c ****     GPIO_InitStruct.Alternate = GPIO_AF8_LPUART1;
 216              		.loc 1 119 5 is_stmt 1 view .LVU56
 119:../../Secure/Core/Src/stm32l5xx_hal_msp.c ****     GPIO_InitStruct.Alternate = GPIO_AF8_LPUART1;
 217              		.loc 1 119 27 is_stmt 0 view .LVU57
 218 006a 2A93     		str	r3, [sp, #168]
 120:../../Secure/Core/Src/stm32l5xx_hal_msp.c ****     HAL_GPIO_Init(GPIOG, &GPIO_InitStruct);
 219              		.loc 1 120 5 is_stmt 1 view .LVU58
 120:../../Secure/Core/Src/stm32l5xx_hal_msp.c ****     HAL_GPIO_Init(GPIOG, &GPIO_InitStruct);
 220              		.loc 1 120 31 is_stmt 0 view .LVU59
 221 006c 0823     		movs	r3, #8
 222 006e 2B93     		str	r3, [sp, #172]
 121:../../Secure/Core/Src/stm32l5xx_hal_msp.c **** 
 223              		.loc 1 121 5 is_stmt 1 view .LVU60
 224 0070 27A9     		add	r1, sp, #156
 225 0072 0548     		ldr	r0, .L11+8
 226 0074 FFF7FEFF 		bl	HAL_GPIO_Init
 227              	.LVL6:
 228              		.loc 1 129 1 is_stmt 0 view .LVU61
 229 0078 D3E7     		b	.L5
 230              	.L10:
 104:../../Secure/Core/Src/stm32l5xx_hal_msp.c ****     }
 231              		.loc 1 104 7 is_stmt 1 view .LVU62
 232 007a FFF7FEFF 		bl	Error_Handler
 233              	.LVL7:
 234 007e D8E7     		b	.L7
 235              	.L12:
 236              		.align	2
 237              	.L11:
 238 0080 00800050 		.word	1342210048
 239 0084 00100250 		.word	1342312448
 240 0088 00180252 		.word	1375868928
 241              		.cfi_endproc
 242              	.LFE1085:
ARM GAS  C:\Users\carlos\AppData\Local\Temp\ccSA5icT.s 			page 8


 244              		.section	.text.HAL_UART_MspDeInit,"ax",%progbits
 245              		.align	1
 246              		.global	HAL_UART_MspDeInit
 247              		.syntax unified
 248              		.thumb
 249              		.thumb_func
 250              		.fpu fpv4-sp-d16
 252              	HAL_UART_MspDeInit:
 253              	.LVL8:
 254              	.LFB1086:
 130:../../Secure/Core/Src/stm32l5xx_hal_msp.c **** 
 131:../../Secure/Core/Src/stm32l5xx_hal_msp.c **** /**
 132:../../Secure/Core/Src/stm32l5xx_hal_msp.c **** * @brief UART MSP De-Initialization
 133:../../Secure/Core/Src/stm32l5xx_hal_msp.c **** * This function freeze the hardware resources used in this example
 134:../../Secure/Core/Src/stm32l5xx_hal_msp.c **** * @param huart: UART handle pointer
 135:../../Secure/Core/Src/stm32l5xx_hal_msp.c **** * @retval None
 136:../../Secure/Core/Src/stm32l5xx_hal_msp.c **** */
 137:../../Secure/Core/Src/stm32l5xx_hal_msp.c **** void HAL_UART_MspDeInit(UART_HandleTypeDef* huart)
 138:../../Secure/Core/Src/stm32l5xx_hal_msp.c **** {
 255              		.loc 1 138 1 view -0
 256              		.cfi_startproc
 257              		@ args = 0, pretend = 0, frame = 0
 258              		@ frame_needed = 0, uses_anonymous_args = 0
 259              		.loc 1 138 1 is_stmt 0 view .LVU64
 260 0000 08B5     		push	{r3, lr}
 261              	.LCFI6:
 262              		.cfi_def_cfa_offset 8
 263              		.cfi_offset 3, -8
 264              		.cfi_offset 14, -4
 139:../../Secure/Core/Src/stm32l5xx_hal_msp.c ****   if(huart->Instance==LPUART1)
 265              		.loc 1 139 3 is_stmt 1 view .LVU65
 266              		.loc 1 139 11 is_stmt 0 view .LVU66
 267 0002 0268     		ldr	r2, [r0]
 268              		.loc 1 139 5 view .LVU67
 269 0004 074B     		ldr	r3, .L17
 270 0006 9A42     		cmp	r2, r3
 271 0008 00D0     		beq	.L16
 272              	.LVL9:
 273              	.L13:
 140:../../Secure/Core/Src/stm32l5xx_hal_msp.c ****   {
 141:../../Secure/Core/Src/stm32l5xx_hal_msp.c ****   /* USER CODE BEGIN LPUART1_MspDeInit 0 */
 142:../../Secure/Core/Src/stm32l5xx_hal_msp.c **** 
 143:../../Secure/Core/Src/stm32l5xx_hal_msp.c ****   /* USER CODE END LPUART1_MspDeInit 0 */
 144:../../Secure/Core/Src/stm32l5xx_hal_msp.c ****     /* Peripheral clock disable */
 145:../../Secure/Core/Src/stm32l5xx_hal_msp.c ****     __HAL_RCC_LPUART1_CLK_DISABLE();
 146:../../Secure/Core/Src/stm32l5xx_hal_msp.c **** 
 147:../../Secure/Core/Src/stm32l5xx_hal_msp.c ****     /**LPUART1 GPIO Configuration
 148:../../Secure/Core/Src/stm32l5xx_hal_msp.c ****     PG7     ------> LPUART1_TX
 149:../../Secure/Core/Src/stm32l5xx_hal_msp.c ****     PG8     ------> LPUART1_RX
 150:../../Secure/Core/Src/stm32l5xx_hal_msp.c ****     */
 151:../../Secure/Core/Src/stm32l5xx_hal_msp.c ****     HAL_GPIO_DeInit(GPIOG, LPUART1_TX_Pin|LPUART1_RX__ST_LINK_VCP_TX__Pin);
 152:../../Secure/Core/Src/stm32l5xx_hal_msp.c **** 
 153:../../Secure/Core/Src/stm32l5xx_hal_msp.c ****   /* USER CODE BEGIN LPUART1_MspDeInit 1 */
 154:../../Secure/Core/Src/stm32l5xx_hal_msp.c **** 
 155:../../Secure/Core/Src/stm32l5xx_hal_msp.c ****   /* USER CODE END LPUART1_MspDeInit 1 */
 156:../../Secure/Core/Src/stm32l5xx_hal_msp.c ****   }
 157:../../Secure/Core/Src/stm32l5xx_hal_msp.c **** 
ARM GAS  C:\Users\carlos\AppData\Local\Temp\ccSA5icT.s 			page 9


 158:../../Secure/Core/Src/stm32l5xx_hal_msp.c **** }
 274              		.loc 1 158 1 view .LVU68
 275 000a 08BD     		pop	{r3, pc}
 276              	.LVL10:
 277              	.L16:
 145:../../Secure/Core/Src/stm32l5xx_hal_msp.c **** 
 278              		.loc 1 145 5 is_stmt 1 view .LVU69
 279 000c 064A     		ldr	r2, .L17+4
 280 000e D36D     		ldr	r3, [r2, #92]
 281 0010 23F00103 		bic	r3, r3, #1
 282 0014 D365     		str	r3, [r2, #92]
 151:../../Secure/Core/Src/stm32l5xx_hal_msp.c **** 
 283              		.loc 1 151 5 view .LVU70
 284 0016 4FF4C071 		mov	r1, #384
 285 001a 0448     		ldr	r0, .L17+8
 286              	.LVL11:
 151:../../Secure/Core/Src/stm32l5xx_hal_msp.c **** 
 287              		.loc 1 151 5 is_stmt 0 view .LVU71
 288 001c FFF7FEFF 		bl	HAL_GPIO_DeInit
 289              	.LVL12:
 290              		.loc 1 158 1 view .LVU72
 291 0020 F3E7     		b	.L13
 292              	.L18:
 293 0022 00BF     		.align	2
 294              	.L17:
 295 0024 00800050 		.word	1342210048
 296 0028 00100250 		.word	1342312448
 297 002c 00180252 		.word	1375868928
 298              		.cfi_endproc
 299              	.LFE1086:
 301              		.section	.text.HAL_RTC_MspInit,"ax",%progbits
 302              		.align	1
 303              		.global	HAL_RTC_MspInit
 304              		.syntax unified
 305              		.thumb
 306              		.thumb_func
 307              		.fpu fpv4-sp-d16
 309              	HAL_RTC_MspInit:
 310              	.LVL13:
 311              	.LFB1087:
 159:../../Secure/Core/Src/stm32l5xx_hal_msp.c **** 
 160:../../Secure/Core/Src/stm32l5xx_hal_msp.c **** /**
 161:../../Secure/Core/Src/stm32l5xx_hal_msp.c **** * @brief RTC MSP Initialization
 162:../../Secure/Core/Src/stm32l5xx_hal_msp.c **** * This function configures the hardware resources used in this example
 163:../../Secure/Core/Src/stm32l5xx_hal_msp.c **** * @param hrtc: RTC handle pointer
 164:../../Secure/Core/Src/stm32l5xx_hal_msp.c **** * @retval None
 165:../../Secure/Core/Src/stm32l5xx_hal_msp.c **** */
 166:../../Secure/Core/Src/stm32l5xx_hal_msp.c **** void HAL_RTC_MspInit(RTC_HandleTypeDef* hrtc)
 167:../../Secure/Core/Src/stm32l5xx_hal_msp.c **** {
 312              		.loc 1 167 1 is_stmt 1 view -0
 313              		.cfi_startproc
 314              		@ args = 0, pretend = 0, frame = 152
 315              		@ frame_needed = 0, uses_anonymous_args = 0
 316              		.loc 1 167 1 is_stmt 0 view .LVU74
 317 0000 10B5     		push	{r4, lr}
 318              	.LCFI7:
 319              		.cfi_def_cfa_offset 8
ARM GAS  C:\Users\carlos\AppData\Local\Temp\ccSA5icT.s 			page 10


 320              		.cfi_offset 4, -8
 321              		.cfi_offset 14, -4
 322 0002 A6B0     		sub	sp, sp, #152
 323              	.LCFI8:
 324              		.cfi_def_cfa_offset 160
 325 0004 0446     		mov	r4, r0
 168:../../Secure/Core/Src/stm32l5xx_hal_msp.c ****   RCC_PeriphCLKInitTypeDef PeriphClkInit = {0};
 326              		.loc 1 168 3 is_stmt 1 view .LVU75
 327              		.loc 1 168 28 is_stmt 0 view .LVU76
 328 0006 9422     		movs	r2, #148
 329 0008 0021     		movs	r1, #0
 330 000a 01A8     		add	r0, sp, #4
 331              	.LVL14:
 332              		.loc 1 168 28 view .LVU77
 333 000c FFF7FEFF 		bl	memset
 334              	.LVL15:
 169:../../Secure/Core/Src/stm32l5xx_hal_msp.c ****   if(hrtc->Instance==RTC)
 335              		.loc 1 169 3 is_stmt 1 view .LVU78
 336              		.loc 1 169 10 is_stmt 0 view .LVU79
 337 0010 2268     		ldr	r2, [r4]
 338              		.loc 1 169 5 view .LVU80
 339 0012 114B     		ldr	r3, .L25
 340 0014 9A42     		cmp	r2, r3
 341 0016 01D0     		beq	.L23
 342              	.L19:
 170:../../Secure/Core/Src/stm32l5xx_hal_msp.c ****   {
 171:../../Secure/Core/Src/stm32l5xx_hal_msp.c ****   /* USER CODE BEGIN RTC_MspInit 0 */
 172:../../Secure/Core/Src/stm32l5xx_hal_msp.c **** 
 173:../../Secure/Core/Src/stm32l5xx_hal_msp.c ****   /* USER CODE END RTC_MspInit 0 */
 174:../../Secure/Core/Src/stm32l5xx_hal_msp.c **** 
 175:../../Secure/Core/Src/stm32l5xx_hal_msp.c ****   /** Initializes the peripherals clock
 176:../../Secure/Core/Src/stm32l5xx_hal_msp.c ****   */
 177:../../Secure/Core/Src/stm32l5xx_hal_msp.c ****     PeriphClkInit.PeriphClockSelection = RCC_PERIPHCLK_RTC;
 178:../../Secure/Core/Src/stm32l5xx_hal_msp.c ****     PeriphClkInit.RTCClockSelection = RCC_RTCCLKSOURCE_LSE;
 179:../../Secure/Core/Src/stm32l5xx_hal_msp.c ****     if (HAL_RCCEx_PeriphCLKConfig(&PeriphClkInit) != HAL_OK)
 180:../../Secure/Core/Src/stm32l5xx_hal_msp.c ****     {
 181:../../Secure/Core/Src/stm32l5xx_hal_msp.c ****       Error_Handler();
 182:../../Secure/Core/Src/stm32l5xx_hal_msp.c ****     }
 183:../../Secure/Core/Src/stm32l5xx_hal_msp.c **** 
 184:../../Secure/Core/Src/stm32l5xx_hal_msp.c ****     /* Peripheral clock enable */
 185:../../Secure/Core/Src/stm32l5xx_hal_msp.c ****     __HAL_RCC_RTC_ENABLE();
 186:../../Secure/Core/Src/stm32l5xx_hal_msp.c ****     __HAL_RCC_RTCAPB_CLK_ENABLE();
 187:../../Secure/Core/Src/stm32l5xx_hal_msp.c ****   /* USER CODE BEGIN RTC_MspInit 1 */
 188:../../Secure/Core/Src/stm32l5xx_hal_msp.c **** 
 189:../../Secure/Core/Src/stm32l5xx_hal_msp.c ****   /* USER CODE END RTC_MspInit 1 */
 190:../../Secure/Core/Src/stm32l5xx_hal_msp.c **** 
 191:../../Secure/Core/Src/stm32l5xx_hal_msp.c ****   }
 192:../../Secure/Core/Src/stm32l5xx_hal_msp.c **** 
 193:../../Secure/Core/Src/stm32l5xx_hal_msp.c **** }
 343              		.loc 1 193 1 view .LVU81
 344 0018 26B0     		add	sp, sp, #152
 345              	.LCFI9:
 346              		.cfi_remember_state
 347              		.cfi_def_cfa_offset 8
 348              		@ sp needed
 349 001a 10BD     		pop	{r4, pc}
 350              	.LVL16:
ARM GAS  C:\Users\carlos\AppData\Local\Temp\ccSA5icT.s 			page 11


 351              	.L23:
 352              	.LCFI10:
 353              		.cfi_restore_state
 177:../../Secure/Core/Src/stm32l5xx_hal_msp.c ****     PeriphClkInit.RTCClockSelection = RCC_RTCCLKSOURCE_LSE;
 354              		.loc 1 177 5 is_stmt 1 view .LVU82
 177:../../Secure/Core/Src/stm32l5xx_hal_msp.c ****     PeriphClkInit.RTCClockSelection = RCC_RTCCLKSOURCE_LSE;
 355              		.loc 1 177 40 is_stmt 0 view .LVU83
 356 001c 4FF40033 		mov	r3, #131072
 357 0020 0193     		str	r3, [sp, #4]
 178:../../Secure/Core/Src/stm32l5xx_hal_msp.c ****     if (HAL_RCCEx_PeriphCLKConfig(&PeriphClkInit) != HAL_OK)
 358              		.loc 1 178 5 is_stmt 1 view .LVU84
 178:../../Secure/Core/Src/stm32l5xx_hal_msp.c ****     if (HAL_RCCEx_PeriphCLKConfig(&PeriphClkInit) != HAL_OK)
 359              		.loc 1 178 37 is_stmt 0 view .LVU85
 360 0022 4FF48073 		mov	r3, #256
 361 0026 2593     		str	r3, [sp, #148]
 179:../../Secure/Core/Src/stm32l5xx_hal_msp.c ****     {
 362              		.loc 1 179 5 is_stmt 1 view .LVU86
 179:../../Secure/Core/Src/stm32l5xx_hal_msp.c ****     {
 363              		.loc 1 179 9 is_stmt 0 view .LVU87
 364 0028 01A8     		add	r0, sp, #4
 365 002a FFF7FEFF 		bl	HAL_RCCEx_PeriphCLKConfig
 366              	.LVL17:
 179:../../Secure/Core/Src/stm32l5xx_hal_msp.c ****     {
 367              		.loc 1 179 8 view .LVU88
 368 002e 80B9     		cbnz	r0, .L24
 369              	.L21:
 185:../../Secure/Core/Src/stm32l5xx_hal_msp.c ****     __HAL_RCC_RTCAPB_CLK_ENABLE();
 370              		.loc 1 185 5 is_stmt 1 view .LVU89
 371 0030 0A4B     		ldr	r3, .L25+4
 372 0032 D3F89020 		ldr	r2, [r3, #144]
 373 0036 42F40042 		orr	r2, r2, #32768
 374 003a C3F89020 		str	r2, [r3, #144]
 186:../../Secure/Core/Src/stm32l5xx_hal_msp.c ****   /* USER CODE BEGIN RTC_MspInit 1 */
 375              		.loc 1 186 5 view .LVU90
 376              	.LBB7:
 186:../../Secure/Core/Src/stm32l5xx_hal_msp.c ****   /* USER CODE BEGIN RTC_MspInit 1 */
 377              		.loc 1 186 5 view .LVU91
 186:../../Secure/Core/Src/stm32l5xx_hal_msp.c ****   /* USER CODE BEGIN RTC_MspInit 1 */
 378              		.loc 1 186 5 view .LVU92
 379 003e 9A6D     		ldr	r2, [r3, #88]
 380 0040 42F48062 		orr	r2, r2, #1024
 381 0044 9A65     		str	r2, [r3, #88]
 186:../../Secure/Core/Src/stm32l5xx_hal_msp.c ****   /* USER CODE BEGIN RTC_MspInit 1 */
 382              		.loc 1 186 5 view .LVU93
 383 0046 9B6D     		ldr	r3, [r3, #88]
 384 0048 03F48063 		and	r3, r3, #1024
 385 004c 0093     		str	r3, [sp]
 186:../../Secure/Core/Src/stm32l5xx_hal_msp.c ****   /* USER CODE BEGIN RTC_MspInit 1 */
 386              		.loc 1 186 5 view .LVU94
 387 004e 009B     		ldr	r3, [sp]
 388              	.LBE7:
 186:../../Secure/Core/Src/stm32l5xx_hal_msp.c ****   /* USER CODE BEGIN RTC_MspInit 1 */
 389              		.loc 1 186 5 view .LVU95
 390              		.loc 1 193 1 is_stmt 0 view .LVU96
 391 0050 E2E7     		b	.L19
 392              	.L24:
 181:../../Secure/Core/Src/stm32l5xx_hal_msp.c ****     }
ARM GAS  C:\Users\carlos\AppData\Local\Temp\ccSA5icT.s 			page 12


 393              		.loc 1 181 7 is_stmt 1 view .LVU97
 394 0052 FFF7FEFF 		bl	Error_Handler
 395              	.LVL18:
 396 0056 EBE7     		b	.L21
 397              	.L26:
 398              		.align	2
 399              	.L25:
 400 0058 00280050 		.word	1342187520
 401 005c 00100250 		.word	1342312448
 402              		.cfi_endproc
 403              	.LFE1087:
 405              		.section	.text.HAL_RTC_MspDeInit,"ax",%progbits
 406              		.align	1
 407              		.global	HAL_RTC_MspDeInit
 408              		.syntax unified
 409              		.thumb
 410              		.thumb_func
 411              		.fpu fpv4-sp-d16
 413              	HAL_RTC_MspDeInit:
 414              	.LVL19:
 415              	.LFB1088:
 194:../../Secure/Core/Src/stm32l5xx_hal_msp.c **** 
 195:../../Secure/Core/Src/stm32l5xx_hal_msp.c **** /**
 196:../../Secure/Core/Src/stm32l5xx_hal_msp.c **** * @brief RTC MSP De-Initialization
 197:../../Secure/Core/Src/stm32l5xx_hal_msp.c **** * This function freeze the hardware resources used in this example
 198:../../Secure/Core/Src/stm32l5xx_hal_msp.c **** * @param hrtc: RTC handle pointer
 199:../../Secure/Core/Src/stm32l5xx_hal_msp.c **** * @retval None
 200:../../Secure/Core/Src/stm32l5xx_hal_msp.c **** */
 201:../../Secure/Core/Src/stm32l5xx_hal_msp.c **** void HAL_RTC_MspDeInit(RTC_HandleTypeDef* hrtc)
 202:../../Secure/Core/Src/stm32l5xx_hal_msp.c **** {
 416              		.loc 1 202 1 view -0
 417              		.cfi_startproc
 418              		@ args = 0, pretend = 0, frame = 0
 419              		@ frame_needed = 0, uses_anonymous_args = 0
 420              		@ link register save eliminated.
 203:../../Secure/Core/Src/stm32l5xx_hal_msp.c ****   if(hrtc->Instance==RTC)
 421              		.loc 1 203 3 view .LVU99
 422              		.loc 1 203 10 is_stmt 0 view .LVU100
 423 0000 0268     		ldr	r2, [r0]
 424              		.loc 1 203 5 view .LVU101
 425 0002 084B     		ldr	r3, .L30
 426 0004 9A42     		cmp	r2, r3
 427 0006 00D0     		beq	.L29
 428              	.L27:
 204:../../Secure/Core/Src/stm32l5xx_hal_msp.c ****   {
 205:../../Secure/Core/Src/stm32l5xx_hal_msp.c ****   /* USER CODE BEGIN RTC_MspDeInit 0 */
 206:../../Secure/Core/Src/stm32l5xx_hal_msp.c **** 
 207:../../Secure/Core/Src/stm32l5xx_hal_msp.c ****   /* USER CODE END RTC_MspDeInit 0 */
 208:../../Secure/Core/Src/stm32l5xx_hal_msp.c ****     /* Peripheral clock disable */
 209:../../Secure/Core/Src/stm32l5xx_hal_msp.c ****     __HAL_RCC_RTC_DISABLE();
 210:../../Secure/Core/Src/stm32l5xx_hal_msp.c ****     __HAL_RCC_RTCAPB_CLK_DISABLE();
 211:../../Secure/Core/Src/stm32l5xx_hal_msp.c ****   /* USER CODE BEGIN RTC_MspDeInit 1 */
 212:../../Secure/Core/Src/stm32l5xx_hal_msp.c **** 
 213:../../Secure/Core/Src/stm32l5xx_hal_msp.c ****   /* USER CODE END RTC_MspDeInit 1 */
 214:../../Secure/Core/Src/stm32l5xx_hal_msp.c ****   }
 215:../../Secure/Core/Src/stm32l5xx_hal_msp.c **** 
 216:../../Secure/Core/Src/stm32l5xx_hal_msp.c **** }
ARM GAS  C:\Users\carlos\AppData\Local\Temp\ccSA5icT.s 			page 13


 429              		.loc 1 216 1 view .LVU102
 430 0008 7047     		bx	lr
 431              	.L29:
 209:../../Secure/Core/Src/stm32l5xx_hal_msp.c ****     __HAL_RCC_RTCAPB_CLK_DISABLE();
 432              		.loc 1 209 5 is_stmt 1 view .LVU103
 433 000a 03F5F433 		add	r3, r3, #124928
 434 000e D3F89020 		ldr	r2, [r3, #144]
 435 0012 22F40042 		bic	r2, r2, #32768
 436 0016 C3F89020 		str	r2, [r3, #144]
 210:../../Secure/Core/Src/stm32l5xx_hal_msp.c ****   /* USER CODE BEGIN RTC_MspDeInit 1 */
 437              		.loc 1 210 5 view .LVU104
 438 001a 9A6D     		ldr	r2, [r3, #88]
 439 001c 22F48062 		bic	r2, r2, #1024
 440 0020 9A65     		str	r2, [r3, #88]
 210:../../Secure/Core/Src/stm32l5xx_hal_msp.c ****   /* USER CODE BEGIN RTC_MspDeInit 1 */
 441              		.loc 1 210 35 view .LVU105
 442              		.loc 1 216 1 is_stmt 0 view .LVU106
 443 0022 F1E7     		b	.L27
 444              	.L31:
 445              		.align	2
 446              	.L30:
 447 0024 00280050 		.word	1342187520
 448              		.cfi_endproc
 449              	.LFE1088:
 451              		.section	.text.HAL_PCD_MspInit,"ax",%progbits
 452              		.align	1
 453              		.global	HAL_PCD_MspInit
 454              		.syntax unified
 455              		.thumb
 456              		.thumb_func
 457              		.fpu fpv4-sp-d16
 459              	HAL_PCD_MspInit:
 460              	.LVL20:
 461              	.LFB1089:
 217:../../Secure/Core/Src/stm32l5xx_hal_msp.c **** 
 218:../../Secure/Core/Src/stm32l5xx_hal_msp.c **** /**
 219:../../Secure/Core/Src/stm32l5xx_hal_msp.c **** * @brief PCD MSP Initialization
 220:../../Secure/Core/Src/stm32l5xx_hal_msp.c **** * This function configures the hardware resources used in this example
 221:../../Secure/Core/Src/stm32l5xx_hal_msp.c **** * @param hpcd: PCD handle pointer
 222:../../Secure/Core/Src/stm32l5xx_hal_msp.c **** * @retval None
 223:../../Secure/Core/Src/stm32l5xx_hal_msp.c **** */
 224:../../Secure/Core/Src/stm32l5xx_hal_msp.c **** void HAL_PCD_MspInit(PCD_HandleTypeDef* hpcd)
 225:../../Secure/Core/Src/stm32l5xx_hal_msp.c **** {
 462              		.loc 1 225 1 is_stmt 1 view -0
 463              		.cfi_startproc
 464              		@ args = 0, pretend = 0, frame = 176
 465              		@ frame_needed = 0, uses_anonymous_args = 0
 466              		.loc 1 225 1 is_stmt 0 view .LVU108
 467 0000 10B5     		push	{r4, lr}
 468              	.LCFI11:
 469              		.cfi_def_cfa_offset 8
 470              		.cfi_offset 4, -8
 471              		.cfi_offset 14, -4
 472 0002 ACB0     		sub	sp, sp, #176
 473              	.LCFI12:
 474              		.cfi_def_cfa_offset 184
 475 0004 0446     		mov	r4, r0
ARM GAS  C:\Users\carlos\AppData\Local\Temp\ccSA5icT.s 			page 14


 226:../../Secure/Core/Src/stm32l5xx_hal_msp.c ****   GPIO_InitTypeDef GPIO_InitStruct = {0};
 476              		.loc 1 226 3 is_stmt 1 view .LVU109
 477              		.loc 1 226 20 is_stmt 0 view .LVU110
 478 0006 0021     		movs	r1, #0
 479 0008 2791     		str	r1, [sp, #156]
 480 000a 2891     		str	r1, [sp, #160]
 481 000c 2991     		str	r1, [sp, #164]
 482 000e 2A91     		str	r1, [sp, #168]
 483 0010 2B91     		str	r1, [sp, #172]
 227:../../Secure/Core/Src/stm32l5xx_hal_msp.c ****   RCC_PeriphCLKInitTypeDef PeriphClkInit = {0};
 484              		.loc 1 227 3 is_stmt 1 view .LVU111
 485              		.loc 1 227 28 is_stmt 0 view .LVU112
 486 0012 9422     		movs	r2, #148
 487 0014 02A8     		add	r0, sp, #8
 488              	.LVL21:
 489              		.loc 1 227 28 view .LVU113
 490 0016 FFF7FEFF 		bl	memset
 491              	.LVL22:
 228:../../Secure/Core/Src/stm32l5xx_hal_msp.c ****   if(hpcd->Instance==USB)
 492              		.loc 1 228 3 is_stmt 1 view .LVU114
 493              		.loc 1 228 10 is_stmt 0 view .LVU115
 494 001a 2268     		ldr	r2, [r4]
 495              		.loc 1 228 5 view .LVU116
 496 001c 184B     		ldr	r3, .L38
 497 001e 9A42     		cmp	r2, r3
 498 0020 01D0     		beq	.L36
 499              	.LVL23:
 500              	.L32:
 229:../../Secure/Core/Src/stm32l5xx_hal_msp.c ****   {
 230:../../Secure/Core/Src/stm32l5xx_hal_msp.c ****   /* USER CODE BEGIN USB_MspInit 0 */
 231:../../Secure/Core/Src/stm32l5xx_hal_msp.c **** 
 232:../../Secure/Core/Src/stm32l5xx_hal_msp.c ****   /* USER CODE END USB_MspInit 0 */
 233:../../Secure/Core/Src/stm32l5xx_hal_msp.c **** 
 234:../../Secure/Core/Src/stm32l5xx_hal_msp.c ****   /** Initializes the peripherals clock
 235:../../Secure/Core/Src/stm32l5xx_hal_msp.c ****   */
 236:../../Secure/Core/Src/stm32l5xx_hal_msp.c ****     PeriphClkInit.PeriphClockSelection = RCC_PERIPHCLK_USB;
 237:../../Secure/Core/Src/stm32l5xx_hal_msp.c ****     PeriphClkInit.UsbClockSelection = RCC_USBCLKSOURCE_HSI48;
 238:../../Secure/Core/Src/stm32l5xx_hal_msp.c ****     if (HAL_RCCEx_PeriphCLKConfig(&PeriphClkInit) != HAL_OK)
 239:../../Secure/Core/Src/stm32l5xx_hal_msp.c ****     {
 240:../../Secure/Core/Src/stm32l5xx_hal_msp.c ****       Error_Handler();
 241:../../Secure/Core/Src/stm32l5xx_hal_msp.c ****     }
 242:../../Secure/Core/Src/stm32l5xx_hal_msp.c **** 
 243:../../Secure/Core/Src/stm32l5xx_hal_msp.c ****     __HAL_RCC_GPIOA_CLK_ENABLE();
 244:../../Secure/Core/Src/stm32l5xx_hal_msp.c ****     /**USB GPIO Configuration
 245:../../Secure/Core/Src/stm32l5xx_hal_msp.c ****     PA11     ------> USB_DM
 246:../../Secure/Core/Src/stm32l5xx_hal_msp.c ****     PA12     ------> USB_DP
 247:../../Secure/Core/Src/stm32l5xx_hal_msp.c ****     */
 248:../../Secure/Core/Src/stm32l5xx_hal_msp.c ****     GPIO_InitStruct.Pin = GPIO_PIN_11|GPIO_PIN_12;
 249:../../Secure/Core/Src/stm32l5xx_hal_msp.c ****     GPIO_InitStruct.Mode = GPIO_MODE_AF_PP;
 250:../../Secure/Core/Src/stm32l5xx_hal_msp.c ****     GPIO_InitStruct.Pull = GPIO_NOPULL;
 251:../../Secure/Core/Src/stm32l5xx_hal_msp.c ****     GPIO_InitStruct.Speed = GPIO_SPEED_FREQ_LOW;
 252:../../Secure/Core/Src/stm32l5xx_hal_msp.c ****     GPIO_InitStruct.Alternate = GPIO_AF10_USB;
 253:../../Secure/Core/Src/stm32l5xx_hal_msp.c ****     HAL_GPIO_Init(GPIOA, &GPIO_InitStruct);
 254:../../Secure/Core/Src/stm32l5xx_hal_msp.c **** 
 255:../../Secure/Core/Src/stm32l5xx_hal_msp.c ****     /* Peripheral clock enable */
 256:../../Secure/Core/Src/stm32l5xx_hal_msp.c ****     __HAL_RCC_USB_CLK_ENABLE();
 257:../../Secure/Core/Src/stm32l5xx_hal_msp.c ****   /* USER CODE BEGIN USB_MspInit 1 */
ARM GAS  C:\Users\carlos\AppData\Local\Temp\ccSA5icT.s 			page 15


 258:../../Secure/Core/Src/stm32l5xx_hal_msp.c **** 
 259:../../Secure/Core/Src/stm32l5xx_hal_msp.c ****   /* USER CODE END USB_MspInit 1 */
 260:../../Secure/Core/Src/stm32l5xx_hal_msp.c **** 
 261:../../Secure/Core/Src/stm32l5xx_hal_msp.c ****   }
 262:../../Secure/Core/Src/stm32l5xx_hal_msp.c **** 
 263:../../Secure/Core/Src/stm32l5xx_hal_msp.c **** }
 501              		.loc 1 263 1 view .LVU117
 502 0022 2CB0     		add	sp, sp, #176
 503              	.LCFI13:
 504              		.cfi_remember_state
 505              		.cfi_def_cfa_offset 8
 506              		@ sp needed
 507 0024 10BD     		pop	{r4, pc}
 508              	.LVL24:
 509              	.L36:
 510              	.LCFI14:
 511              		.cfi_restore_state
 236:../../Secure/Core/Src/stm32l5xx_hal_msp.c ****     PeriphClkInit.UsbClockSelection = RCC_USBCLKSOURCE_HSI48;
 512              		.loc 1 236 5 is_stmt 1 view .LVU118
 236:../../Secure/Core/Src/stm32l5xx_hal_msp.c ****     PeriphClkInit.UsbClockSelection = RCC_USBCLKSOURCE_HSI48;
 513              		.loc 1 236 40 is_stmt 0 view .LVU119
 514 0026 4FF40053 		mov	r3, #8192
 515 002a 0293     		str	r3, [sp, #8]
 237:../../Secure/Core/Src/stm32l5xx_hal_msp.c ****     if (HAL_RCCEx_PeriphCLKConfig(&PeriphClkInit) != HAL_OK)
 516              		.loc 1 237 5 is_stmt 1 view .LVU120
 238:../../Secure/Core/Src/stm32l5xx_hal_msp.c ****     {
 517              		.loc 1 238 5 view .LVU121
 238:../../Secure/Core/Src/stm32l5xx_hal_msp.c ****     {
 518              		.loc 1 238 9 is_stmt 0 view .LVU122
 519 002c 02A8     		add	r0, sp, #8
 520 002e FFF7FEFF 		bl	HAL_RCCEx_PeriphCLKConfig
 521              	.LVL25:
 238:../../Secure/Core/Src/stm32l5xx_hal_msp.c ****     {
 522              		.loc 1 238 8 view .LVU123
 523 0032 08BB     		cbnz	r0, .L37
 524              	.L34:
 243:../../Secure/Core/Src/stm32l5xx_hal_msp.c ****     /**USB GPIO Configuration
 525              		.loc 1 243 5 is_stmt 1 view .LVU124
 526              	.LBB8:
 243:../../Secure/Core/Src/stm32l5xx_hal_msp.c ****     /**USB GPIO Configuration
 527              		.loc 1 243 5 view .LVU125
 243:../../Secure/Core/Src/stm32l5xx_hal_msp.c ****     /**USB GPIO Configuration
 528              		.loc 1 243 5 view .LVU126
 529 0034 134C     		ldr	r4, .L38+4
 530              	.LVL26:
 243:../../Secure/Core/Src/stm32l5xx_hal_msp.c ****     /**USB GPIO Configuration
 531              		.loc 1 243 5 is_stmt 0 view .LVU127
 532 0036 E36C     		ldr	r3, [r4, #76]
 533 0038 43F00103 		orr	r3, r3, #1
 534 003c E364     		str	r3, [r4, #76]
 243:../../Secure/Core/Src/stm32l5xx_hal_msp.c ****     /**USB GPIO Configuration
 535              		.loc 1 243 5 is_stmt 1 view .LVU128
 536 003e E36C     		ldr	r3, [r4, #76]
 537 0040 03F00103 		and	r3, r3, #1
 538 0044 0093     		str	r3, [sp]
 243:../../Secure/Core/Src/stm32l5xx_hal_msp.c ****     /**USB GPIO Configuration
 539              		.loc 1 243 5 view .LVU129
ARM GAS  C:\Users\carlos\AppData\Local\Temp\ccSA5icT.s 			page 16


 540 0046 009B     		ldr	r3, [sp]
 541              	.LBE8:
 243:../../Secure/Core/Src/stm32l5xx_hal_msp.c ****     /**USB GPIO Configuration
 542              		.loc 1 243 5 view .LVU130
 248:../../Secure/Core/Src/stm32l5xx_hal_msp.c ****     GPIO_InitStruct.Mode = GPIO_MODE_AF_PP;
 543              		.loc 1 248 5 view .LVU131
 248:../../Secure/Core/Src/stm32l5xx_hal_msp.c ****     GPIO_InitStruct.Mode = GPIO_MODE_AF_PP;
 544              		.loc 1 248 25 is_stmt 0 view .LVU132
 545 0048 4FF4C053 		mov	r3, #6144
 546 004c 2793     		str	r3, [sp, #156]
 249:../../Secure/Core/Src/stm32l5xx_hal_msp.c ****     GPIO_InitStruct.Pull = GPIO_NOPULL;
 547              		.loc 1 249 5 is_stmt 1 view .LVU133
 249:../../Secure/Core/Src/stm32l5xx_hal_msp.c ****     GPIO_InitStruct.Pull = GPIO_NOPULL;
 548              		.loc 1 249 26 is_stmt 0 view .LVU134
 549 004e 0223     		movs	r3, #2
 550 0050 2893     		str	r3, [sp, #160]
 250:../../Secure/Core/Src/stm32l5xx_hal_msp.c ****     GPIO_InitStruct.Speed = GPIO_SPEED_FREQ_LOW;
 551              		.loc 1 250 5 is_stmt 1 view .LVU135
 250:../../Secure/Core/Src/stm32l5xx_hal_msp.c ****     GPIO_InitStruct.Speed = GPIO_SPEED_FREQ_LOW;
 552              		.loc 1 250 26 is_stmt 0 view .LVU136
 553 0052 0023     		movs	r3, #0
 554 0054 2993     		str	r3, [sp, #164]
 251:../../Secure/Core/Src/stm32l5xx_hal_msp.c ****     GPIO_InitStruct.Alternate = GPIO_AF10_USB;
 555              		.loc 1 251 5 is_stmt 1 view .LVU137
 251:../../Secure/Core/Src/stm32l5xx_hal_msp.c ****     GPIO_InitStruct.Alternate = GPIO_AF10_USB;
 556              		.loc 1 251 27 is_stmt 0 view .LVU138
 557 0056 2A93     		str	r3, [sp, #168]
 252:../../Secure/Core/Src/stm32l5xx_hal_msp.c ****     HAL_GPIO_Init(GPIOA, &GPIO_InitStruct);
 558              		.loc 1 252 5 is_stmt 1 view .LVU139
 252:../../Secure/Core/Src/stm32l5xx_hal_msp.c ****     HAL_GPIO_Init(GPIOA, &GPIO_InitStruct);
 559              		.loc 1 252 31 is_stmt 0 view .LVU140
 560 0058 0A23     		movs	r3, #10
 561 005a 2B93     		str	r3, [sp, #172]
 253:../../Secure/Core/Src/stm32l5xx_hal_msp.c **** 
 562              		.loc 1 253 5 is_stmt 1 view .LVU141
 563 005c 27A9     		add	r1, sp, #156
 564 005e 0A48     		ldr	r0, .L38+8
 565 0060 FFF7FEFF 		bl	HAL_GPIO_Init
 566              	.LVL27:
 256:../../Secure/Core/Src/stm32l5xx_hal_msp.c ****   /* USER CODE BEGIN USB_MspInit 1 */
 567              		.loc 1 256 5 view .LVU142
 568              	.LBB9:
 256:../../Secure/Core/Src/stm32l5xx_hal_msp.c ****   /* USER CODE BEGIN USB_MspInit 1 */
 569              		.loc 1 256 5 view .LVU143
 256:../../Secure/Core/Src/stm32l5xx_hal_msp.c ****   /* USER CODE BEGIN USB_MspInit 1 */
 570              		.loc 1 256 5 view .LVU144
 571 0064 E36D     		ldr	r3, [r4, #92]
 572 0066 43F40013 		orr	r3, r3, #2097152
 573 006a E365     		str	r3, [r4, #92]
 256:../../Secure/Core/Src/stm32l5xx_hal_msp.c ****   /* USER CODE BEGIN USB_MspInit 1 */
 574              		.loc 1 256 5 view .LVU145
 575 006c E36D     		ldr	r3, [r4, #92]
 576 006e 03F40013 		and	r3, r3, #2097152
 577 0072 0193     		str	r3, [sp, #4]
 256:../../Secure/Core/Src/stm32l5xx_hal_msp.c ****   /* USER CODE BEGIN USB_MspInit 1 */
 578              		.loc 1 256 5 view .LVU146
 579 0074 019B     		ldr	r3, [sp, #4]
ARM GAS  C:\Users\carlos\AppData\Local\Temp\ccSA5icT.s 			page 17


 580              	.LBE9:
 256:../../Secure/Core/Src/stm32l5xx_hal_msp.c ****   /* USER CODE BEGIN USB_MspInit 1 */
 581              		.loc 1 256 5 view .LVU147
 582              		.loc 1 263 1 is_stmt 0 view .LVU148
 583 0076 D4E7     		b	.L32
 584              	.LVL28:
 585              	.L37:
 240:../../Secure/Core/Src/stm32l5xx_hal_msp.c ****     }
 586              		.loc 1 240 7 is_stmt 1 view .LVU149
 587 0078 FFF7FEFF 		bl	Error_Handler
 588              	.LVL29:
 589 007c DAE7     		b	.L34
 590              	.L39:
 591 007e 00BF     		.align	2
 592              	.L38:
 593 0080 00D40050 		.word	1342231552
 594 0084 00100250 		.word	1342312448
 595 0088 00000252 		.word	1375862784
 596              		.cfi_endproc
 597              	.LFE1089:
 599              		.section	.text.HAL_PCD_MspDeInit,"ax",%progbits
 600              		.align	1
 601              		.global	HAL_PCD_MspDeInit
 602              		.syntax unified
 603              		.thumb
 604              		.thumb_func
 605              		.fpu fpv4-sp-d16
 607              	HAL_PCD_MspDeInit:
 608              	.LVL30:
 609              	.LFB1090:
 264:../../Secure/Core/Src/stm32l5xx_hal_msp.c **** 
 265:../../Secure/Core/Src/stm32l5xx_hal_msp.c **** /**
 266:../../Secure/Core/Src/stm32l5xx_hal_msp.c **** * @brief PCD MSP De-Initialization
 267:../../Secure/Core/Src/stm32l5xx_hal_msp.c **** * This function freeze the hardware resources used in this example
 268:../../Secure/Core/Src/stm32l5xx_hal_msp.c **** * @param hpcd: PCD handle pointer
 269:../../Secure/Core/Src/stm32l5xx_hal_msp.c **** * @retval None
 270:../../Secure/Core/Src/stm32l5xx_hal_msp.c **** */
 271:../../Secure/Core/Src/stm32l5xx_hal_msp.c **** void HAL_PCD_MspDeInit(PCD_HandleTypeDef* hpcd)
 272:../../Secure/Core/Src/stm32l5xx_hal_msp.c **** {
 610              		.loc 1 272 1 view -0
 611              		.cfi_startproc
 612              		@ args = 0, pretend = 0, frame = 0
 613              		@ frame_needed = 0, uses_anonymous_args = 0
 614              		.loc 1 272 1 is_stmt 0 view .LVU151
 615 0000 08B5     		push	{r3, lr}
 616              	.LCFI15:
 617              		.cfi_def_cfa_offset 8
 618              		.cfi_offset 3, -8
 619              		.cfi_offset 14, -4
 273:../../Secure/Core/Src/stm32l5xx_hal_msp.c ****   if(hpcd->Instance==USB)
 620              		.loc 1 273 3 is_stmt 1 view .LVU152
 621              		.loc 1 273 10 is_stmt 0 view .LVU153
 622 0002 0268     		ldr	r2, [r0]
 623              		.loc 1 273 5 view .LVU154
 624 0004 074B     		ldr	r3, .L44
 625 0006 9A42     		cmp	r2, r3
 626 0008 00D0     		beq	.L43
ARM GAS  C:\Users\carlos\AppData\Local\Temp\ccSA5icT.s 			page 18


 627              	.LVL31:
 628              	.L40:
 274:../../Secure/Core/Src/stm32l5xx_hal_msp.c ****   {
 275:../../Secure/Core/Src/stm32l5xx_hal_msp.c ****   /* USER CODE BEGIN USB_MspDeInit 0 */
 276:../../Secure/Core/Src/stm32l5xx_hal_msp.c **** 
 277:../../Secure/Core/Src/stm32l5xx_hal_msp.c ****   /* USER CODE END USB_MspDeInit 0 */
 278:../../Secure/Core/Src/stm32l5xx_hal_msp.c ****     /* Peripheral clock disable */
 279:../../Secure/Core/Src/stm32l5xx_hal_msp.c ****     __HAL_RCC_USB_CLK_DISABLE();
 280:../../Secure/Core/Src/stm32l5xx_hal_msp.c **** 
 281:../../Secure/Core/Src/stm32l5xx_hal_msp.c ****     /**USB GPIO Configuration
 282:../../Secure/Core/Src/stm32l5xx_hal_msp.c ****     PA11     ------> USB_DM
 283:../../Secure/Core/Src/stm32l5xx_hal_msp.c ****     PA12     ------> USB_DP
 284:../../Secure/Core/Src/stm32l5xx_hal_msp.c ****     */
 285:../../Secure/Core/Src/stm32l5xx_hal_msp.c ****     HAL_GPIO_DeInit(GPIOA, GPIO_PIN_11|GPIO_PIN_12);
 286:../../Secure/Core/Src/stm32l5xx_hal_msp.c **** 
 287:../../Secure/Core/Src/stm32l5xx_hal_msp.c ****   /* USER CODE BEGIN USB_MspDeInit 1 */
 288:../../Secure/Core/Src/stm32l5xx_hal_msp.c **** 
 289:../../Secure/Core/Src/stm32l5xx_hal_msp.c ****   /* USER CODE END USB_MspDeInit 1 */
 290:../../Secure/Core/Src/stm32l5xx_hal_msp.c ****   }
 291:../../Secure/Core/Src/stm32l5xx_hal_msp.c **** 
 292:../../Secure/Core/Src/stm32l5xx_hal_msp.c **** }
 629              		.loc 1 292 1 view .LVU155
 630 000a 08BD     		pop	{r3, pc}
 631              	.LVL32:
 632              	.L43:
 279:../../Secure/Core/Src/stm32l5xx_hal_msp.c **** 
 633              		.loc 1 279 5 is_stmt 1 view .LVU156
 634 000c 064A     		ldr	r2, .L44+4
 635 000e D36D     		ldr	r3, [r2, #92]
 636 0010 23F40013 		bic	r3, r3, #2097152
 637 0014 D365     		str	r3, [r2, #92]
 279:../../Secure/Core/Src/stm32l5xx_hal_msp.c **** 
 638              		.loc 1 279 32 view .LVU157
 285:../../Secure/Core/Src/stm32l5xx_hal_msp.c **** 
 639              		.loc 1 285 5 view .LVU158
 640 0016 4FF4C051 		mov	r1, #6144
 641 001a 0448     		ldr	r0, .L44+8
 642              	.LVL33:
 285:../../Secure/Core/Src/stm32l5xx_hal_msp.c **** 
 643              		.loc 1 285 5 is_stmt 0 view .LVU159
 644 001c FFF7FEFF 		bl	HAL_GPIO_DeInit
 645              	.LVL34:
 646              		.loc 1 292 1 view .LVU160
 647 0020 F3E7     		b	.L40
 648              	.L45:
 649 0022 00BF     		.align	2
 650              	.L44:
 651 0024 00D40050 		.word	1342231552
 652 0028 00100250 		.word	1342312448
 653 002c 00000252 		.word	1375862784
 654              		.cfi_endproc
 655              	.LFE1090:
 657              		.text
 658              	.Letext0:
 659              		.file 2 "c:\\opt\\toolchains\\gcc-arm-10.3-2021.07-mingw-w64-i686-arm-none-eabi\\gcc-arm-10.3-2021
 660              		.file 3 "c:\\opt\\toolchains\\gcc-arm-10.3-2021.07-mingw-w64-i686-arm-none-eabi\\gcc-arm-10.3-2021
 661              		.file 4 "../../Drivers/CMSIS/Device/ST/STM32L5xx/Include/stm32l552xx.h"
ARM GAS  C:\Users\carlos\AppData\Local\Temp\ccSA5icT.s 			page 19


 662              		.file 5 "../../Drivers/STM32L5xx_HAL_Driver/Inc/stm32l5xx_hal_def.h"
 663              		.file 6 "../../Drivers/STM32L5xx_HAL_Driver/Inc/stm32l5xx_hal_rcc_ex.h"
 664              		.file 7 "../../Drivers/STM32L5xx_HAL_Driver/Inc/stm32l5xx_hal_gpio.h"
 665              		.file 8 "../../Drivers/STM32L5xx_HAL_Driver/Inc/stm32l5xx_hal_dma.h"
 666              		.file 9 "../../Drivers/STM32L5xx_HAL_Driver/Inc/stm32l5xx_ll_usb.h"
 667              		.file 10 "../../Drivers/STM32L5xx_HAL_Driver/Inc/stm32l5xx_hal_pcd.h"
 668              		.file 11 "../../Drivers/STM32L5xx_HAL_Driver/Inc/stm32l5xx_hal_rtc.h"
 669              		.file 12 "../../Drivers/STM32L5xx_HAL_Driver/Inc/stm32l5xx_hal_uart.h"
 670              		.file 13 "../../Drivers/STM32L5xx_HAL_Driver/Inc/stm32l5xx_ll_dma.h"
 671              		.file 14 "../../Secure/Core/Inc/main.h"
 672              		.file 15 "../../Drivers/STM32L5xx_HAL_Driver/Inc/stm32l5xx_hal_pwr_ex.h"
 673              		.file 16 "<built-in>"
ARM GAS  C:\Users\carlos\AppData\Local\Temp\ccSA5icT.s 			page 20


DEFINED SYMBOLS
                            *ABS*:00000000 stm32l5xx_hal_msp.c
C:\Users\carlos\AppData\Local\Temp\ccSA5icT.s:18     .text.HAL_MspInit:00000000 $t
C:\Users\carlos\AppData\Local\Temp\ccSA5icT.s:27     .text.HAL_MspInit:00000000 HAL_MspInit
C:\Users\carlos\AppData\Local\Temp\ccSA5icT.s:93     .text.HAL_MspInit:00000040 $d
C:\Users\carlos\AppData\Local\Temp\ccSA5icT.s:98     .text.HAL_UART_MspInit:00000000 $t
C:\Users\carlos\AppData\Local\Temp\ccSA5icT.s:105    .text.HAL_UART_MspInit:00000000 HAL_UART_MspInit
C:\Users\carlos\AppData\Local\Temp\ccSA5icT.s:238    .text.HAL_UART_MspInit:00000080 $d
C:\Users\carlos\AppData\Local\Temp\ccSA5icT.s:245    .text.HAL_UART_MspDeInit:00000000 $t
C:\Users\carlos\AppData\Local\Temp\ccSA5icT.s:252    .text.HAL_UART_MspDeInit:00000000 HAL_UART_MspDeInit
C:\Users\carlos\AppData\Local\Temp\ccSA5icT.s:295    .text.HAL_UART_MspDeInit:00000024 $d
C:\Users\carlos\AppData\Local\Temp\ccSA5icT.s:302    .text.HAL_RTC_MspInit:00000000 $t
C:\Users\carlos\AppData\Local\Temp\ccSA5icT.s:309    .text.HAL_RTC_MspInit:00000000 HAL_RTC_MspInit
C:\Users\carlos\AppData\Local\Temp\ccSA5icT.s:400    .text.HAL_RTC_MspInit:00000058 $d
C:\Users\carlos\AppData\Local\Temp\ccSA5icT.s:406    .text.HAL_RTC_MspDeInit:00000000 $t
C:\Users\carlos\AppData\Local\Temp\ccSA5icT.s:413    .text.HAL_RTC_MspDeInit:00000000 HAL_RTC_MspDeInit
C:\Users\carlos\AppData\Local\Temp\ccSA5icT.s:447    .text.HAL_RTC_MspDeInit:00000024 $d
C:\Users\carlos\AppData\Local\Temp\ccSA5icT.s:452    .text.HAL_PCD_MspInit:00000000 $t
C:\Users\carlos\AppData\Local\Temp\ccSA5icT.s:459    .text.HAL_PCD_MspInit:00000000 HAL_PCD_MspInit
C:\Users\carlos\AppData\Local\Temp\ccSA5icT.s:593    .text.HAL_PCD_MspInit:00000080 $d
C:\Users\carlos\AppData\Local\Temp\ccSA5icT.s:600    .text.HAL_PCD_MspDeInit:00000000 $t
C:\Users\carlos\AppData\Local\Temp\ccSA5icT.s:607    .text.HAL_PCD_MspDeInit:00000000 HAL_PCD_MspDeInit
C:\Users\carlos\AppData\Local\Temp\ccSA5icT.s:651    .text.HAL_PCD_MspDeInit:00000024 $d

UNDEFINED SYMBOLS
memset
HAL_RCCEx_PeriphCLKConfig
HAL_PWREx_EnableVddIO2
HAL_GPIO_Init
Error_Handler
HAL_GPIO_DeInit
