ARM GAS  C:\Users\carlos\AppData\Local\Temp\ccisq07e.s 			page 1


   1              		.cpu cortex-m33
   2              		.eabi_attribute 27, 1
   3              		.eabi_attribute 28, 1
   4              		.eabi_attribute 20, 1
   5              		.eabi_attribute 21, 1
   6              		.eabi_attribute 23, 3
   7              		.eabi_attribute 24, 1
   8              		.eabi_attribute 25, 1
   9              		.eabi_attribute 26, 1
  10              		.eabi_attribute 30, 1
  11              		.eabi_attribute 34, 1
  12              		.eabi_attribute 18, 4
  13              		.file	"stm32l5xx_hal_i2c_ex.c"
  14              		.text
  15              	.Ltext0:
  16              		.cfi_sections	.debug_frame
  17              		.section	.text.HAL_I2CEx_ConfigAnalogFilter,"ax",%progbits
  18              		.align	1
  19              		.global	HAL_I2CEx_ConfigAnalogFilter
  20              		.arch armv8-m.main
  21              		.arch_extension dsp
  22              		.syntax unified
  23              		.thumb
  24              		.thumb_func
  25              		.fpu fpv4-sp-d16
  27              	HAL_I2CEx_ConfigAnalogFilter:
  28              	.LVL0:
  29              	.LFB202:
  30              		.file 1 "../../Drivers/STM32L5xx_HAL_Driver/Src/stm32l5xx_hal_i2c_ex.c"
   1:../../Drivers/STM32L5xx_HAL_Driver/Src/stm32l5xx_hal_i2c_ex.c **** /**
   2:../../Drivers/STM32L5xx_HAL_Driver/Src/stm32l5xx_hal_i2c_ex.c ****   ******************************************************************************
   3:../../Drivers/STM32L5xx_HAL_Driver/Src/stm32l5xx_hal_i2c_ex.c ****   * @file    stm32l5xx_hal_i2c_ex.c
   4:../../Drivers/STM32L5xx_HAL_Driver/Src/stm32l5xx_hal_i2c_ex.c ****   * @author  MCD Application Team
   5:../../Drivers/STM32L5xx_HAL_Driver/Src/stm32l5xx_hal_i2c_ex.c ****   * @brief   I2C Extended HAL module driver.
   6:../../Drivers/STM32L5xx_HAL_Driver/Src/stm32l5xx_hal_i2c_ex.c ****   *          This file provides firmware functions to manage the following
   7:../../Drivers/STM32L5xx_HAL_Driver/Src/stm32l5xx_hal_i2c_ex.c ****   *          functionalities of I2C Extended peripheral:
   8:../../Drivers/STM32L5xx_HAL_Driver/Src/stm32l5xx_hal_i2c_ex.c ****   *           + Filter Mode Functions
   9:../../Drivers/STM32L5xx_HAL_Driver/Src/stm32l5xx_hal_i2c_ex.c ****   *           + WakeUp Mode Functions
  10:../../Drivers/STM32L5xx_HAL_Driver/Src/stm32l5xx_hal_i2c_ex.c ****   *           + FastModePlus Functions
  11:../../Drivers/STM32L5xx_HAL_Driver/Src/stm32l5xx_hal_i2c_ex.c ****   *
  12:../../Drivers/STM32L5xx_HAL_Driver/Src/stm32l5xx_hal_i2c_ex.c ****   ******************************************************************************
  13:../../Drivers/STM32L5xx_HAL_Driver/Src/stm32l5xx_hal_i2c_ex.c ****   * @attention
  14:../../Drivers/STM32L5xx_HAL_Driver/Src/stm32l5xx_hal_i2c_ex.c ****   *
  15:../../Drivers/STM32L5xx_HAL_Driver/Src/stm32l5xx_hal_i2c_ex.c ****   * Copyright (c) 2019 STMicroelectronics.
  16:../../Drivers/STM32L5xx_HAL_Driver/Src/stm32l5xx_hal_i2c_ex.c ****   * All rights reserved.
  17:../../Drivers/STM32L5xx_HAL_Driver/Src/stm32l5xx_hal_i2c_ex.c ****   *
  18:../../Drivers/STM32L5xx_HAL_Driver/Src/stm32l5xx_hal_i2c_ex.c ****   * This software is licensed under terms that can be found in the LICENSE file
  19:../../Drivers/STM32L5xx_HAL_Driver/Src/stm32l5xx_hal_i2c_ex.c ****   * in the root directory of this software component.
  20:../../Drivers/STM32L5xx_HAL_Driver/Src/stm32l5xx_hal_i2c_ex.c ****   * If no LICENSE file comes with this software, it is provided AS-IS.
  21:../../Drivers/STM32L5xx_HAL_Driver/Src/stm32l5xx_hal_i2c_ex.c ****   *
  22:../../Drivers/STM32L5xx_HAL_Driver/Src/stm32l5xx_hal_i2c_ex.c ****   ******************************************************************************
  23:../../Drivers/STM32L5xx_HAL_Driver/Src/stm32l5xx_hal_i2c_ex.c ****   @verbatim
  24:../../Drivers/STM32L5xx_HAL_Driver/Src/stm32l5xx_hal_i2c_ex.c ****   ==============================================================================
  25:../../Drivers/STM32L5xx_HAL_Driver/Src/stm32l5xx_hal_i2c_ex.c ****                ##### I2C peripheral Extended features  #####
  26:../../Drivers/STM32L5xx_HAL_Driver/Src/stm32l5xx_hal_i2c_ex.c ****   ==============================================================================
  27:../../Drivers/STM32L5xx_HAL_Driver/Src/stm32l5xx_hal_i2c_ex.c **** 
  28:../../Drivers/STM32L5xx_HAL_Driver/Src/stm32l5xx_hal_i2c_ex.c ****   [..] Comparing to other previous devices, the I2C interface for STM32L5xx
ARM GAS  C:\Users\carlos\AppData\Local\Temp\ccisq07e.s 			page 2


  29:../../Drivers/STM32L5xx_HAL_Driver/Src/stm32l5xx_hal_i2c_ex.c ****        devices contains the following additional features
  30:../../Drivers/STM32L5xx_HAL_Driver/Src/stm32l5xx_hal_i2c_ex.c **** 
  31:../../Drivers/STM32L5xx_HAL_Driver/Src/stm32l5xx_hal_i2c_ex.c ****        (+) Possibility to disable or enable Analog Noise Filter
  32:../../Drivers/STM32L5xx_HAL_Driver/Src/stm32l5xx_hal_i2c_ex.c ****        (+) Use of a configured Digital Noise Filter
  33:../../Drivers/STM32L5xx_HAL_Driver/Src/stm32l5xx_hal_i2c_ex.c ****        (+) Disable or enable wakeup from Stop mode(s)
  34:../../Drivers/STM32L5xx_HAL_Driver/Src/stm32l5xx_hal_i2c_ex.c ****        (+) Disable or enable Fast Mode Plus
  35:../../Drivers/STM32L5xx_HAL_Driver/Src/stm32l5xx_hal_i2c_ex.c **** 
  36:../../Drivers/STM32L5xx_HAL_Driver/Src/stm32l5xx_hal_i2c_ex.c ****                      ##### How to use this driver #####
  37:../../Drivers/STM32L5xx_HAL_Driver/Src/stm32l5xx_hal_i2c_ex.c ****   ==============================================================================
  38:../../Drivers/STM32L5xx_HAL_Driver/Src/stm32l5xx_hal_i2c_ex.c ****   [..] This driver provides functions to configure Noise Filter and Wake Up Feature
  39:../../Drivers/STM32L5xx_HAL_Driver/Src/stm32l5xx_hal_i2c_ex.c ****     (#) Configure I2C Analog noise filter using the function HAL_I2CEx_ConfigAnalogFilter()
  40:../../Drivers/STM32L5xx_HAL_Driver/Src/stm32l5xx_hal_i2c_ex.c ****     (#) Configure I2C Digital noise filter using the function HAL_I2CEx_ConfigDigitalFilter()
  41:../../Drivers/STM32L5xx_HAL_Driver/Src/stm32l5xx_hal_i2c_ex.c ****     (#) Configure the enable or disable of I2C Wake Up Mode using the functions :
  42:../../Drivers/STM32L5xx_HAL_Driver/Src/stm32l5xx_hal_i2c_ex.c ****           (++) HAL_I2CEx_EnableWakeUp()
  43:../../Drivers/STM32L5xx_HAL_Driver/Src/stm32l5xx_hal_i2c_ex.c ****           (++) HAL_I2CEx_DisableWakeUp()
  44:../../Drivers/STM32L5xx_HAL_Driver/Src/stm32l5xx_hal_i2c_ex.c ****     (#) Configure the enable or disable of fast mode plus driving capability using the functions :
  45:../../Drivers/STM32L5xx_HAL_Driver/Src/stm32l5xx_hal_i2c_ex.c ****           (++) HAL_I2CEx_EnableFastModePlus()
  46:../../Drivers/STM32L5xx_HAL_Driver/Src/stm32l5xx_hal_i2c_ex.c ****           (++) HAL_I2CEx_DisableFastModePlus()
  47:../../Drivers/STM32L5xx_HAL_Driver/Src/stm32l5xx_hal_i2c_ex.c ****   @endverbatim
  48:../../Drivers/STM32L5xx_HAL_Driver/Src/stm32l5xx_hal_i2c_ex.c ****   */
  49:../../Drivers/STM32L5xx_HAL_Driver/Src/stm32l5xx_hal_i2c_ex.c **** 
  50:../../Drivers/STM32L5xx_HAL_Driver/Src/stm32l5xx_hal_i2c_ex.c **** /* Includes ------------------------------------------------------------------*/
  51:../../Drivers/STM32L5xx_HAL_Driver/Src/stm32l5xx_hal_i2c_ex.c **** #include "stm32l5xx_hal.h"
  52:../../Drivers/STM32L5xx_HAL_Driver/Src/stm32l5xx_hal_i2c_ex.c **** 
  53:../../Drivers/STM32L5xx_HAL_Driver/Src/stm32l5xx_hal_i2c_ex.c **** /** @addtogroup STM32L5xx_HAL_Driver
  54:../../Drivers/STM32L5xx_HAL_Driver/Src/stm32l5xx_hal_i2c_ex.c ****   * @{
  55:../../Drivers/STM32L5xx_HAL_Driver/Src/stm32l5xx_hal_i2c_ex.c ****   */
  56:../../Drivers/STM32L5xx_HAL_Driver/Src/stm32l5xx_hal_i2c_ex.c **** 
  57:../../Drivers/STM32L5xx_HAL_Driver/Src/stm32l5xx_hal_i2c_ex.c **** /** @defgroup I2CEx I2CEx
  58:../../Drivers/STM32L5xx_HAL_Driver/Src/stm32l5xx_hal_i2c_ex.c ****   * @brief I2C Extended HAL module driver
  59:../../Drivers/STM32L5xx_HAL_Driver/Src/stm32l5xx_hal_i2c_ex.c ****   * @{
  60:../../Drivers/STM32L5xx_HAL_Driver/Src/stm32l5xx_hal_i2c_ex.c ****   */
  61:../../Drivers/STM32L5xx_HAL_Driver/Src/stm32l5xx_hal_i2c_ex.c **** 
  62:../../Drivers/STM32L5xx_HAL_Driver/Src/stm32l5xx_hal_i2c_ex.c **** #ifdef HAL_I2C_MODULE_ENABLED
  63:../../Drivers/STM32L5xx_HAL_Driver/Src/stm32l5xx_hal_i2c_ex.c **** 
  64:../../Drivers/STM32L5xx_HAL_Driver/Src/stm32l5xx_hal_i2c_ex.c **** /* Private typedef -----------------------------------------------------------*/
  65:../../Drivers/STM32L5xx_HAL_Driver/Src/stm32l5xx_hal_i2c_ex.c **** /* Private define ------------------------------------------------------------*/
  66:../../Drivers/STM32L5xx_HAL_Driver/Src/stm32l5xx_hal_i2c_ex.c **** /* Private macro -------------------------------------------------------------*/
  67:../../Drivers/STM32L5xx_HAL_Driver/Src/stm32l5xx_hal_i2c_ex.c **** /* Private variables ---------------------------------------------------------*/
  68:../../Drivers/STM32L5xx_HAL_Driver/Src/stm32l5xx_hal_i2c_ex.c **** /* Private function prototypes -----------------------------------------------*/
  69:../../Drivers/STM32L5xx_HAL_Driver/Src/stm32l5xx_hal_i2c_ex.c **** /* Private functions ---------------------------------------------------------*/
  70:../../Drivers/STM32L5xx_HAL_Driver/Src/stm32l5xx_hal_i2c_ex.c **** 
  71:../../Drivers/STM32L5xx_HAL_Driver/Src/stm32l5xx_hal_i2c_ex.c **** /** @defgroup I2CEx_Exported_Functions I2C Extended Exported Functions
  72:../../Drivers/STM32L5xx_HAL_Driver/Src/stm32l5xx_hal_i2c_ex.c ****   * @{
  73:../../Drivers/STM32L5xx_HAL_Driver/Src/stm32l5xx_hal_i2c_ex.c ****   */
  74:../../Drivers/STM32L5xx_HAL_Driver/Src/stm32l5xx_hal_i2c_ex.c **** 
  75:../../Drivers/STM32L5xx_HAL_Driver/Src/stm32l5xx_hal_i2c_ex.c **** /** @defgroup I2CEx_Exported_Functions_Group1 Filter Mode Functions
  76:../../Drivers/STM32L5xx_HAL_Driver/Src/stm32l5xx_hal_i2c_ex.c ****   * @brief    Filter Mode Functions
  77:../../Drivers/STM32L5xx_HAL_Driver/Src/stm32l5xx_hal_i2c_ex.c ****   *
  78:../../Drivers/STM32L5xx_HAL_Driver/Src/stm32l5xx_hal_i2c_ex.c **** @verbatim
  79:../../Drivers/STM32L5xx_HAL_Driver/Src/stm32l5xx_hal_i2c_ex.c ****  ===============================================================================
  80:../../Drivers/STM32L5xx_HAL_Driver/Src/stm32l5xx_hal_i2c_ex.c ****                       ##### Filter Mode Functions #####
  81:../../Drivers/STM32L5xx_HAL_Driver/Src/stm32l5xx_hal_i2c_ex.c ****  ===============================================================================
  82:../../Drivers/STM32L5xx_HAL_Driver/Src/stm32l5xx_hal_i2c_ex.c ****     [..] This section provides functions allowing to:
  83:../../Drivers/STM32L5xx_HAL_Driver/Src/stm32l5xx_hal_i2c_ex.c ****       (+) Configure Noise Filters
  84:../../Drivers/STM32L5xx_HAL_Driver/Src/stm32l5xx_hal_i2c_ex.c **** 
  85:../../Drivers/STM32L5xx_HAL_Driver/Src/stm32l5xx_hal_i2c_ex.c **** @endverbatim
ARM GAS  C:\Users\carlos\AppData\Local\Temp\ccisq07e.s 			page 3


  86:../../Drivers/STM32L5xx_HAL_Driver/Src/stm32l5xx_hal_i2c_ex.c ****   * @{
  87:../../Drivers/STM32L5xx_HAL_Driver/Src/stm32l5xx_hal_i2c_ex.c ****   */
  88:../../Drivers/STM32L5xx_HAL_Driver/Src/stm32l5xx_hal_i2c_ex.c **** 
  89:../../Drivers/STM32L5xx_HAL_Driver/Src/stm32l5xx_hal_i2c_ex.c **** /**
  90:../../Drivers/STM32L5xx_HAL_Driver/Src/stm32l5xx_hal_i2c_ex.c ****   * @brief  Configure I2C Analog noise filter.
  91:../../Drivers/STM32L5xx_HAL_Driver/Src/stm32l5xx_hal_i2c_ex.c ****   * @param  hi2c Pointer to a I2C_HandleTypeDef structure that contains
  92:../../Drivers/STM32L5xx_HAL_Driver/Src/stm32l5xx_hal_i2c_ex.c ****   *                the configuration information for the specified I2Cx peripheral.
  93:../../Drivers/STM32L5xx_HAL_Driver/Src/stm32l5xx_hal_i2c_ex.c ****   * @param  AnalogFilter New state of the Analog filter.
  94:../../Drivers/STM32L5xx_HAL_Driver/Src/stm32l5xx_hal_i2c_ex.c ****   * @retval HAL status
  95:../../Drivers/STM32L5xx_HAL_Driver/Src/stm32l5xx_hal_i2c_ex.c ****   */
  96:../../Drivers/STM32L5xx_HAL_Driver/Src/stm32l5xx_hal_i2c_ex.c **** HAL_StatusTypeDef HAL_I2CEx_ConfigAnalogFilter(I2C_HandleTypeDef *hi2c, uint32_t AnalogFilter)
  97:../../Drivers/STM32L5xx_HAL_Driver/Src/stm32l5xx_hal_i2c_ex.c **** {
  31              		.loc 1 97 1 view -0
  32              		.cfi_startproc
  33              		@ args = 0, pretend = 0, frame = 0
  34              		@ frame_needed = 0, uses_anonymous_args = 0
  35              		@ link register save eliminated.
  98:../../Drivers/STM32L5xx_HAL_Driver/Src/stm32l5xx_hal_i2c_ex.c ****   /* Check the parameters */
  99:../../Drivers/STM32L5xx_HAL_Driver/Src/stm32l5xx_hal_i2c_ex.c ****   assert_param(IS_I2C_ALL_INSTANCE(hi2c->Instance));
  36              		.loc 1 99 3 view .LVU1
 100:../../Drivers/STM32L5xx_HAL_Driver/Src/stm32l5xx_hal_i2c_ex.c ****   assert_param(IS_I2C_ANALOG_FILTER(AnalogFilter));
  37              		.loc 1 100 3 view .LVU2
 101:../../Drivers/STM32L5xx_HAL_Driver/Src/stm32l5xx_hal_i2c_ex.c **** 
 102:../../Drivers/STM32L5xx_HAL_Driver/Src/stm32l5xx_hal_i2c_ex.c ****   if (hi2c->State == HAL_I2C_STATE_READY)
  38              		.loc 1 102 3 view .LVU3
  39              		.loc 1 102 11 is_stmt 0 view .LVU4
  40 0000 90F84130 		ldrb	r3, [r0, #65]	@ zero_extendqisi2
  41 0004 DBB2     		uxtb	r3, r3
  42              		.loc 1 102 6 view .LVU5
  43 0006 202B     		cmp	r3, #32
  44 0008 24D1     		bne	.L3
 103:../../Drivers/STM32L5xx_HAL_Driver/Src/stm32l5xx_hal_i2c_ex.c ****   {
 104:../../Drivers/STM32L5xx_HAL_Driver/Src/stm32l5xx_hal_i2c_ex.c ****     /* Process Locked */
 105:../../Drivers/STM32L5xx_HAL_Driver/Src/stm32l5xx_hal_i2c_ex.c ****     __HAL_LOCK(hi2c);
  45              		.loc 1 105 5 is_stmt 1 view .LVU6
  46              		.loc 1 105 5 view .LVU7
  47 000a 90F84030 		ldrb	r3, [r0, #64]	@ zero_extendqisi2
  48 000e 012B     		cmp	r3, #1
  49 0010 22D0     		beq	.L4
  50              		.loc 1 105 5 discriminator 2 view .LVU8
  51 0012 0123     		movs	r3, #1
  52 0014 80F84030 		strb	r3, [r0, #64]
  53              		.loc 1 105 5 discriminator 2 view .LVU9
 106:../../Drivers/STM32L5xx_HAL_Driver/Src/stm32l5xx_hal_i2c_ex.c **** 
 107:../../Drivers/STM32L5xx_HAL_Driver/Src/stm32l5xx_hal_i2c_ex.c ****     hi2c->State = HAL_I2C_STATE_BUSY;
  54              		.loc 1 107 5 discriminator 2 view .LVU10
  55              		.loc 1 107 17 is_stmt 0 discriminator 2 view .LVU11
  56 0018 2423     		movs	r3, #36
  57 001a 80F84130 		strb	r3, [r0, #65]
 108:../../Drivers/STM32L5xx_HAL_Driver/Src/stm32l5xx_hal_i2c_ex.c **** 
 109:../../Drivers/STM32L5xx_HAL_Driver/Src/stm32l5xx_hal_i2c_ex.c ****     /* Disable the selected I2C peripheral */
 110:../../Drivers/STM32L5xx_HAL_Driver/Src/stm32l5xx_hal_i2c_ex.c ****     __HAL_I2C_DISABLE(hi2c);
  58              		.loc 1 110 5 is_stmt 1 discriminator 2 view .LVU12
  59 001e 0268     		ldr	r2, [r0]
  60 0020 1368     		ldr	r3, [r2]
  61 0022 23F00103 		bic	r3, r3, #1
  62 0026 1360     		str	r3, [r2]
ARM GAS  C:\Users\carlos\AppData\Local\Temp\ccisq07e.s 			page 4


 111:../../Drivers/STM32L5xx_HAL_Driver/Src/stm32l5xx_hal_i2c_ex.c **** 
 112:../../Drivers/STM32L5xx_HAL_Driver/Src/stm32l5xx_hal_i2c_ex.c ****     /* Reset I2Cx ANOFF bit */
 113:../../Drivers/STM32L5xx_HAL_Driver/Src/stm32l5xx_hal_i2c_ex.c ****     hi2c->Instance->CR1 &= ~(I2C_CR1_ANFOFF);
  63              		.loc 1 113 5 discriminator 2 view .LVU13
  64              		.loc 1 113 9 is_stmt 0 discriminator 2 view .LVU14
  65 0028 0268     		ldr	r2, [r0]
  66              		.loc 1 113 25 discriminator 2 view .LVU15
  67 002a 1368     		ldr	r3, [r2]
  68 002c 23F48053 		bic	r3, r3, #4096
  69 0030 1360     		str	r3, [r2]
 114:../../Drivers/STM32L5xx_HAL_Driver/Src/stm32l5xx_hal_i2c_ex.c **** 
 115:../../Drivers/STM32L5xx_HAL_Driver/Src/stm32l5xx_hal_i2c_ex.c ****     /* Set analog filter bit*/
 116:../../Drivers/STM32L5xx_HAL_Driver/Src/stm32l5xx_hal_i2c_ex.c ****     hi2c->Instance->CR1 |= AnalogFilter;
  70              		.loc 1 116 5 is_stmt 1 discriminator 2 view .LVU16
  71              		.loc 1 116 9 is_stmt 0 discriminator 2 view .LVU17
  72 0032 0268     		ldr	r2, [r0]
  73              		.loc 1 116 25 discriminator 2 view .LVU18
  74 0034 1368     		ldr	r3, [r2]
  75 0036 1943     		orrs	r1, r1, r3
  76              	.LVL1:
  77              		.loc 1 116 25 discriminator 2 view .LVU19
  78 0038 1160     		str	r1, [r2]
 117:../../Drivers/STM32L5xx_HAL_Driver/Src/stm32l5xx_hal_i2c_ex.c **** 
 118:../../Drivers/STM32L5xx_HAL_Driver/Src/stm32l5xx_hal_i2c_ex.c ****     __HAL_I2C_ENABLE(hi2c);
  79              		.loc 1 118 5 is_stmt 1 discriminator 2 view .LVU20
  80 003a 0268     		ldr	r2, [r0]
  81 003c 1368     		ldr	r3, [r2]
  82 003e 43F00103 		orr	r3, r3, #1
  83 0042 1360     		str	r3, [r2]
 119:../../Drivers/STM32L5xx_HAL_Driver/Src/stm32l5xx_hal_i2c_ex.c **** 
 120:../../Drivers/STM32L5xx_HAL_Driver/Src/stm32l5xx_hal_i2c_ex.c ****     hi2c->State = HAL_I2C_STATE_READY;
  84              		.loc 1 120 5 discriminator 2 view .LVU21
  85              		.loc 1 120 17 is_stmt 0 discriminator 2 view .LVU22
  86 0044 2023     		movs	r3, #32
  87 0046 80F84130 		strb	r3, [r0, #65]
 121:../../Drivers/STM32L5xx_HAL_Driver/Src/stm32l5xx_hal_i2c_ex.c **** 
 122:../../Drivers/STM32L5xx_HAL_Driver/Src/stm32l5xx_hal_i2c_ex.c ****     /* Process Unlocked */
 123:../../Drivers/STM32L5xx_HAL_Driver/Src/stm32l5xx_hal_i2c_ex.c ****     __HAL_UNLOCK(hi2c);
  88              		.loc 1 123 5 is_stmt 1 discriminator 2 view .LVU23
  89              		.loc 1 123 5 discriminator 2 view .LVU24
  90 004a 0023     		movs	r3, #0
  91 004c 80F84030 		strb	r3, [r0, #64]
  92              		.loc 1 123 5 discriminator 2 view .LVU25
 124:../../Drivers/STM32L5xx_HAL_Driver/Src/stm32l5xx_hal_i2c_ex.c **** 
 125:../../Drivers/STM32L5xx_HAL_Driver/Src/stm32l5xx_hal_i2c_ex.c ****     return HAL_OK;
  93              		.loc 1 125 5 discriminator 2 view .LVU26
  94              		.loc 1 125 12 is_stmt 0 discriminator 2 view .LVU27
  95 0050 1846     		mov	r0, r3
  96              	.LVL2:
  97              		.loc 1 125 12 discriminator 2 view .LVU28
  98 0052 7047     		bx	lr
  99              	.LVL3:
 100              	.L3:
 126:../../Drivers/STM32L5xx_HAL_Driver/Src/stm32l5xx_hal_i2c_ex.c ****   }
 127:../../Drivers/STM32L5xx_HAL_Driver/Src/stm32l5xx_hal_i2c_ex.c ****   else
 128:../../Drivers/STM32L5xx_HAL_Driver/Src/stm32l5xx_hal_i2c_ex.c ****   {
 129:../../Drivers/STM32L5xx_HAL_Driver/Src/stm32l5xx_hal_i2c_ex.c ****     return HAL_BUSY;
ARM GAS  C:\Users\carlos\AppData\Local\Temp\ccisq07e.s 			page 5


 101              		.loc 1 129 12 view .LVU29
 102 0054 0220     		movs	r0, #2
 103              	.LVL4:
 104              		.loc 1 129 12 view .LVU30
 105 0056 7047     		bx	lr
 106              	.LVL5:
 107              	.L4:
 105:../../Drivers/STM32L5xx_HAL_Driver/Src/stm32l5xx_hal_i2c_ex.c **** 
 108              		.loc 1 105 5 view .LVU31
 109 0058 0220     		movs	r0, #2
 110              	.LVL6:
 130:../../Drivers/STM32L5xx_HAL_Driver/Src/stm32l5xx_hal_i2c_ex.c ****   }
 131:../../Drivers/STM32L5xx_HAL_Driver/Src/stm32l5xx_hal_i2c_ex.c **** }
 111              		.loc 1 131 1 view .LVU32
 112 005a 7047     		bx	lr
 113              		.cfi_endproc
 114              	.LFE202:
 116              		.section	.text.HAL_I2CEx_ConfigDigitalFilter,"ax",%progbits
 117              		.align	1
 118              		.global	HAL_I2CEx_ConfigDigitalFilter
 119              		.syntax unified
 120              		.thumb
 121              		.thumb_func
 122              		.fpu fpv4-sp-d16
 124              	HAL_I2CEx_ConfigDigitalFilter:
 125              	.LVL7:
 126              	.LFB203:
 132:../../Drivers/STM32L5xx_HAL_Driver/Src/stm32l5xx_hal_i2c_ex.c **** 
 133:../../Drivers/STM32L5xx_HAL_Driver/Src/stm32l5xx_hal_i2c_ex.c **** /**
 134:../../Drivers/STM32L5xx_HAL_Driver/Src/stm32l5xx_hal_i2c_ex.c ****   * @brief  Configure I2C Digital noise filter.
 135:../../Drivers/STM32L5xx_HAL_Driver/Src/stm32l5xx_hal_i2c_ex.c ****   * @param  hi2c Pointer to a I2C_HandleTypeDef structure that contains
 136:../../Drivers/STM32L5xx_HAL_Driver/Src/stm32l5xx_hal_i2c_ex.c ****   *                the configuration information for the specified I2Cx peripheral.
 137:../../Drivers/STM32L5xx_HAL_Driver/Src/stm32l5xx_hal_i2c_ex.c ****   * @param  DigitalFilter Coefficient of digital noise filter between Min_Data=0x00 and Max_Data=0x
 138:../../Drivers/STM32L5xx_HAL_Driver/Src/stm32l5xx_hal_i2c_ex.c ****   * @retval HAL status
 139:../../Drivers/STM32L5xx_HAL_Driver/Src/stm32l5xx_hal_i2c_ex.c ****   */
 140:../../Drivers/STM32L5xx_HAL_Driver/Src/stm32l5xx_hal_i2c_ex.c **** HAL_StatusTypeDef HAL_I2CEx_ConfigDigitalFilter(I2C_HandleTypeDef *hi2c, uint32_t DigitalFilter)
 141:../../Drivers/STM32L5xx_HAL_Driver/Src/stm32l5xx_hal_i2c_ex.c **** {
 127              		.loc 1 141 1 is_stmt 1 view -0
 128              		.cfi_startproc
 129              		@ args = 0, pretend = 0, frame = 0
 130              		@ frame_needed = 0, uses_anonymous_args = 0
 131              		@ link register save eliminated.
 142:../../Drivers/STM32L5xx_HAL_Driver/Src/stm32l5xx_hal_i2c_ex.c ****   uint32_t tmpreg;
 132              		.loc 1 142 3 view .LVU34
 143:../../Drivers/STM32L5xx_HAL_Driver/Src/stm32l5xx_hal_i2c_ex.c **** 
 144:../../Drivers/STM32L5xx_HAL_Driver/Src/stm32l5xx_hal_i2c_ex.c ****   /* Check the parameters */
 145:../../Drivers/STM32L5xx_HAL_Driver/Src/stm32l5xx_hal_i2c_ex.c ****   assert_param(IS_I2C_ALL_INSTANCE(hi2c->Instance));
 133              		.loc 1 145 3 view .LVU35
 146:../../Drivers/STM32L5xx_HAL_Driver/Src/stm32l5xx_hal_i2c_ex.c ****   assert_param(IS_I2C_DIGITAL_FILTER(DigitalFilter));
 134              		.loc 1 146 3 view .LVU36
 147:../../Drivers/STM32L5xx_HAL_Driver/Src/stm32l5xx_hal_i2c_ex.c **** 
 148:../../Drivers/STM32L5xx_HAL_Driver/Src/stm32l5xx_hal_i2c_ex.c ****   if (hi2c->State == HAL_I2C_STATE_READY)
 135              		.loc 1 148 3 view .LVU37
 136              		.loc 1 148 11 is_stmt 0 view .LVU38
 137 0000 90F84130 		ldrb	r3, [r0, #65]	@ zero_extendqisi2
 138 0004 DBB2     		uxtb	r3, r3
 139              		.loc 1 148 6 view .LVU39
ARM GAS  C:\Users\carlos\AppData\Local\Temp\ccisq07e.s 			page 6


 140 0006 202B     		cmp	r3, #32
 141 0008 22D1     		bne	.L7
 149:../../Drivers/STM32L5xx_HAL_Driver/Src/stm32l5xx_hal_i2c_ex.c ****   {
 150:../../Drivers/STM32L5xx_HAL_Driver/Src/stm32l5xx_hal_i2c_ex.c ****     /* Process Locked */
 151:../../Drivers/STM32L5xx_HAL_Driver/Src/stm32l5xx_hal_i2c_ex.c ****     __HAL_LOCK(hi2c);
 142              		.loc 1 151 5 is_stmt 1 view .LVU40
 143              		.loc 1 151 5 view .LVU41
 144 000a 90F84030 		ldrb	r3, [r0, #64]	@ zero_extendqisi2
 145 000e 012B     		cmp	r3, #1
 146 0010 20D0     		beq	.L8
 147              		.loc 1 151 5 discriminator 2 view .LVU42
 148 0012 0123     		movs	r3, #1
 149 0014 80F84030 		strb	r3, [r0, #64]
 150              		.loc 1 151 5 discriminator 2 view .LVU43
 152:../../Drivers/STM32L5xx_HAL_Driver/Src/stm32l5xx_hal_i2c_ex.c **** 
 153:../../Drivers/STM32L5xx_HAL_Driver/Src/stm32l5xx_hal_i2c_ex.c ****     hi2c->State = HAL_I2C_STATE_BUSY;
 151              		.loc 1 153 5 discriminator 2 view .LVU44
 152              		.loc 1 153 17 is_stmt 0 discriminator 2 view .LVU45
 153 0018 2423     		movs	r3, #36
 154 001a 80F84130 		strb	r3, [r0, #65]
 154:../../Drivers/STM32L5xx_HAL_Driver/Src/stm32l5xx_hal_i2c_ex.c **** 
 155:../../Drivers/STM32L5xx_HAL_Driver/Src/stm32l5xx_hal_i2c_ex.c ****     /* Disable the selected I2C peripheral */
 156:../../Drivers/STM32L5xx_HAL_Driver/Src/stm32l5xx_hal_i2c_ex.c ****     __HAL_I2C_DISABLE(hi2c);
 155              		.loc 1 156 5 is_stmt 1 discriminator 2 view .LVU46
 156 001e 0268     		ldr	r2, [r0]
 157 0020 1368     		ldr	r3, [r2]
 158 0022 23F00103 		bic	r3, r3, #1
 159 0026 1360     		str	r3, [r2]
 157:../../Drivers/STM32L5xx_HAL_Driver/Src/stm32l5xx_hal_i2c_ex.c **** 
 158:../../Drivers/STM32L5xx_HAL_Driver/Src/stm32l5xx_hal_i2c_ex.c ****     /* Get the old register value */
 159:../../Drivers/STM32L5xx_HAL_Driver/Src/stm32l5xx_hal_i2c_ex.c ****     tmpreg = hi2c->Instance->CR1;
 160              		.loc 1 159 5 discriminator 2 view .LVU47
 161              		.loc 1 159 18 is_stmt 0 discriminator 2 view .LVU48
 162 0028 0268     		ldr	r2, [r0]
 163              		.loc 1 159 12 discriminator 2 view .LVU49
 164 002a 1368     		ldr	r3, [r2]
 165              	.LVL8:
 160:../../Drivers/STM32L5xx_HAL_Driver/Src/stm32l5xx_hal_i2c_ex.c **** 
 161:../../Drivers/STM32L5xx_HAL_Driver/Src/stm32l5xx_hal_i2c_ex.c ****     /* Reset I2Cx DNF bits [11:8] */
 162:../../Drivers/STM32L5xx_HAL_Driver/Src/stm32l5xx_hal_i2c_ex.c ****     tmpreg &= ~(I2C_CR1_DNF);
 166              		.loc 1 162 5 is_stmt 1 discriminator 2 view .LVU50
 167              		.loc 1 162 12 is_stmt 0 discriminator 2 view .LVU51
 168 002c 23F47063 		bic	r3, r3, #3840
 169              	.LVL9:
 163:../../Drivers/STM32L5xx_HAL_Driver/Src/stm32l5xx_hal_i2c_ex.c **** 
 164:../../Drivers/STM32L5xx_HAL_Driver/Src/stm32l5xx_hal_i2c_ex.c ****     /* Set I2Cx DNF coefficient */
 165:../../Drivers/STM32L5xx_HAL_Driver/Src/stm32l5xx_hal_i2c_ex.c ****     tmpreg |= DigitalFilter << 8U;
 170              		.loc 1 165 5 is_stmt 1 discriminator 2 view .LVU52
 171              		.loc 1 165 12 is_stmt 0 discriminator 2 view .LVU53
 172 0030 43EA0121 		orr	r1, r3, r1, lsl #8
 173              	.LVL10:
 166:../../Drivers/STM32L5xx_HAL_Driver/Src/stm32l5xx_hal_i2c_ex.c **** 
 167:../../Drivers/STM32L5xx_HAL_Driver/Src/stm32l5xx_hal_i2c_ex.c ****     /* Store the new register value */
 168:../../Drivers/STM32L5xx_HAL_Driver/Src/stm32l5xx_hal_i2c_ex.c ****     hi2c->Instance->CR1 = tmpreg;
 174              		.loc 1 168 5 is_stmt 1 discriminator 2 view .LVU54
 175              		.loc 1 168 25 is_stmt 0 discriminator 2 view .LVU55
 176 0034 1160     		str	r1, [r2]
ARM GAS  C:\Users\carlos\AppData\Local\Temp\ccisq07e.s 			page 7


 169:../../Drivers/STM32L5xx_HAL_Driver/Src/stm32l5xx_hal_i2c_ex.c **** 
 170:../../Drivers/STM32L5xx_HAL_Driver/Src/stm32l5xx_hal_i2c_ex.c ****     __HAL_I2C_ENABLE(hi2c);
 177              		.loc 1 170 5 is_stmt 1 discriminator 2 view .LVU56
 178 0036 0268     		ldr	r2, [r0]
 179 0038 1368     		ldr	r3, [r2]
 180 003a 43F00103 		orr	r3, r3, #1
 181 003e 1360     		str	r3, [r2]
 171:../../Drivers/STM32L5xx_HAL_Driver/Src/stm32l5xx_hal_i2c_ex.c **** 
 172:../../Drivers/STM32L5xx_HAL_Driver/Src/stm32l5xx_hal_i2c_ex.c ****     hi2c->State = HAL_I2C_STATE_READY;
 182              		.loc 1 172 5 discriminator 2 view .LVU57
 183              		.loc 1 172 17 is_stmt 0 discriminator 2 view .LVU58
 184 0040 2023     		movs	r3, #32
 185 0042 80F84130 		strb	r3, [r0, #65]
 173:../../Drivers/STM32L5xx_HAL_Driver/Src/stm32l5xx_hal_i2c_ex.c **** 
 174:../../Drivers/STM32L5xx_HAL_Driver/Src/stm32l5xx_hal_i2c_ex.c ****     /* Process Unlocked */
 175:../../Drivers/STM32L5xx_HAL_Driver/Src/stm32l5xx_hal_i2c_ex.c ****     __HAL_UNLOCK(hi2c);
 186              		.loc 1 175 5 is_stmt 1 discriminator 2 view .LVU59
 187              		.loc 1 175 5 discriminator 2 view .LVU60
 188 0046 0023     		movs	r3, #0
 189 0048 80F84030 		strb	r3, [r0, #64]
 190              		.loc 1 175 5 discriminator 2 view .LVU61
 176:../../Drivers/STM32L5xx_HAL_Driver/Src/stm32l5xx_hal_i2c_ex.c **** 
 177:../../Drivers/STM32L5xx_HAL_Driver/Src/stm32l5xx_hal_i2c_ex.c ****     return HAL_OK;
 191              		.loc 1 177 5 discriminator 2 view .LVU62
 192              		.loc 1 177 12 is_stmt 0 discriminator 2 view .LVU63
 193 004c 1846     		mov	r0, r3
 194              	.LVL11:
 195              		.loc 1 177 12 discriminator 2 view .LVU64
 196 004e 7047     		bx	lr
 197              	.LVL12:
 198              	.L7:
 178:../../Drivers/STM32L5xx_HAL_Driver/Src/stm32l5xx_hal_i2c_ex.c ****   }
 179:../../Drivers/STM32L5xx_HAL_Driver/Src/stm32l5xx_hal_i2c_ex.c ****   else
 180:../../Drivers/STM32L5xx_HAL_Driver/Src/stm32l5xx_hal_i2c_ex.c ****   {
 181:../../Drivers/STM32L5xx_HAL_Driver/Src/stm32l5xx_hal_i2c_ex.c ****     return HAL_BUSY;
 199              		.loc 1 181 12 view .LVU65
 200 0050 0220     		movs	r0, #2
 201              	.LVL13:
 202              		.loc 1 181 12 view .LVU66
 203 0052 7047     		bx	lr
 204              	.LVL14:
 205              	.L8:
 151:../../Drivers/STM32L5xx_HAL_Driver/Src/stm32l5xx_hal_i2c_ex.c **** 
 206              		.loc 1 151 5 view .LVU67
 207 0054 0220     		movs	r0, #2
 208              	.LVL15:
 182:../../Drivers/STM32L5xx_HAL_Driver/Src/stm32l5xx_hal_i2c_ex.c ****   }
 183:../../Drivers/STM32L5xx_HAL_Driver/Src/stm32l5xx_hal_i2c_ex.c **** }
 209              		.loc 1 183 1 view .LVU68
 210 0056 7047     		bx	lr
 211              		.cfi_endproc
 212              	.LFE203:
 214              		.section	.text.HAL_I2CEx_EnableWakeUp,"ax",%progbits
 215              		.align	1
 216              		.global	HAL_I2CEx_EnableWakeUp
 217              		.syntax unified
 218              		.thumb
ARM GAS  C:\Users\carlos\AppData\Local\Temp\ccisq07e.s 			page 8


 219              		.thumb_func
 220              		.fpu fpv4-sp-d16
 222              	HAL_I2CEx_EnableWakeUp:
 223              	.LVL16:
 224              	.LFB204:
 184:../../Drivers/STM32L5xx_HAL_Driver/Src/stm32l5xx_hal_i2c_ex.c **** /**
 185:../../Drivers/STM32L5xx_HAL_Driver/Src/stm32l5xx_hal_i2c_ex.c ****   * @}
 186:../../Drivers/STM32L5xx_HAL_Driver/Src/stm32l5xx_hal_i2c_ex.c ****   */
 187:../../Drivers/STM32L5xx_HAL_Driver/Src/stm32l5xx_hal_i2c_ex.c **** 
 188:../../Drivers/STM32L5xx_HAL_Driver/Src/stm32l5xx_hal_i2c_ex.c **** /** @defgroup I2CEx_Exported_Functions_Group2 WakeUp Mode Functions
 189:../../Drivers/STM32L5xx_HAL_Driver/Src/stm32l5xx_hal_i2c_ex.c ****   * @brief    WakeUp Mode Functions
 190:../../Drivers/STM32L5xx_HAL_Driver/Src/stm32l5xx_hal_i2c_ex.c ****   *
 191:../../Drivers/STM32L5xx_HAL_Driver/Src/stm32l5xx_hal_i2c_ex.c **** @verbatim
 192:../../Drivers/STM32L5xx_HAL_Driver/Src/stm32l5xx_hal_i2c_ex.c ****  ===============================================================================
 193:../../Drivers/STM32L5xx_HAL_Driver/Src/stm32l5xx_hal_i2c_ex.c ****                       ##### WakeUp Mode Functions #####
 194:../../Drivers/STM32L5xx_HAL_Driver/Src/stm32l5xx_hal_i2c_ex.c ****  ===============================================================================
 195:../../Drivers/STM32L5xx_HAL_Driver/Src/stm32l5xx_hal_i2c_ex.c ****     [..] This section provides functions allowing to:
 196:../../Drivers/STM32L5xx_HAL_Driver/Src/stm32l5xx_hal_i2c_ex.c ****       (+) Configure Wake Up Feature
 197:../../Drivers/STM32L5xx_HAL_Driver/Src/stm32l5xx_hal_i2c_ex.c **** 
 198:../../Drivers/STM32L5xx_HAL_Driver/Src/stm32l5xx_hal_i2c_ex.c **** @endverbatim
 199:../../Drivers/STM32L5xx_HAL_Driver/Src/stm32l5xx_hal_i2c_ex.c ****   * @{
 200:../../Drivers/STM32L5xx_HAL_Driver/Src/stm32l5xx_hal_i2c_ex.c ****   */
 201:../../Drivers/STM32L5xx_HAL_Driver/Src/stm32l5xx_hal_i2c_ex.c **** 
 202:../../Drivers/STM32L5xx_HAL_Driver/Src/stm32l5xx_hal_i2c_ex.c **** /**
 203:../../Drivers/STM32L5xx_HAL_Driver/Src/stm32l5xx_hal_i2c_ex.c ****   * @brief  Enable I2C wakeup from Stop mode(s).
 204:../../Drivers/STM32L5xx_HAL_Driver/Src/stm32l5xx_hal_i2c_ex.c ****   * @param  hi2c Pointer to a I2C_HandleTypeDef structure that contains
 205:../../Drivers/STM32L5xx_HAL_Driver/Src/stm32l5xx_hal_i2c_ex.c ****   *                the configuration information for the specified I2Cx peripheral.
 206:../../Drivers/STM32L5xx_HAL_Driver/Src/stm32l5xx_hal_i2c_ex.c ****   * @retval HAL status
 207:../../Drivers/STM32L5xx_HAL_Driver/Src/stm32l5xx_hal_i2c_ex.c ****   */
 208:../../Drivers/STM32L5xx_HAL_Driver/Src/stm32l5xx_hal_i2c_ex.c **** HAL_StatusTypeDef HAL_I2CEx_EnableWakeUp(I2C_HandleTypeDef *hi2c)
 209:../../Drivers/STM32L5xx_HAL_Driver/Src/stm32l5xx_hal_i2c_ex.c **** {
 225              		.loc 1 209 1 is_stmt 1 view -0
 226              		.cfi_startproc
 227              		@ args = 0, pretend = 0, frame = 0
 228              		@ frame_needed = 0, uses_anonymous_args = 0
 229              		@ link register save eliminated.
 210:../../Drivers/STM32L5xx_HAL_Driver/Src/stm32l5xx_hal_i2c_ex.c ****   /* Check the parameters */
 211:../../Drivers/STM32L5xx_HAL_Driver/Src/stm32l5xx_hal_i2c_ex.c ****   assert_param(IS_I2C_WAKEUP_FROMSTOP_INSTANCE(hi2c->Instance));
 230              		.loc 1 211 3 view .LVU70
 212:../../Drivers/STM32L5xx_HAL_Driver/Src/stm32l5xx_hal_i2c_ex.c **** 
 213:../../Drivers/STM32L5xx_HAL_Driver/Src/stm32l5xx_hal_i2c_ex.c ****   if (hi2c->State == HAL_I2C_STATE_READY)
 231              		.loc 1 213 3 view .LVU71
 232              		.loc 1 213 11 is_stmt 0 view .LVU72
 233 0000 90F84130 		ldrb	r3, [r0, #65]	@ zero_extendqisi2
 234 0004 DBB2     		uxtb	r3, r3
 235              		.loc 1 213 6 view .LVU73
 236 0006 202B     		cmp	r3, #32
 237 0008 20D1     		bne	.L11
 214:../../Drivers/STM32L5xx_HAL_Driver/Src/stm32l5xx_hal_i2c_ex.c ****   {
 215:../../Drivers/STM32L5xx_HAL_Driver/Src/stm32l5xx_hal_i2c_ex.c ****     /* Process Locked */
 216:../../Drivers/STM32L5xx_HAL_Driver/Src/stm32l5xx_hal_i2c_ex.c ****     __HAL_LOCK(hi2c);
 238              		.loc 1 216 5 is_stmt 1 view .LVU74
 239              		.loc 1 216 5 view .LVU75
 240 000a 90F84030 		ldrb	r3, [r0, #64]	@ zero_extendqisi2
 241 000e 012B     		cmp	r3, #1
 242 0010 1ED0     		beq	.L12
 243              		.loc 1 216 5 discriminator 2 view .LVU76
ARM GAS  C:\Users\carlos\AppData\Local\Temp\ccisq07e.s 			page 9


 244 0012 0123     		movs	r3, #1
 245 0014 80F84030 		strb	r3, [r0, #64]
 246              		.loc 1 216 5 discriminator 2 view .LVU77
 217:../../Drivers/STM32L5xx_HAL_Driver/Src/stm32l5xx_hal_i2c_ex.c **** 
 218:../../Drivers/STM32L5xx_HAL_Driver/Src/stm32l5xx_hal_i2c_ex.c ****     hi2c->State = HAL_I2C_STATE_BUSY;
 247              		.loc 1 218 5 discriminator 2 view .LVU78
 248              		.loc 1 218 17 is_stmt 0 discriminator 2 view .LVU79
 249 0018 2423     		movs	r3, #36
 250 001a 80F84130 		strb	r3, [r0, #65]
 219:../../Drivers/STM32L5xx_HAL_Driver/Src/stm32l5xx_hal_i2c_ex.c **** 
 220:../../Drivers/STM32L5xx_HAL_Driver/Src/stm32l5xx_hal_i2c_ex.c ****     /* Disable the selected I2C peripheral */
 221:../../Drivers/STM32L5xx_HAL_Driver/Src/stm32l5xx_hal_i2c_ex.c ****     __HAL_I2C_DISABLE(hi2c);
 251              		.loc 1 221 5 is_stmt 1 discriminator 2 view .LVU80
 252 001e 0268     		ldr	r2, [r0]
 253 0020 1368     		ldr	r3, [r2]
 254 0022 23F00103 		bic	r3, r3, #1
 255 0026 1360     		str	r3, [r2]
 222:../../Drivers/STM32L5xx_HAL_Driver/Src/stm32l5xx_hal_i2c_ex.c **** 
 223:../../Drivers/STM32L5xx_HAL_Driver/Src/stm32l5xx_hal_i2c_ex.c ****     /* Enable wakeup from stop mode */
 224:../../Drivers/STM32L5xx_HAL_Driver/Src/stm32l5xx_hal_i2c_ex.c ****     hi2c->Instance->CR1 |= I2C_CR1_WUPEN;
 256              		.loc 1 224 5 discriminator 2 view .LVU81
 257              		.loc 1 224 9 is_stmt 0 discriminator 2 view .LVU82
 258 0028 0268     		ldr	r2, [r0]
 259              		.loc 1 224 25 discriminator 2 view .LVU83
 260 002a 1368     		ldr	r3, [r2]
 261 002c 43F48023 		orr	r3, r3, #262144
 262 0030 1360     		str	r3, [r2]
 225:../../Drivers/STM32L5xx_HAL_Driver/Src/stm32l5xx_hal_i2c_ex.c **** 
 226:../../Drivers/STM32L5xx_HAL_Driver/Src/stm32l5xx_hal_i2c_ex.c ****     __HAL_I2C_ENABLE(hi2c);
 263              		.loc 1 226 5 is_stmt 1 discriminator 2 view .LVU84
 264 0032 0268     		ldr	r2, [r0]
 265 0034 1368     		ldr	r3, [r2]
 266 0036 43F00103 		orr	r3, r3, #1
 267 003a 1360     		str	r3, [r2]
 227:../../Drivers/STM32L5xx_HAL_Driver/Src/stm32l5xx_hal_i2c_ex.c **** 
 228:../../Drivers/STM32L5xx_HAL_Driver/Src/stm32l5xx_hal_i2c_ex.c ****     hi2c->State = HAL_I2C_STATE_READY;
 268              		.loc 1 228 5 discriminator 2 view .LVU85
 269              		.loc 1 228 17 is_stmt 0 discriminator 2 view .LVU86
 270 003c 2023     		movs	r3, #32
 271 003e 80F84130 		strb	r3, [r0, #65]
 229:../../Drivers/STM32L5xx_HAL_Driver/Src/stm32l5xx_hal_i2c_ex.c **** 
 230:../../Drivers/STM32L5xx_HAL_Driver/Src/stm32l5xx_hal_i2c_ex.c ****     /* Process Unlocked */
 231:../../Drivers/STM32L5xx_HAL_Driver/Src/stm32l5xx_hal_i2c_ex.c ****     __HAL_UNLOCK(hi2c);
 272              		.loc 1 231 5 is_stmt 1 discriminator 2 view .LVU87
 273              		.loc 1 231 5 discriminator 2 view .LVU88
 274 0042 0023     		movs	r3, #0
 275 0044 80F84030 		strb	r3, [r0, #64]
 276              		.loc 1 231 5 discriminator 2 view .LVU89
 232:../../Drivers/STM32L5xx_HAL_Driver/Src/stm32l5xx_hal_i2c_ex.c **** 
 233:../../Drivers/STM32L5xx_HAL_Driver/Src/stm32l5xx_hal_i2c_ex.c ****     return HAL_OK;
 277              		.loc 1 233 5 discriminator 2 view .LVU90
 278              		.loc 1 233 12 is_stmt 0 discriminator 2 view .LVU91
 279 0048 1846     		mov	r0, r3
 280              	.LVL17:
 281              		.loc 1 233 12 discriminator 2 view .LVU92
 282 004a 7047     		bx	lr
 283              	.LVL18:
ARM GAS  C:\Users\carlos\AppData\Local\Temp\ccisq07e.s 			page 10


 284              	.L11:
 234:../../Drivers/STM32L5xx_HAL_Driver/Src/stm32l5xx_hal_i2c_ex.c ****   }
 235:../../Drivers/STM32L5xx_HAL_Driver/Src/stm32l5xx_hal_i2c_ex.c ****   else
 236:../../Drivers/STM32L5xx_HAL_Driver/Src/stm32l5xx_hal_i2c_ex.c ****   {
 237:../../Drivers/STM32L5xx_HAL_Driver/Src/stm32l5xx_hal_i2c_ex.c ****     return HAL_BUSY;
 285              		.loc 1 237 12 view .LVU93
 286 004c 0220     		movs	r0, #2
 287              	.LVL19:
 288              		.loc 1 237 12 view .LVU94
 289 004e 7047     		bx	lr
 290              	.LVL20:
 291              	.L12:
 216:../../Drivers/STM32L5xx_HAL_Driver/Src/stm32l5xx_hal_i2c_ex.c **** 
 292              		.loc 1 216 5 view .LVU95
 293 0050 0220     		movs	r0, #2
 294              	.LVL21:
 238:../../Drivers/STM32L5xx_HAL_Driver/Src/stm32l5xx_hal_i2c_ex.c ****   }
 239:../../Drivers/STM32L5xx_HAL_Driver/Src/stm32l5xx_hal_i2c_ex.c **** }
 295              		.loc 1 239 1 view .LVU96
 296 0052 7047     		bx	lr
 297              		.cfi_endproc
 298              	.LFE204:
 300              		.section	.text.HAL_I2CEx_DisableWakeUp,"ax",%progbits
 301              		.align	1
 302              		.global	HAL_I2CEx_DisableWakeUp
 303              		.syntax unified
 304              		.thumb
 305              		.thumb_func
 306              		.fpu fpv4-sp-d16
 308              	HAL_I2CEx_DisableWakeUp:
 309              	.LVL22:
 310              	.LFB205:
 240:../../Drivers/STM32L5xx_HAL_Driver/Src/stm32l5xx_hal_i2c_ex.c **** 
 241:../../Drivers/STM32L5xx_HAL_Driver/Src/stm32l5xx_hal_i2c_ex.c **** /**
 242:../../Drivers/STM32L5xx_HAL_Driver/Src/stm32l5xx_hal_i2c_ex.c ****   * @brief  Disable I2C wakeup from Stop mode(s).
 243:../../Drivers/STM32L5xx_HAL_Driver/Src/stm32l5xx_hal_i2c_ex.c ****   * @param  hi2c Pointer to a I2C_HandleTypeDef structure that contains
 244:../../Drivers/STM32L5xx_HAL_Driver/Src/stm32l5xx_hal_i2c_ex.c ****   *                the configuration information for the specified I2Cx peripheral.
 245:../../Drivers/STM32L5xx_HAL_Driver/Src/stm32l5xx_hal_i2c_ex.c ****   * @retval HAL status
 246:../../Drivers/STM32L5xx_HAL_Driver/Src/stm32l5xx_hal_i2c_ex.c ****   */
 247:../../Drivers/STM32L5xx_HAL_Driver/Src/stm32l5xx_hal_i2c_ex.c **** HAL_StatusTypeDef HAL_I2CEx_DisableWakeUp(I2C_HandleTypeDef *hi2c)
 248:../../Drivers/STM32L5xx_HAL_Driver/Src/stm32l5xx_hal_i2c_ex.c **** {
 311              		.loc 1 248 1 is_stmt 1 view -0
 312              		.cfi_startproc
 313              		@ args = 0, pretend = 0, frame = 0
 314              		@ frame_needed = 0, uses_anonymous_args = 0
 315              		@ link register save eliminated.
 249:../../Drivers/STM32L5xx_HAL_Driver/Src/stm32l5xx_hal_i2c_ex.c ****   /* Check the parameters */
 250:../../Drivers/STM32L5xx_HAL_Driver/Src/stm32l5xx_hal_i2c_ex.c ****   assert_param(IS_I2C_WAKEUP_FROMSTOP_INSTANCE(hi2c->Instance));
 316              		.loc 1 250 3 view .LVU98
 251:../../Drivers/STM32L5xx_HAL_Driver/Src/stm32l5xx_hal_i2c_ex.c **** 
 252:../../Drivers/STM32L5xx_HAL_Driver/Src/stm32l5xx_hal_i2c_ex.c ****   if (hi2c->State == HAL_I2C_STATE_READY)
 317              		.loc 1 252 3 view .LVU99
 318              		.loc 1 252 11 is_stmt 0 view .LVU100
 319 0000 90F84130 		ldrb	r3, [r0, #65]	@ zero_extendqisi2
 320 0004 DBB2     		uxtb	r3, r3
 321              		.loc 1 252 6 view .LVU101
 322 0006 202B     		cmp	r3, #32
ARM GAS  C:\Users\carlos\AppData\Local\Temp\ccisq07e.s 			page 11


 323 0008 20D1     		bne	.L15
 253:../../Drivers/STM32L5xx_HAL_Driver/Src/stm32l5xx_hal_i2c_ex.c ****   {
 254:../../Drivers/STM32L5xx_HAL_Driver/Src/stm32l5xx_hal_i2c_ex.c ****     /* Process Locked */
 255:../../Drivers/STM32L5xx_HAL_Driver/Src/stm32l5xx_hal_i2c_ex.c ****     __HAL_LOCK(hi2c);
 324              		.loc 1 255 5 is_stmt 1 view .LVU102
 325              		.loc 1 255 5 view .LVU103
 326 000a 90F84030 		ldrb	r3, [r0, #64]	@ zero_extendqisi2
 327 000e 012B     		cmp	r3, #1
 328 0010 1ED0     		beq	.L16
 329              		.loc 1 255 5 discriminator 2 view .LVU104
 330 0012 0123     		movs	r3, #1
 331 0014 80F84030 		strb	r3, [r0, #64]
 332              		.loc 1 255 5 discriminator 2 view .LVU105
 256:../../Drivers/STM32L5xx_HAL_Driver/Src/stm32l5xx_hal_i2c_ex.c **** 
 257:../../Drivers/STM32L5xx_HAL_Driver/Src/stm32l5xx_hal_i2c_ex.c ****     hi2c->State = HAL_I2C_STATE_BUSY;
 333              		.loc 1 257 5 discriminator 2 view .LVU106
 334              		.loc 1 257 17 is_stmt 0 discriminator 2 view .LVU107
 335 0018 2423     		movs	r3, #36
 336 001a 80F84130 		strb	r3, [r0, #65]
 258:../../Drivers/STM32L5xx_HAL_Driver/Src/stm32l5xx_hal_i2c_ex.c **** 
 259:../../Drivers/STM32L5xx_HAL_Driver/Src/stm32l5xx_hal_i2c_ex.c ****     /* Disable the selected I2C peripheral */
 260:../../Drivers/STM32L5xx_HAL_Driver/Src/stm32l5xx_hal_i2c_ex.c ****     __HAL_I2C_DISABLE(hi2c);
 337              		.loc 1 260 5 is_stmt 1 discriminator 2 view .LVU108
 338 001e 0268     		ldr	r2, [r0]
 339 0020 1368     		ldr	r3, [r2]
 340 0022 23F00103 		bic	r3, r3, #1
 341 0026 1360     		str	r3, [r2]
 261:../../Drivers/STM32L5xx_HAL_Driver/Src/stm32l5xx_hal_i2c_ex.c **** 
 262:../../Drivers/STM32L5xx_HAL_Driver/Src/stm32l5xx_hal_i2c_ex.c ****     /* Enable wakeup from stop mode */
 263:../../Drivers/STM32L5xx_HAL_Driver/Src/stm32l5xx_hal_i2c_ex.c ****     hi2c->Instance->CR1 &= ~(I2C_CR1_WUPEN);
 342              		.loc 1 263 5 discriminator 2 view .LVU109
 343              		.loc 1 263 9 is_stmt 0 discriminator 2 view .LVU110
 344 0028 0268     		ldr	r2, [r0]
 345              		.loc 1 263 25 discriminator 2 view .LVU111
 346 002a 1368     		ldr	r3, [r2]
 347 002c 23F48023 		bic	r3, r3, #262144
 348 0030 1360     		str	r3, [r2]
 264:../../Drivers/STM32L5xx_HAL_Driver/Src/stm32l5xx_hal_i2c_ex.c **** 
 265:../../Drivers/STM32L5xx_HAL_Driver/Src/stm32l5xx_hal_i2c_ex.c ****     __HAL_I2C_ENABLE(hi2c);
 349              		.loc 1 265 5 is_stmt 1 discriminator 2 view .LVU112
 350 0032 0268     		ldr	r2, [r0]
 351 0034 1368     		ldr	r3, [r2]
 352 0036 43F00103 		orr	r3, r3, #1
 353 003a 1360     		str	r3, [r2]
 266:../../Drivers/STM32L5xx_HAL_Driver/Src/stm32l5xx_hal_i2c_ex.c **** 
 267:../../Drivers/STM32L5xx_HAL_Driver/Src/stm32l5xx_hal_i2c_ex.c ****     hi2c->State = HAL_I2C_STATE_READY;
 354              		.loc 1 267 5 discriminator 2 view .LVU113
 355              		.loc 1 267 17 is_stmt 0 discriminator 2 view .LVU114
 356 003c 2023     		movs	r3, #32
 357 003e 80F84130 		strb	r3, [r0, #65]
 268:../../Drivers/STM32L5xx_HAL_Driver/Src/stm32l5xx_hal_i2c_ex.c **** 
 269:../../Drivers/STM32L5xx_HAL_Driver/Src/stm32l5xx_hal_i2c_ex.c ****     /* Process Unlocked */
 270:../../Drivers/STM32L5xx_HAL_Driver/Src/stm32l5xx_hal_i2c_ex.c ****     __HAL_UNLOCK(hi2c);
 358              		.loc 1 270 5 is_stmt 1 discriminator 2 view .LVU115
 359              		.loc 1 270 5 discriminator 2 view .LVU116
 360 0042 0023     		movs	r3, #0
 361 0044 80F84030 		strb	r3, [r0, #64]
ARM GAS  C:\Users\carlos\AppData\Local\Temp\ccisq07e.s 			page 12


 362              		.loc 1 270 5 discriminator 2 view .LVU117
 271:../../Drivers/STM32L5xx_HAL_Driver/Src/stm32l5xx_hal_i2c_ex.c **** 
 272:../../Drivers/STM32L5xx_HAL_Driver/Src/stm32l5xx_hal_i2c_ex.c ****     return HAL_OK;
 363              		.loc 1 272 5 discriminator 2 view .LVU118
 364              		.loc 1 272 12 is_stmt 0 discriminator 2 view .LVU119
 365 0048 1846     		mov	r0, r3
 366              	.LVL23:
 367              		.loc 1 272 12 discriminator 2 view .LVU120
 368 004a 7047     		bx	lr
 369              	.LVL24:
 370              	.L15:
 273:../../Drivers/STM32L5xx_HAL_Driver/Src/stm32l5xx_hal_i2c_ex.c ****   }
 274:../../Drivers/STM32L5xx_HAL_Driver/Src/stm32l5xx_hal_i2c_ex.c ****   else
 275:../../Drivers/STM32L5xx_HAL_Driver/Src/stm32l5xx_hal_i2c_ex.c ****   {
 276:../../Drivers/STM32L5xx_HAL_Driver/Src/stm32l5xx_hal_i2c_ex.c ****     return HAL_BUSY;
 371              		.loc 1 276 12 view .LVU121
 372 004c 0220     		movs	r0, #2
 373              	.LVL25:
 374              		.loc 1 276 12 view .LVU122
 375 004e 7047     		bx	lr
 376              	.LVL26:
 377              	.L16:
 255:../../Drivers/STM32L5xx_HAL_Driver/Src/stm32l5xx_hal_i2c_ex.c **** 
 378              		.loc 1 255 5 view .LVU123
 379 0050 0220     		movs	r0, #2
 380              	.LVL27:
 277:../../Drivers/STM32L5xx_HAL_Driver/Src/stm32l5xx_hal_i2c_ex.c ****   }
 278:../../Drivers/STM32L5xx_HAL_Driver/Src/stm32l5xx_hal_i2c_ex.c **** }
 381              		.loc 1 278 1 view .LVU124
 382 0052 7047     		bx	lr
 383              		.cfi_endproc
 384              	.LFE205:
 386              		.section	.text.HAL_I2CEx_EnableFastModePlus,"ax",%progbits
 387              		.align	1
 388              		.global	HAL_I2CEx_EnableFastModePlus
 389              		.syntax unified
 390              		.thumb
 391              		.thumb_func
 392              		.fpu fpv4-sp-d16
 394              	HAL_I2CEx_EnableFastModePlus:
 395              	.LVL28:
 396              	.LFB206:
 279:../../Drivers/STM32L5xx_HAL_Driver/Src/stm32l5xx_hal_i2c_ex.c **** /**
 280:../../Drivers/STM32L5xx_HAL_Driver/Src/stm32l5xx_hal_i2c_ex.c ****   * @}
 281:../../Drivers/STM32L5xx_HAL_Driver/Src/stm32l5xx_hal_i2c_ex.c ****   */
 282:../../Drivers/STM32L5xx_HAL_Driver/Src/stm32l5xx_hal_i2c_ex.c **** 
 283:../../Drivers/STM32L5xx_HAL_Driver/Src/stm32l5xx_hal_i2c_ex.c **** /** @defgroup I2CEx_Exported_Functions_Group3 Fast Mode Plus Functions
 284:../../Drivers/STM32L5xx_HAL_Driver/Src/stm32l5xx_hal_i2c_ex.c ****   * @brief    Fast Mode Plus Functions
 285:../../Drivers/STM32L5xx_HAL_Driver/Src/stm32l5xx_hal_i2c_ex.c ****   *
 286:../../Drivers/STM32L5xx_HAL_Driver/Src/stm32l5xx_hal_i2c_ex.c **** @verbatim
 287:../../Drivers/STM32L5xx_HAL_Driver/Src/stm32l5xx_hal_i2c_ex.c ****  ===============================================================================
 288:../../Drivers/STM32L5xx_HAL_Driver/Src/stm32l5xx_hal_i2c_ex.c ****                       ##### Fast Mode Plus Functions #####
 289:../../Drivers/STM32L5xx_HAL_Driver/Src/stm32l5xx_hal_i2c_ex.c ****  ===============================================================================
 290:../../Drivers/STM32L5xx_HAL_Driver/Src/stm32l5xx_hal_i2c_ex.c ****     [..] This section provides functions allowing to:
 291:../../Drivers/STM32L5xx_HAL_Driver/Src/stm32l5xx_hal_i2c_ex.c ****       (+) Configure Fast Mode Plus
 292:../../Drivers/STM32L5xx_HAL_Driver/Src/stm32l5xx_hal_i2c_ex.c **** 
 293:../../Drivers/STM32L5xx_HAL_Driver/Src/stm32l5xx_hal_i2c_ex.c **** @endverbatim
ARM GAS  C:\Users\carlos\AppData\Local\Temp\ccisq07e.s 			page 13


 294:../../Drivers/STM32L5xx_HAL_Driver/Src/stm32l5xx_hal_i2c_ex.c ****   * @{
 295:../../Drivers/STM32L5xx_HAL_Driver/Src/stm32l5xx_hal_i2c_ex.c ****   */
 296:../../Drivers/STM32L5xx_HAL_Driver/Src/stm32l5xx_hal_i2c_ex.c **** 
 297:../../Drivers/STM32L5xx_HAL_Driver/Src/stm32l5xx_hal_i2c_ex.c **** /**
 298:../../Drivers/STM32L5xx_HAL_Driver/Src/stm32l5xx_hal_i2c_ex.c ****   * @brief Enable the I2C fast mode plus driving capability.
 299:../../Drivers/STM32L5xx_HAL_Driver/Src/stm32l5xx_hal_i2c_ex.c ****   * @param ConfigFastModePlus Selects the pin.
 300:../../Drivers/STM32L5xx_HAL_Driver/Src/stm32l5xx_hal_i2c_ex.c ****   *   This parameter can be one of the @ref I2CEx_FastModePlus values
 301:../../Drivers/STM32L5xx_HAL_Driver/Src/stm32l5xx_hal_i2c_ex.c ****   * @note  For I2C1, fast mode plus driving capability can be enabled on all selected
 302:../../Drivers/STM32L5xx_HAL_Driver/Src/stm32l5xx_hal_i2c_ex.c ****   *        I2C1 pins using I2C_FASTMODEPLUS_I2C1 parameter or independently
 303:../../Drivers/STM32L5xx_HAL_Driver/Src/stm32l5xx_hal_i2c_ex.c ****   *        on each one of the following pins PB6, PB7, PB8 and PB9.
 304:../../Drivers/STM32L5xx_HAL_Driver/Src/stm32l5xx_hal_i2c_ex.c ****   * @note  For remaining I2C1 pins (PA14, PA15...) fast mode plus driving capability
 305:../../Drivers/STM32L5xx_HAL_Driver/Src/stm32l5xx_hal_i2c_ex.c ****   *        can be enabled only by using I2C_FASTMODEPLUS_I2C1 parameter.
 306:../../Drivers/STM32L5xx_HAL_Driver/Src/stm32l5xx_hal_i2c_ex.c ****   * @note  For all I2C2 pins fast mode plus driving capability can be enabled
 307:../../Drivers/STM32L5xx_HAL_Driver/Src/stm32l5xx_hal_i2c_ex.c ****   *        only by using I2C_FASTMODEPLUS_I2C2 parameter.
 308:../../Drivers/STM32L5xx_HAL_Driver/Src/stm32l5xx_hal_i2c_ex.c ****   * @note  For all I2C3 pins fast mode plus driving capability can be enabled
 309:../../Drivers/STM32L5xx_HAL_Driver/Src/stm32l5xx_hal_i2c_ex.c ****   *        only by using I2C_FASTMODEPLUS_I2C3 parameter.
 310:../../Drivers/STM32L5xx_HAL_Driver/Src/stm32l5xx_hal_i2c_ex.c ****   * @note  For all I2C4 pins fast mode plus driving capability can be enabled
 311:../../Drivers/STM32L5xx_HAL_Driver/Src/stm32l5xx_hal_i2c_ex.c ****   *        only by using I2C_FASTMODEPLUS_I2C4 parameter.
 312:../../Drivers/STM32L5xx_HAL_Driver/Src/stm32l5xx_hal_i2c_ex.c ****   * @retval None
 313:../../Drivers/STM32L5xx_HAL_Driver/Src/stm32l5xx_hal_i2c_ex.c ****   */
 314:../../Drivers/STM32L5xx_HAL_Driver/Src/stm32l5xx_hal_i2c_ex.c **** void HAL_I2CEx_EnableFastModePlus(uint32_t ConfigFastModePlus)
 315:../../Drivers/STM32L5xx_HAL_Driver/Src/stm32l5xx_hal_i2c_ex.c **** {
 397              		.loc 1 315 1 is_stmt 1 view -0
 398              		.cfi_startproc
 399              		@ args = 0, pretend = 0, frame = 8
 400              		@ frame_needed = 0, uses_anonymous_args = 0
 401              		@ link register save eliminated.
 402              		.loc 1 315 1 is_stmt 0 view .LVU126
 403 0000 82B0     		sub	sp, sp, #8
 404              	.LCFI0:
 405              		.cfi_def_cfa_offset 8
 316:../../Drivers/STM32L5xx_HAL_Driver/Src/stm32l5xx_hal_i2c_ex.c ****   /* Check the parameter */
 317:../../Drivers/STM32L5xx_HAL_Driver/Src/stm32l5xx_hal_i2c_ex.c ****   assert_param(IS_I2C_FASTMODEPLUS(ConfigFastModePlus));
 406              		.loc 1 317 3 is_stmt 1 view .LVU127
 318:../../Drivers/STM32L5xx_HAL_Driver/Src/stm32l5xx_hal_i2c_ex.c **** 
 319:../../Drivers/STM32L5xx_HAL_Driver/Src/stm32l5xx_hal_i2c_ex.c ****   /* Enable SYSCFG clock */
 320:../../Drivers/STM32L5xx_HAL_Driver/Src/stm32l5xx_hal_i2c_ex.c ****   __HAL_RCC_SYSCFG_CLK_ENABLE();
 407              		.loc 1 320 3 view .LVU128
 408              	.LBB2:
 409              		.loc 1 320 3 view .LVU129
 410              		.loc 1 320 3 view .LVU130
 411 0002 084A     		ldr	r2, .L19
 412 0004 116E     		ldr	r1, [r2, #96]
 413 0006 41F00101 		orr	r1, r1, #1
 414 000a 1166     		str	r1, [r2, #96]
 415              		.loc 1 320 3 view .LVU131
 416 000c 126E     		ldr	r2, [r2, #96]
 417 000e 02F00102 		and	r2, r2, #1
 418 0012 0192     		str	r2, [sp, #4]
 419              		.loc 1 320 3 view .LVU132
 420 0014 019B     		ldr	r3, [sp, #4]
 421              	.LBE2:
 422              		.loc 1 320 3 view .LVU133
 321:../../Drivers/STM32L5xx_HAL_Driver/Src/stm32l5xx_hal_i2c_ex.c **** 
 322:../../Drivers/STM32L5xx_HAL_Driver/Src/stm32l5xx_hal_i2c_ex.c ****   /* Enable fast mode plus driving capability for selected pin */
 323:../../Drivers/STM32L5xx_HAL_Driver/Src/stm32l5xx_hal_i2c_ex.c ****   SET_BIT(SYSCFG->CFGR1, (uint32_t)ConfigFastModePlus);
 423              		.loc 1 323 3 view .LVU134
ARM GAS  C:\Users\carlos\AppData\Local\Temp\ccisq07e.s 			page 14


 424 0016 044A     		ldr	r2, .L19+4
 425 0018 5368     		ldr	r3, [r2, #4]
 426 001a 0343     		orrs	r3, r3, r0
 427 001c 5360     		str	r3, [r2, #4]
 324:../../Drivers/STM32L5xx_HAL_Driver/Src/stm32l5xx_hal_i2c_ex.c **** }
 428              		.loc 1 324 1 is_stmt 0 view .LVU135
 429 001e 02B0     		add	sp, sp, #8
 430              	.LCFI1:
 431              		.cfi_def_cfa_offset 0
 432              		@ sp needed
 433 0020 7047     		bx	lr
 434              	.L20:
 435 0022 00BF     		.align	2
 436              	.L19:
 437 0024 00100250 		.word	1342312448
 438 0028 00000150 		.word	1342242816
 439              		.cfi_endproc
 440              	.LFE206:
 442              		.section	.text.HAL_I2CEx_DisableFastModePlus,"ax",%progbits
 443              		.align	1
 444              		.global	HAL_I2CEx_DisableFastModePlus
 445              		.syntax unified
 446              		.thumb
 447              		.thumb_func
 448              		.fpu fpv4-sp-d16
 450              	HAL_I2CEx_DisableFastModePlus:
 451              	.LVL29:
 452              	.LFB207:
 325:../../Drivers/STM32L5xx_HAL_Driver/Src/stm32l5xx_hal_i2c_ex.c **** 
 326:../../Drivers/STM32L5xx_HAL_Driver/Src/stm32l5xx_hal_i2c_ex.c **** /**
 327:../../Drivers/STM32L5xx_HAL_Driver/Src/stm32l5xx_hal_i2c_ex.c ****   * @brief Disable the I2C fast mode plus driving capability.
 328:../../Drivers/STM32L5xx_HAL_Driver/Src/stm32l5xx_hal_i2c_ex.c ****   * @param ConfigFastModePlus Selects the pin.
 329:../../Drivers/STM32L5xx_HAL_Driver/Src/stm32l5xx_hal_i2c_ex.c ****   *   This parameter can be one of the @ref I2CEx_FastModePlus values
 330:../../Drivers/STM32L5xx_HAL_Driver/Src/stm32l5xx_hal_i2c_ex.c ****   * @note  For I2C1, fast mode plus driving capability can be disabled on all selected
 331:../../Drivers/STM32L5xx_HAL_Driver/Src/stm32l5xx_hal_i2c_ex.c ****   *        I2C1 pins using I2C_FASTMODEPLUS_I2C1 parameter or independently
 332:../../Drivers/STM32L5xx_HAL_Driver/Src/stm32l5xx_hal_i2c_ex.c ****   *        on each one of the following pins PB6, PB7, PB8 and PB9.
 333:../../Drivers/STM32L5xx_HAL_Driver/Src/stm32l5xx_hal_i2c_ex.c ****   * @note  For remaining I2C1 pins (PA14, PA15...) fast mode plus driving capability
 334:../../Drivers/STM32L5xx_HAL_Driver/Src/stm32l5xx_hal_i2c_ex.c ****   *        can be disabled only by using I2C_FASTMODEPLUS_I2C1 parameter.
 335:../../Drivers/STM32L5xx_HAL_Driver/Src/stm32l5xx_hal_i2c_ex.c ****   * @note  For all I2C2 pins fast mode plus driving capability can be disabled
 336:../../Drivers/STM32L5xx_HAL_Driver/Src/stm32l5xx_hal_i2c_ex.c ****   *        only by using I2C_FASTMODEPLUS_I2C2 parameter.
 337:../../Drivers/STM32L5xx_HAL_Driver/Src/stm32l5xx_hal_i2c_ex.c ****   * @note  For all I2C3 pins fast mode plus driving capability can be disabled
 338:../../Drivers/STM32L5xx_HAL_Driver/Src/stm32l5xx_hal_i2c_ex.c ****   *        only by using I2C_FASTMODEPLUS_I2C3 parameter.
 339:../../Drivers/STM32L5xx_HAL_Driver/Src/stm32l5xx_hal_i2c_ex.c ****   * @note  For all I2C4 pins fast mode plus driving capability can be disabled
 340:../../Drivers/STM32L5xx_HAL_Driver/Src/stm32l5xx_hal_i2c_ex.c ****   *        only by using I2C_FASTMODEPLUS_I2C4 parameter.
 341:../../Drivers/STM32L5xx_HAL_Driver/Src/stm32l5xx_hal_i2c_ex.c ****   * @retval None
 342:../../Drivers/STM32L5xx_HAL_Driver/Src/stm32l5xx_hal_i2c_ex.c ****   */
 343:../../Drivers/STM32L5xx_HAL_Driver/Src/stm32l5xx_hal_i2c_ex.c **** void HAL_I2CEx_DisableFastModePlus(uint32_t ConfigFastModePlus)
 344:../../Drivers/STM32L5xx_HAL_Driver/Src/stm32l5xx_hal_i2c_ex.c **** {
 453              		.loc 1 344 1 is_stmt 1 view -0
 454              		.cfi_startproc
 455              		@ args = 0, pretend = 0, frame = 8
 456              		@ frame_needed = 0, uses_anonymous_args = 0
 457              		@ link register save eliminated.
 458              		.loc 1 344 1 is_stmt 0 view .LVU137
 459 0000 82B0     		sub	sp, sp, #8
 460              	.LCFI2:
 461              		.cfi_def_cfa_offset 8
ARM GAS  C:\Users\carlos\AppData\Local\Temp\ccisq07e.s 			page 15


 345:../../Drivers/STM32L5xx_HAL_Driver/Src/stm32l5xx_hal_i2c_ex.c ****   /* Check the parameter */
 346:../../Drivers/STM32L5xx_HAL_Driver/Src/stm32l5xx_hal_i2c_ex.c ****   assert_param(IS_I2C_FASTMODEPLUS(ConfigFastModePlus));
 462              		.loc 1 346 3 is_stmt 1 view .LVU138
 347:../../Drivers/STM32L5xx_HAL_Driver/Src/stm32l5xx_hal_i2c_ex.c **** 
 348:../../Drivers/STM32L5xx_HAL_Driver/Src/stm32l5xx_hal_i2c_ex.c ****   /* Enable SYSCFG clock */
 349:../../Drivers/STM32L5xx_HAL_Driver/Src/stm32l5xx_hal_i2c_ex.c ****   __HAL_RCC_SYSCFG_CLK_ENABLE();
 463              		.loc 1 349 3 view .LVU139
 464              	.LBB3:
 465              		.loc 1 349 3 view .LVU140
 466              		.loc 1 349 3 view .LVU141
 467 0002 084A     		ldr	r2, .L23
 468 0004 116E     		ldr	r1, [r2, #96]
 469 0006 41F00101 		orr	r1, r1, #1
 470 000a 1166     		str	r1, [r2, #96]
 471              		.loc 1 349 3 view .LVU142
 472 000c 126E     		ldr	r2, [r2, #96]
 473 000e 02F00102 		and	r2, r2, #1
 474 0012 0192     		str	r2, [sp, #4]
 475              		.loc 1 349 3 view .LVU143
 476 0014 019B     		ldr	r3, [sp, #4]
 477              	.LBE3:
 478              		.loc 1 349 3 view .LVU144
 350:../../Drivers/STM32L5xx_HAL_Driver/Src/stm32l5xx_hal_i2c_ex.c **** 
 351:../../Drivers/STM32L5xx_HAL_Driver/Src/stm32l5xx_hal_i2c_ex.c ****   /* Disable fast mode plus driving capability for selected pin */
 352:../../Drivers/STM32L5xx_HAL_Driver/Src/stm32l5xx_hal_i2c_ex.c ****   CLEAR_BIT(SYSCFG->CFGR1, (uint32_t)ConfigFastModePlus);
 479              		.loc 1 352 3 view .LVU145
 480 0016 044A     		ldr	r2, .L23+4
 481 0018 5368     		ldr	r3, [r2, #4]
 482 001a 23EA0003 		bic	r3, r3, r0
 483 001e 5360     		str	r3, [r2, #4]
 353:../../Drivers/STM32L5xx_HAL_Driver/Src/stm32l5xx_hal_i2c_ex.c **** }
 484              		.loc 1 353 1 is_stmt 0 view .LVU146
 485 0020 02B0     		add	sp, sp, #8
 486              	.LCFI3:
 487              		.cfi_def_cfa_offset 0
 488              		@ sp needed
 489 0022 7047     		bx	lr
 490              	.L24:
 491              		.align	2
 492              	.L23:
 493 0024 00100250 		.word	1342312448
 494 0028 00000150 		.word	1342242816
 495              		.cfi_endproc
 496              	.LFE207:
 498              		.text
 499              	.Letext0:
 500              		.file 2 "c:\\opt\\toolchains\\gcc-arm-10.3-2021.07-mingw-w64-i686-arm-none-eabi\\gcc-arm-10.3-2021
 501              		.file 3 "c:\\opt\\toolchains\\gcc-arm-10.3-2021.07-mingw-w64-i686-arm-none-eabi\\gcc-arm-10.3-2021
 502              		.file 4 "../../Drivers/CMSIS/Device/ST/STM32L5xx/Include/stm32l552xx.h"
 503              		.file 5 "../../Drivers/STM32L5xx_HAL_Driver/Inc/stm32l5xx_hal_def.h"
 504              		.file 6 "../../Drivers/STM32L5xx_HAL_Driver/Inc/stm32l5xx_hal_dma.h"
 505              		.file 7 "../../Drivers/STM32L5xx_HAL_Driver/Inc/stm32l5xx_hal_i2c.h"
ARM GAS  C:\Users\carlos\AppData\Local\Temp\ccisq07e.s 			page 16


DEFINED SYMBOLS
                            *ABS*:00000000 stm32l5xx_hal_i2c_ex.c
C:\Users\carlos\AppData\Local\Temp\ccisq07e.s:18     .text.HAL_I2CEx_ConfigAnalogFilter:00000000 $t
C:\Users\carlos\AppData\Local\Temp\ccisq07e.s:27     .text.HAL_I2CEx_ConfigAnalogFilter:00000000 HAL_I2CEx_ConfigAnalogFilter
C:\Users\carlos\AppData\Local\Temp\ccisq07e.s:117    .text.HAL_I2CEx_ConfigDigitalFilter:00000000 $t
C:\Users\carlos\AppData\Local\Temp\ccisq07e.s:124    .text.HAL_I2CEx_ConfigDigitalFilter:00000000 HAL_I2CEx_ConfigDigitalFilter
C:\Users\carlos\AppData\Local\Temp\ccisq07e.s:215    .text.HAL_I2CEx_EnableWakeUp:00000000 $t
C:\Users\carlos\AppData\Local\Temp\ccisq07e.s:222    .text.HAL_I2CEx_EnableWakeUp:00000000 HAL_I2CEx_EnableWakeUp
C:\Users\carlos\AppData\Local\Temp\ccisq07e.s:301    .text.HAL_I2CEx_DisableWakeUp:00000000 $t
C:\Users\carlos\AppData\Local\Temp\ccisq07e.s:308    .text.HAL_I2CEx_DisableWakeUp:00000000 HAL_I2CEx_DisableWakeUp
C:\Users\carlos\AppData\Local\Temp\ccisq07e.s:387    .text.HAL_I2CEx_EnableFastModePlus:00000000 $t
C:\Users\carlos\AppData\Local\Temp\ccisq07e.s:394    .text.HAL_I2CEx_EnableFastModePlus:00000000 HAL_I2CEx_EnableFastModePlus
C:\Users\carlos\AppData\Local\Temp\ccisq07e.s:437    .text.HAL_I2CEx_EnableFastModePlus:00000024 $d
C:\Users\carlos\AppData\Local\Temp\ccisq07e.s:443    .text.HAL_I2CEx_DisableFastModePlus:00000000 $t
C:\Users\carlos\AppData\Local\Temp\ccisq07e.s:450    .text.HAL_I2CEx_DisableFastModePlus:00000000 HAL_I2CEx_DisableFastModePlus
C:\Users\carlos\AppData\Local\Temp\ccisq07e.s:493    .text.HAL_I2CEx_DisableFastModePlus:00000024 $d

NO UNDEFINED SYMBOLS
